

n x l . d o . l o k
J a l . g o
c i s . b a l . J i

J a l . g e

i l k . g o
J a l . J i . m a n
t a m . d v . l a . k o
i l . d a
n v p . g o
h a l . l x n

t a m . g o


p a l k . g e
J a l . g o
i k . n x n

i l k . g o

p a l . g e
t a m . g o
t a m . g o

n x N . n x n . t a . c a . n a
J a l . g i
n x k . n x n

J a p . g o
k x l k . J a . n a

P o k . n v l . g e

J a l . g e

J a l . g e
J a l . g o

m a l . g e
p a l . g i . k a

p a l k . g o



J a l . g e


y a l . d x n




p a k . g o
y a l . g e
J a l . g e
t a m . g i n


y a l . d a . p o . n i . g a
c v m . t a . k o
t a m . g o
i l . g o . n x n
J a l . g e
p a l . g o

c v m . g o
n v l . g e
t a m . J i
k x l . g o

k x k . n x n
m a l . g o
p a l . g o



J a l . d v . l a . n x n
J a l . g o


i l . g o
J a l p . g e
i l k . g o
k u m . n x n
t a l . g o
J a l . J i . m a n

c v m . g o
J a l p . g e
p a l . J i
t a m . g o
p a l . g o
y a l . g e


p a l . g e
k u l . n x n
i l k . g o . m a n
p a p . n x n
n x l . J a . n a . y o
m a l . g o
t a l . g i n
k u m . n x n


J a l p . g e
i l . g o

P o N . n v l . g e
i l . d a

k u l k . J i k . k u l k . J i k . K a . k e


p a l p . n x n
i l . J i
i l . g o
J a l . g e . l a . t o
t a l m . g o

h a l . g e
m a l . g o


t a N . g o

p a p . n x n
n x l k . g o


k u m . g o

J a l p . k e
k u m . t v n . k a

J a l p . g e
t a l m . g o






t a m . g o
c v m . c i . t o

n v p . J v k . h a . k o
m a l . g o
n v l . g o
t a l m . d a

c v m . g e
J a l . d a . m y v n

i l . g o



i N . n x n
n v l . d a . k o
J a l p . J a . n a . y o

m a l . g o
n v l p . S x m . n i . t a
i k . d a
J a l . g e

k u l m . g o
m a l . g o
p a l . l x n
n x l k . g u
n v l . g i
n v l . g e
p a l . g i
J a l . g e
p a l . J i . t o
s a m . g o
n v l . g o

J a l . g e
J a l . g e
i l . g o
n x l . g i . t o

J a l p . g e
J a l p . g o
J a l . g o

m a l . g o

J a l p . g e




k u m . n x n

i l . g o


t a m . d v . l a . k o . y o
J a l . g e
k v . T a l . k i . s i . k x . l o

i l . n x n
y a l p . g v . n a


p a l . g o
c v l m . g o
p a l k . g o
m a l . g o
i l . g o



J a l . g e
m a l . g o


i l . g o
p a l k . g e
i l . l x n
p a l . g o
t a m . g o
k u m . n x n . t a . n x n
t a m . g i n
n x N . n x n . t a . n i


c v m . d a . k o
J a l . d x n
p a l k . g e
p a l . g o
J a l p . g e


J a l . d a . k o
m a k . g e
J a l . g e . t o

n v l . g e
J a l . g e
P o k . n v l . g e
J a l p . g e

p a l . g o
n v l . g e
n v l . k o
m u l k . J i


J a l . g e
y a l . g e
i l . g o
i l . g o


p a l . g e
J a l . d a
t a m . g u

J a l . g e
i l . g o

J a l p . g e
J a l . g e
J a l . g e
t a m . n x n . t a
i l . g o

i l . n x n

p a l . g o

p a l k . g o
n v l . g e
n v l . d a
k u m . g o
t a l m . g o


y a l . g e
m a l . g o

p a l . d v . l a

t a m . g o
p a l . g i
i l . g o
k u m . g u
n x l . g o
J a l . g e
t a m . g o

J a l . g e
J a l . g e
n v l . g e



k u m . g o
J a l . g e
n x l . g i

i l . g o . s v

i l . J a . n a

m u l . g e

J a l . g o

n v l p . g o

i k . n x n
t a m . g o
i l . g o

p a l k . d a
y a l p . g e
h u l . K o



J a l . g e . l a . n x n

t a m . g o
i l . g o

J a l k . g o

p a l k . g e


P o N . n v l . g e

i N . n x n

P o N . n v l p . J i . n x n

c v m . g o
i l . g o


i l . g o
t a N . g o
i l . g o

c v m . g u
i l . g i


n v l p . g o
i l k . g i
J a l . g e
i l . g o

k x l k . g o
J a l . d a . k o
p a l . g o
S a l m . J i

i l . g o . m a n


t a m . g o
J a l . d a . k o

n v l . g o
J a l p . g e
y a l . g e
n v l . g i . t o

S a m . n x n
t a m . C i
J a l . g e
J a l . g e
J a l . d a . k o

i l . g o
n v l . g o

y a l p . g e

c v m . J a . n a . y o
p a l . g o


p a l p . g o
n v l p . s x m . n i . t a
i l . g o
p a l . g i



y a l p . g e

t a l m . g o
i l . g i

y a l k . g e
i k . n x n
i l . n x n

J a l . g o
J a l p . J i n
m a l . g o
y a l . g e
n x l . g i
J a l . d a . n x n

i l . n x n
c v m . g i . t o


p a t . J i


i l . g o
i l . g o




c i s . p a l p . n x n . t a . k o
J a l . g e
i l . g o

J a l . g o
m u l k . J i
p a l . g o
J a l . g e
i l . n x n . t a . k o
i l k . g o

n v l k . g u

n x l k . J a
t a m . g o
p a l . g o
S a m . n x n . t a . t x n . k a
n v l p . g o
i l . K o
J a l . g e

J a l k . g e
k u m . d x n . c i
k u l k . g o
i l k . n x n
n x N . n x n
k u m . g o
t a l m . g o
J a l p . d a
i l . g o
p a l p . g i . t o

i l . g o

J a l . d a . k a
i l . g o
J a l . g e
J a l . J a . n a
i l . K o
p a l k . g e

k u l . g o
J a l . J a . n a . y o

k u m . g u
t a m . g o

t a m . J i
p a l . g e
n v l p . g o
i l . g o . s v
p a l . g o

p a l . g o
n v l . g u
P o N . n v k . g e
p a l . g o
J a l . g e
m a l . g o
J a l . g e
J a l p . g e

i l . g i
J a l . g e

J a l . g o
i l . n x n
c v m . g o


J a l . g o

t a m . g o
n v p . g e

i k . n a . p w a . y o
J a l . g e
J a l p . J i . t o
J a l . g e
p a l . g e
m a l . g o
c v m . g i


p a k . d a . k o


p a l . g o
t a m . g o
m a l . g o
c v m . g o
J a l . g e

t a m . g o
k u m . n x n


p a l . g e
J a p . g e
n v l p . g e
c v m . g o
k x N . n x n . t a . k v . n a
J a l . d v . l a . k o . y o
i N . n x n
i l . g o
i k . g o
p a l p . g o
i l . g o


c v m . g o
i k . n x n
m a l . g u
J a l k . g e

J a l p . g i


i N . n x n
n x N . n x n . t a . n x n
t a l m . J i n

i k . d a

i k . J a . n a . y o
n v l . d a
t a l m . g o
t a l m . g o

n x l k . g i
p a l . d a . k o
k v t . T a l . g i . l o
n v l . d a . n x n
n v l p . g i . t o
J a l . J a . n a . y o
n v l p . g e
k u m . g u . n x n



k v . T a l . g i . s i . k x . l o

i k . n x n . k u . n a
p a l . g e
i l . g o
i l . g o
i l . g v . n a


J a l p . g e

c v m . g o
n v l . g e
p a l . g o
n v l . d a . k o
J a l . g e
c v m . g v . n a
k x l . K i l

P o k . n v l . g e
c v m . g o
p a l . g e
p a l . g e
y a l . g e
n v l . J i . m a . n x n
p a l . g o
i l . J i
n v l p . g o
p a l . g o



p a l . g o
J a l . g e . l a . t o
i l . n x n


J a l p . g e
J a l k . g e

p a l . g o
i l . g o
p a l . g o
J a l . g e
p a l . g o
J a l . g o
n v l p . g i n
n v l . g e
k u m . J i
t a m . J i



J a l . g e

J a l . g o
i l k . J i
k x N . n x n
p a l . g o
c v m . g i . t o
n v l . g e


n v l . g u

n v l . d a
c v l m . g v n
p a l . g e
J a l . g e
p a l . g o

i l . g o
J a l k . g e
p a l k . g o







y a l . g e
n v l p . g o
k u l m . g o . n x n


i l . g o
n v l p . J i
c i s . b a l p . n x n
J a l . g e

t a l m . g o
m a l . S x m . n i . g a
i l . g e
p a l . g o
t a m . n x n . t a . n x n
y a l p . d a

J a l . J i . m a . n x n


n v l . d a
m a l . g o
n v l k . g o
t a m . g o
J a l . g e

k x l . k o
n v l . g o
i k . n x n



c v m . g o


m a l . g o

J a l p . g e
n v l . g o

t a m . n x n
t a m . g o
i l k . g o
J a l p . d a
n v l p . g o

n x l . g i

J a l . g e . n x n

J a l p . g e
p a l . d a
t a m . g o

J a l . g e
n v p . J i
p a l . g o
i k . n x n . t e
c i s . p a l . g e
J a l . g e
k u m . g o

k x N . n x n

p a l . g o
c v m . g o
J a l . g e

J a l . g e . l a . t o
J a l p . g e
p a l k . g o
i k . n x n . t e . t o
c v m . J a . n a

n v l . g e
n v l p . J i
n v p . J i n

p a l k . g o
h a l . g o

t a m . J i
J a l . k o



i l . g o


J a l p . g e
t a N . g o

n v l . g e
J a l . d a
p a m . n x n . t a . n x n
J a l . g u
c v m . d a

p a l p . n x n
J a l . g e
p a l . g o
c v m . d a . k o
i l . g v . n a

J a l . g e
t a m . g i . n x n
k x l k . d a . k a
p a l . g i
i l . g o
n v l . g e


m u k . J i
p a l k . g o
n v l . g o
J a l p . g e
i l . g v . n a
p a l . g o

i l . g o


c v l m . d a
y a l . g e

J a l . g e . n x n

i l . g v . n a
p a l . g o
J a l . g e
c v m . d a . k o

p a l p . g o

y a l . g e
t a m . J i

i l . g i
J a l . g e
c v m . g o

n v l p . g u
J a l . g e
n x l . g i
J a l . g e
k u l . g e


J a l . g e . t o
i l k . g o


k u m . g o
c v m . g i . t u

p a l . g o
S a m . g u . s v
n v p . J a . n a . y o
i l . g o
J a p . g o
i l . g u
J a l . g e

J a l p . g o
J a p . g e



k u m . g o
k u l . g e
p a l . g o
i l . g o
p u l k . g e
J a l . d a . k v . n a
p a l p . n x n
p a l . g o
J a l . g e . n a . m a
J a l . d a

i l . g o
y a l . g e

t a m . g o
n v l p . J i . t o
y a l p . g e

i l . g u
t a m . g o
J a l . d a
J a l . g e
J a l . g e
k u m . g o
c v m . g v . n a


s a l m . g o
n v l . J i . k a


m a l . g o
n v l . g o
n x l . g o




J a l p . g e

t a l m . g o
J a l . g e
i l . g i . l a . t v n . k a
n v l . g e
J a l . g e
t a m . g o
t a m . g o
t a m . g u


p a l . g e
i k . n x n
m a l . g o
p a l . g o
y a l . g e

i l . g v . n a
i l k . k o
t a m . J i

n x N . n x n
n v l p . g o
n v l . J i . k a
n v l p . g e
t a m . g o
J a l k . g e

J a l p . g o
s a l m . s x m . n i . t a

J a l . g e




t a m . g o


J a p . n y a . k o
J a l . g i . t o
J a l . g e

t a m . g o

i l . g e
n v l k . g i . t o
J a l p . g o
i l . g o
n x N . n x n
i l . g o
p a l . g e
J a l p . g e



k u m . n x n

y a p . J a . n a

c v m . k o



p a l . g o

t a m . g o
J a l p . g e
m a l . g o
i l . g o
p a l k . g o
h e . m a l k . d a . k o
c v m . d a
t a m . g o
n v l . g o
i k . g i
J a l . g e

t a m . n x n

h e . m a l . d v n
J a l . g o
n x k . g u

c v m . d x n
i l . n x n
J a l p . g o
J a l k . g o
k u m . n x n

J a l k . g e . g a . c i . n x n


t a l m . g o
p a l . g v . n a
t a m . g o
i l k . d a

p a l k . g o
k u l . g e . l a . k o

J a l . g e
J a l . g e
J a l . g e


i N . n x n
k u m . g o
J a l p . g e
J a l . g e
n v l . g o
J a p . g e . n a . m a



k x l . c a . n a
p a p . J i

k u m . n x n . t a . k o
J a l . g e

t a m . n x n

n v l p . g e

c v m . g o
k v t . T a l . k i . s i . k x . l o
i l . g i

J a l . g e
n x l . g i

k x k . n x n

k x k . g o


J a l k . g e
i l . g v . n a

J a l . g i n
y a l . g e

n x l . g o
i l . g o

n v l . g o
y a l p . g e

J a l k . g e
t a m . g o


p a l . g o
J a l . g e
J a l p . g e

k u m . g o
y a l . g e
t a l m . g i


i l . g o


c v m . g o
k u l k . g o
t a m . g o

m a l . g o
J a l . J i . m a n
c i . l v . p a l . g o

c v m . J i
p a l . g i . t o
n v l . g i

m a l . g o
J a l k . g e . n x n
J a l . g e . n x n
t a m . g o
