k u l . g e
k u l . g e
k u l . g e
k u l . g e . l a . k o
k u l . g o
k u l . J i k . h a . k o
k u l m . g o . n x n
k u m . g o
k u m . g o
k u m . g o
k u m . g o
k u m . g o
k u m . g u
k u m . t v n . k a
k x k . g o
k x l . g v . n a
k x l . g o
k x l . K i l
g x l . g o
n v l . k o
n v l . g e
n v l . g e
n v l . g e
n v l . g e
n v l . g e
n v l . g o
n v l . g o
n v l . g o
n v l . g o
n v l . g o
n v l . g o
n v l . g o
n v l . g o
n v l . g o
n v l . g u
n v l . g i
n v l . d a
n v l . d a
n v l . d a . k o
n v l . d a . k o
n v l . J i . k a
n v l . J i . k a
n v l p . g e
n v l p . g e
n v l p . g e
n v l p . g o
n v l p . g o
n v l p . g o
n v l p . s x m . n i . t a
n v l p . J i n
n v p . g o
n v p . g o
n v p . J a . n a . y o
n v p . J v k . h a . k o
n x l . g i
n x l . g i
n x l . g i . n x n
n x l . d o . l o k
n x l . J a . k a
n x l . J a . n a . y o
n x l k . J a
t a l . g o
t a l m . g o
t a l m . g o
t a l m . g o
t a l m . g o
t a l m . g o
t a m . k o
t a m . g o
t a m . g o
t a m . g o
t a m . g o
t a m . g o
t a m . g o
t a m . g o
t a m . g o
t a m . g o
t a m . g o
t a m . g o
t a m . g o
t a m . g o
t a m . g o
t a m . g o
t a m . g o
t a m . g o
t a m . g o
t a m . g o
t a m . g o
t a m . g i n
t a m . g i n
t a m . g i . n x n
t a m . d v . l a . k o . y o
t a m . J i
t a m . J i
t a m . J i
t a m . J i
t a m . C i
m a k . g e
m a l . g o
m a l . g o
m a l . g o
m a l . g o
m a l . g o
m a l . g o
m a l . g o
m a l . g o
m a l . g o
m a l . g o
m a l . g o
m a l . g o
m a l . g u
m a l k . g o
m u k . J i
m u l . g e
p a k . d a . k o
p a l . g v . n a
p a l . g e
p a l . g e
p a l . g e
p a l . g e
p a l . g e
p a l . g o
p a l . g o
p a l . g o
p a l . g o
p a l . g o
p a l . g o
p a l . g o
p a l . g o
p a l . g o
p a l . g o
p a l . g o
p a l . g o
p a l . g o
p a l . g o
p a l . g o
p a l . g o
p a l . g o
p a l . g o
p a l . g o
p a l . g o
p a l . g o
p a l . g i . k a
p a l . g i . t o
p a l . d a . k o
p a l . J i . t o
p a l p . g o
p a p . g o
p a p . J i
s a l m . s x m . n i . t a
y a l . g e
y a l . g e
y a l . g e
y a l . g e
y a l . g e
y a l . g e
y a l . g e
y a l . g e
y a l . g e
y a l . g e
y a l . g e
y a l . g e
y a l . g o
y a l . g o
y a l . d a . p o . n i . g a
y a l . d x n
y a l p . g v . n a
y a l p . g e
y a l p . g e
y a l p . g e
y a l p . g e
y a l p . g e
i k . g e
i k . g o
i k . d a
i k . d x . l a . k o
i k . J a . n a . y o
i l . g v . n a
i l . g v . n a
i l . g v . n a
i l . g v . n a
i l . g v . n a
i l . g e
i l . g e
i l . g e . g x m
i l . g o
i l . g o
i l . g o
i l . g o
i l . g o
i l . g o
i l . g o
i l . g o
i l . g o
i l . g o
i l . g o
i l . g o
i l . g o
i l . g o
i l . g o
i l . g o
i l . g o
i l . g o
i l . g o
i l . g o
i l . g o
i l . g o
i l . g o
i l . g o
i l . g o
i l . g o
i l . g o
i l . g o
i l . g o
i l . g o
i l . g o
i l . g o
i l . g o
i l . g o
i l . g o
i l . g o
i l . g o
i l . g o
i l . g o . n x n
i l . g o . m a n
i l . g o . s v
i l . g o . s v
i l . g i
i l . g i
i l . g i
i l . g i
i l . g i . t o
i l . g i . l a . t v n . k a
i l . d a
i l . d a
i l . d a
i l . d a . k a
i l . d v n
i l . J a . n a
i l . J a . n a . y o
i l . J a . m a . c a
i l . J i
i l . K o
i l . K o
i l . K i
i l k . g o
i l k . g o
i l k . J i n
c v l m . d a
c v m . k o
c v m . g v . n a
c v m . g v . n a
c v m . g e
c v m . g o
c v m . g o
c v m . g o
c v m . g o
c v m . g o
c v m . g o
c v m . g o
c v m . g o
c v m . g o
c v m . g o
c v m . g o
c v m . g o
c v m . g o
c v m . g u
c v m . g i . t o
c v m . t a . k o
c v m . d a
c v m . d a
c v m . d a . k o
c v m . d a . k o
c v m . d a . k o
c v m . d a . k o
c v m . d a . k o
c v m . d a . k o
c v m . d a . l a . k o
c v m . d x n
c v m . S x m . n i . t a
c v m . c i . t o
c v m . J a . n a
c v m . J i
c v m . J i . m a n . y o
c i . l v . p a l . g o
c i s . p a l . g e
c i s . b a l . J i
J a k . g e
J a l . k o
J a l . g e
J a l . g e
J a l . g e
J a l . g e
J a l . g e
J a l . g e
J a l . g e
J a l . g e
J a l . g e
J a l . g e
J a l . g e
J a l . g e
J a l . g e
J a l . g e
J a l . g e
J a l . g e
J a l . g e
J a l . g e
J a l . g e
J a l . g e
J a l . g e
J a l . g e
J a l . g e
J a l . g e
J a l . g e
J a l . g e
J a l . g e
J a l . g e
J a l . g e
J a l . g e
J a l . g e
J a l . g e
J a l . g e
J a l . g e
J a l . g e
J a l . g e
J a l . g e
J a l . g e
J a l . g e
J a l . g e
J a l . g e
J a l . g e
J a l . g e
J a l . g e
J a l . g e
J a l . g e
J a l . g e
J a l . g e
J a l . g e
J a l . g e
J a l . g e
J a l . g e
J a l . g e
J a l . g e
J a l . g e
J a l . g e
J a l . g e
J a l . g e
J a l . g e
J a l . g e
J a l . g e
J a l . g e
J a l . g e
J a l . g e
J a l . g e . n a . m a
J a l . g e . n a . m a
J a l . g e . n a . m a
J a l . g e . n x n
J a l . g e . n x n
J a l . g e . t o
J a l . g e . l a . t o
J a l . g o
J a l . g o
J a l . g o
J a l . g o
J a l . g o
J a l . g o
J a l . g o
J a l . g o
J a l . g o
J a l . g o
J a l . g o
J a l . g i
J a l . g i . t o
J a l . g i n
J a l . d a
J a l . d a
J a l . d a . k v . n a
J a l . d a . k o
J a l . d a . k o
J a l . d a . k o
J a l . d a . k o
J a l . d a . n x n
J a l . d a . m y v n
J a l . d x n
J a l . J a . n a
J a l . J a . n a . y o
J a l . J i
J a l . J i . m a n
J a l . J i . m a . n x n
J a l . J i . m a n
J a l . J i . m a n
J a l p . k e
J a l p . g e
J a l p . g e
J a l p . g e
J a l p . g e
J a l p . g e
J a l p . g e
J a l p . g e
J a l p . g e
J a l p . g e
J a l p . g e
J a l p . g e
J a l p . g e
J a l p . g e
J a l p . g e
J a l p . g e
J a l p . g e
J a l p . g e
J a l p . g e . n x n
J a l p . g e . n x n
J a l p . g e . n x n
J a l p . g o
J a l p . g o
J a l p . g o
J a l p . d a . m y v n
J a l p . J a . n a
J a l p . J i n
J a p . g e
J a p . g e
J a p . g e
J a p . g e
J a p . g e . n a . m a
J a p . g o
J a p . g o
J a p . g i . t o
J a p . J i . t o
P o k . n v l . g e
P o k . n v l . g e
P o k . n v l . g e
P o k . n v l . g e
P o k . n v l . g e
P o k . n v l . g e
P o k . n v l p . g e
h a l . g e
h a l . g o
h a l . g o
h e . m a l . d v n
h e . m a l k . d a . k o
h u l . K o
t a m . g o
p a l k . g o
J a l p . d a
J a l . d v . l a . n x n
k v . T a l . g i . s i . k x . l o
k v . T a l . g i . s i . k x . l o
J a l p . g e
k v t . T a l . g i . l o
t a m . g o
J a l . d v . l a . k o . y o
k v t . T a l . k i . s i . k x . l o
k u l m . g o
k v . T a l . k i . s i . k x . l o
k v . T a l . g i . s i . k x . l o
i l . g o
p a l k . g o
y a l . g e
k x l . c a . n a
k x l k . J a . n a
m a k . d v . l a . k o . y o
n v l k . g o
p a k . g o
n v l p . d a n
k u l m . g o
p a l p . g o
n v l k . g i . t o
p a l k . g o
p a l . d v . l a
n v l p . g o
k u l k . g o
k u l k . g o
k u l k . J i k . k u l k . J i k . K a . k e
k u m . g o
k u m . g u
k u m . g u
k u m . g o
k u m . g u . n x n
k u m . d x n . c i
k u m . J i
J a l p . g e
J a l k . g e
i l k . d a
i k . d a
i l . g o
J a l . g o
i l . g o
c v l m . d a . n x n
y a l . g e
p a l . J i
i l . J i
i l . g o
i l . g o
n v l . g o
i l . g o
p a l . g o
J a l k . g e
k v t . T a l . g i . s i . k x . l o
t a m . g o
p a l k . g e
p u l k . g e
i l k . J i
n v l p . J i
p a l k . g e
y a l k . g e
J a l . d a
J a l k . g e
J a l . g e . t o
J a l . g e
i l . g e
i l . J i
p a l k . g e
t a m . g o
i l k . g o
i l . g o
J a l . g e
n v l p . g i n
J a l k . g e
i l . g o
J a l . d a . k a
J a l p . g e
J a l p . g e
J a l . g e
i l . g o
n v l . d a
J a l p . g e
m a l . S x m . n i . g a
n x k . g u
t a m . g o
c v l m . g o
J a l p . g e
p a l . g o
h u l . g i . t o
i l . g v . n a
J a l . g e
i l . g o
J a l k . g e
t a m . J i
t a l m . g o
J a l . g e
P o N . n v k . g e
P o N . n v l p . g e
J a l p . g e
P o N . n v l . g e
i l k . g i n
y a l . g e
t a m . g o
p a l . g o
J a l . g e
c v l m . g o
J a l p . g e
p a l . g i . t o
i l k . g o
J a l . g e
c v m . J a . n a . y o
t a m . g i n
p a l . g o
t a N . g o
J a l . g e
c v m . g i
t a m . g u
J a l . g e
J a l . g e
J a l p . g e
i l . g o
J a l p . g e . l a . t o
n v p . J i n
c v l p . g e
n v m . g o
J a l p . g e
J a l k . g e . g a . c i . n x n
J a l p . g o
n v l p . g e
k u m . g o
y a l . g e
J a l . g o
J a l k . g o
n v l . g u
t a l m . d a
J a l . g e
J a l . g e
J a l . g i
n v l . d a . n x n
i l . g u . s v . n x n
t a m . g o
n v l p . g o
t a m . g o
J a l . d a
t a N . g o
J a l p . d a
i l . g o
i l . g i
i l k . g o
i k . g o
k x l k . g o
k x l k . d a . k a
n v l p . g o
p a l . g o
J a l p . J i . m a n
J a l . g e
J a l p . g e
J a l . g o
J a l p . d a
p a l k . g o
i l . g o
i l k . k o
J a l . g e . n x n
J a l p . J i . t o
p a l p . g e
J a l p . g o
i k . g i
J a l . g e
p a l . g o
t a m . d v . l a . k o
m a l k . g o
n v l . g v . t x n
t a l m . g o
c v l m . g v n
n v l k . g u
t a l m . g o
c v m . d a . m y v n
c v m . g i . t o
m a l . g e
n v l . g e
n x l k . g i
m a l . g o
n x l k . g u
J a l . g e . l a . t o
p a l . g o
k u m . g o
J a l . g e
t a l m . g o
i l . g o
n v p . g e
n v l . d a
m a l . g o
y a l p . g e
J a l . g e
J a l k . g e
J a l . g e
J a l . g e
J a l . g e
n v l . g e
n v l . g e
n v l . g e
n v l . g e
n v l . g o
n v l p . g u
n v l . g o
n v l . g u
n v l . g o
n v l . g i
n v p . J i
n v l p . J i
m u l . g e
J a l . g e . t o
k u k . J a . n a
J a l . g e
p a l . g o
p a l . g e
i l . g i
n x l . g o
J a l p . g e . k v . t x n . n y v
n x l . g o
n x l . g o
n x l k . g i
n x l . J a . n a . y o
n v l p . g i . t o
J a l . g e . l a . n x n
c v m . g o
J a l p . g e
J a l p . g e
t a l m . g o
n v l . g e
p a l . g o
s a m . g o
t a m . g o
t a m . g o
t a l m . g o
t a m . g o
t a m . g o
t a m . g o
t a m . g o
t a m . g o
t a m . g o
t a m . g o
t a l m . g o
t a m . g u
t a m . g o
t a m . g o
t a l m . g i
t a m . J i
t a l m . g o
i l . g o
i l . g u
n v l . g e
n v l p . g e . n x n
n x l . g i
n x l . g i
n x l . g i
c v m . d a
p a l . g e
y a l . g e
J a l . g u
P o N . n v l . g e
J a l . g e
i l . g o
n v l p . g u
n v l . g i . t o
m a l . g o
p a l . g o
J a l . d a
n v l p . d v . l a . k o
i l . g o
J a l . J a . n a . y o
n v l . g i
p a t . J i
i l . g o
n v l p . J i . t o
p a l . g e
J a l p . g o
n v l p . g o
p a l p . g e t . d e
d v l . g o
n x l . g o
y a p . J a . n a
n v l p . g e
t a N . g o
t a m . g o
n v l . g e
n v l p . g e
k u m . g e
p a l . g o
c v m . g o
J a l . g e . l a . t o
P o N . n v l p . J i . n x n
n v l . g o
p a l . g o
J a l p . g e
J a l . g e
t a l m . g o
t a m . J i . n x n
t a l m . J i n
i l . g u
i l k . g o
J a l . g e
i l . g u
t a m . g o
m a l . g o
m a l . g o
m a l . g o
m a l . g o
m a l . g o
m a l . g u
m a l . g o
m a l . g o
m a l . g o
m a l . g o
m a l . g o
m a l . g o
i l . g o
t a l m . g o
i l k . g o
J a l p . g e
J a l k . g o
s a l m . g o
s a m . g o
S a l m . J i
s a l m . g o
i l k . g i
J a l . g e
n v l p . g e
n x l k . g o
p a l . g o
c v m . g i . t o
c v m . g i . t u
p a l . g o
n x l . g i . t o
m u l k . J i
m u l k . J i
J a l . g o
k u m . g v . n a
k u l . g e
J a l . g o
p a l . g o
J a l . g e
m a l k . d a . l a . k o
p a l . g v . n a
p a l k . g o
J a l k . g o
J a l k . g e
J a l . g e
J a l k . g e . n x n
J a l . g e . n x n
J a l . g e . l a . t o
i l . g v . n a
n v l . g o
m a l . g o
J a l p . g e
p a l k . g o
p a l . g i
y a l p . g e
y a l p . d a
J a l . g e
n v l . g e
p a l . g e
p a l k . g e
p a l . g e
p a l . g e
p a l . g e
p a l . g e
p a l . g e
p a l . g e
p a l . g o
p a l . g o
p a l k . g o
p a l k . g o
p a l . g o
p a l k . g o
p a l k . g o
p a l . g o
p a l k . g o
J a l p . g e
p a l . g o
p a l . g o
p a l . g o
p a l . g o
p a l k . g o
p a l k . g o
p a l . g i
p a l . g i
p a l . d a
n v l p . g o
p a l k . d a
p a l k . g o
p a t . J i . t o
p a l . g e
i l . g o
p a l . g o
p a l . g o . s v
p a l . g i
p a l p . g i . t o
k u m . g o
k u m . J i
k u m . g o
p a l p . g o
k x l . k o
n v l . J i . m a . n x n
p a l p . g o
J a l . J i . m a n
i l k . g o . m a n
J a l p . g i
i l . d a
J a l . g e
J a l . g e
J a l . g o
t a m . g o
p a l k . g e
y a l p . g e
n x l . g o
k u l . g o
p a l . g o
J a l p . J a . n a . y o
c v m . g o
n v l . g o
S a m . g u . s v
n v l p . S x m . n i . t a
t a m . g o
J a l . g e . n x n
n v l k . g o
n v l p . g o
p a l p . g o
t a l . g i n
p a l . g o
i l k . g o
n v l . g e
J a l . d a . k o
k u m . n x n
k u m . n x n
k u m . n x n
k u m . n x n
k u m . n x n
k u m . n x n . t a . k o
k u m . n x n . t a . n x n
k x k . n x n
k x k . n x n
n x k . n x n
n x l . n x n
t a m . n x n
t a m . n x n . t a
t a m . n x n . t a . k o
t a m . n x n . t a . n x n
p a l . n x n
p a p . n x n
p a p . n x n
p a p . n x n
p a p . n x n
S a m . n x n
S a m . n x n . t a . t x n . k a
i k . n a . p w a . y o
i k . n x n
i k . n x n
i k . n x n
i k . n x n
i k . n x n
i k . n x n
i k . n x n
i k . n x n
i k . n x n . k u . n a
i k . n x n . t a . n x n
i k . n x n . t a . t x n . k a
i k . n x n . t e
i k . n x n . t e . t o
i l . n x n
i l . n x n
i l . n x n
i l . n x n
i l . n x n
i l . n x n
i l . n x n
i l . n x n
i l . n x n . t a . k v . n a
i l . n x n . t a . t v n . k a
i l . n x n . t a . t x n . k a
i l k . n x n
i l k . n x n . t e
i N . n x n
i N . n x n
i N . n x n
i N . n x n . t a . t v n . k a
c i s . p a l p . n x n . t a . k o
c i s . b a l p . n x n
h a l . l x n
h a l . l x n
k u l . n x n
i l . l x n
S a m . n x n . t a . t x N . k a
k u m . n x n
n x N . n x n
i N . n x n
n x N . n x n
i l k . n x n . t a . t x n . c i
i N . n x n
i N . n x n . t a . t v N . k a
k x N . n x n
p a l p . n x n
n x N . n x n
i l . n x n
k x N . n x n
p a m . n x n . t a . n x n
i N . n x n . t e
i N . n x n
i l . n x n . t a . k o
t a l . m x n . t a . k o
p a l p . n x n
i l k . n x n
t a m . n x n
p a l p . n x n
p a l m . n x n
n x N . n x n . t a . c a . n a
i N . n x n . t e
t a m . n x n . t a . m y v n . s v
J a p . n y a . k o
p a l p . n x n
S a m . n x n
t a m . n x n
n x N . n x n . t a . n x n
n x N . n x n . t a
n x N . n x n . t a . n i
i N . n x n
k x N . n x n . t a . k v . n a
p a l . l x n
J a l . p a
J a l . p a c i c i
J a l . p a c i k o
J a l . p a c i n i g a
J a l . p a c i n x n
J a l . p a c i n x n t e y o
J a l . p a c i n
J a l . p a c i n t a n x n
J a l . p a c i n t a t x n c i
J a l . p a c y v
J a l . p a c y v k a c i k o
J a l . p a c y v s v
J a l . p a c y v S k u n a l a n x n
J a l . p a c y v S n x n t e
J a l . p a c y v S t a
J a l . p a c y v S t a k o
J a l . p a c y v S t a n x n
J a l . p a c y v S x m y v n
J a l . p a k a c i k o
J a l . p a s v
J a l . p a t o
J a l . p a y o
J a l . p a S k i
J a l . p a S k v t x n y o
J a l . p a S n x n t e
J a l . p a S t a n x n
J a l . p a S t v n
J a l . p a S v y o
J a l . p x
J a l . p x m y v n
J a l . p x n i g a
J a l . p x l
J a l . p x n
J a l . p x n t e
J a l . p x n t e t o
P o k n v l . p x n
c i l . m v c i k e S t a
c i l . m v c i k o
c i l . m v c i l y v k o
c i l . m v c i n x n
c i l . m v c i l
c i l . m v c i l g a
c i l . m v c y v t o
c i l . m v c y v y a
c i s p a l . p a p v l i n
c i s p a l . p a S t v n
c v l . m v
c v l . m v c i k o
c v l . m v c i n i g a
c v l . m v c i n x n
c v l . m v c i n
c v l . m v k a c i k o
c v l . m v s v
c v l . m v s v n x n
c v l . m v s v p u T v
c v l . m v s v t o
c v l . m v y o
c v l . m v S
c v l . m v S c a n h a y o
c v l . m v S k e S c y o
c v l . m v S v S t v n
c v l . m v S x m y v n
c v l . m v S x m y v n x n
c v l . m v S x n i g a
c v l . m v S x l
c v l . m x
c v l . m x n a
c v l . m x n i g a
c v l . m x n i g a n
c v l . m x s i c a n h a y o
c v l . m x s i k i n x n
c v l . m x s i n i g a
c v l . m x s i t a
c v l . m x s i l
c v l . m x s i n
c v l . m x s i n t e
c v l . m x s y v k a c i k o
c v l . m x s y v k a c k o
c v l . m x s y v s v
c v l . m x s y v S k v t x n y o
c v l . m x s y v S x l
c v l . m x l
c v l . m x m
c v l . m x m x l
c v l . m x n
c v l . m x n C x N i n a
c v l . m x n C x N x l o
c v l . m x n C x N x y
c v l . m x n i
c v l . m x n i k a
c v l . m x n i l a m y v n
c v l . m x n i l a n x n
c v l . m x n i m a n
c v l . m x n i n i g a
c v l . m x n i t a
c v l . m x n i t x l
c v l . m x n i t x l e
c v l . m x n i t x l e k e
c v l . m x n i t x l e k e t o
c v l . m x n i t x l h a n T e
c v l . m x n i t x l h a n T e t o
c v l . m x n i t x l i
c v l . m x n i t x l i n a
c v l . m x n i t x l i v S x m y v n
c v l . m x n i t x l t a p c i
c v l . m x n i t x l t o
c v l . m x n i t x l x l
c v l . m x n i t x l x n
c v l . m x n i t x l x y
c v l . m x n i x y
c v l . m x n t e
h a l . T a c u k o
h a l . T a c u k v n a
h a l . T a c u t v l a k o
h a l . T a c u n t a t x n k a
h a l . T a k a m y v n s v
h a l . T a s v
h a l . T a y o
h a l . T a S x l
h a l . T x m y v n
h e m a l . k x m
h u l . T v
h u l . T v p o k o
h u l . T v p o m y v n
h u l . T v p o m y v n s v
h u l . T v p o s i n
h u l . T v p o t a k a
h u l . T v p o t v n i
h u l . T v p w a y a
i l . k v
i l . k v c i n
i l . k v c u c a
i l . k v c u k e
i l . k v c u k i n
i l . k v c u k o
i l . k v c u k v n a
i l . k v c u m y v n
i l . k v c u m y v n s v
i l . k v c u n x n
i l . k v c u n x n t e
i l . k v c u s i k i t o
i l . k v c u s i k v t x n
i l . k v c u n
i l . k v c w v S k v t x n
i l . k v c y v s v
i l . k v k a n x n
i l . k v l a
i l . k v n e k o
i l . k v n e n x n
i l . k v p o c i
i l . k v p o c i n x n
i l . k v p o c i n
i l . k v p o k i e
i l . k v p o k i n x n
i l . k v p o k i n
i l . k v p o k o
i l . k v p o k o n x n
i l . k v p o l a k o
i l . k v p o l v
i l . k v p o m y v n
i l . k v p o m y v n s v
i l . k v p o m y v n x n
i l . k v p o n i g a
i l . k v p o n x n
i l . k v p o s i n x n
i l . k v p o s i n t a k o
i l . k v p o s y v S c y o
i l . k v p o s y v S v y o
i l . k v p o s y v S x l g a y o
i l . k v p o l
i l . k v p o n
i l . k v p w a c u l k e
i l . k v p w a t o
i l . k v p w a S k o y o
i l . k v p w a S k v t x n y o
i l . k v p w a S n x n t e
i l . k v p w a S n x n t e y o
i l . k v p w a S t a n
i l . k v p w a S t v n
i l . k v p w a S v
i l . k v p w a S v y o
i l . k v p w a S x l
i l . k v s v
i l . k v t o
i l . k v t x l i p n i
i l . k v y a
i l . k v y a c i
i l . k v y a c i l a k o
i l . k v y a k e S t a
i l . k v y o
i l . k v S c a n h a
i l . k v S k i
i l . k v S k o
i l . k v S k v t x n
i l . k v S k v t x n y o
i l . k v S n x n t e
i l . k v S n x n t e y o
i l . k v S t a
i l . k v S t a k o
i l . k v S t v n
i l . k v S v
i l . k v S v y o
i l . k v S v S k v t x n
i l . k v S v S k v t x n y o
i l . k v S v S n x n
i l . k v S v S n x n t e
i l . k v S v S n x n t e y o
i l . k v S v S s x p n i t a
i l . k v S x
i l . k v S x l
i l . k x l a
i l . k x l y v k o
i l . k x m y v n
i l . k x m y v n s v
i l . k x m y v n s v t o
i l . k x m y v n x n
i l . k x n i g a
i l . k x s e y o
i l . k x s i n x n
i l . k x s i n x n c i
i l . k x s y v s v
i l . k x s y v S k e S v y o
i l . k x l
i l . k x n
k a l . k a
k a l . k a m v k k o
k a l . k a m v k n x n
k a l . k a m v k x n
k o l . m a
k o l . m x l
k u l . k v c i k o
k u l . k v S k o
k u l . k v S v y o
k u l . k x n
k u l . m v
k u l . m v k a m y v n s v
k u l . m v s v
k u l . m v t o
k u l . m v y a
k u l . m v S c i
k u l . m v S v y o
k u l . m v S x m y v n
k u l . m x m y v n
k u l . m x m y v n s v
k u l . m x m y v n x n
k u l . m x l
k x l . k v
k x l . k v c w v S c y o
k x l . k v c w v S n x n t e
k x l . k v m v k k o
k x l . k v m v k t v n i m a n
k x l . k v s v
k x l . k v t o
k x l . k v y o
k x l . k v S t a n x n
k x l . k v S t v n
k x l . k x l y v k o
k x l . k x m y v n
k x l . k x m y v n s v
k x l . k x l
k x l . k x n
m a l . k a
m a l . k a c i k e
m a l . k a c i k o
m a l . k a c i n x n
m a l . k a c i n
m a l . k a c i n t a k o
m a l . k a c y v y o
m a l . k a s v
m a l . k a t o
m a l . k a y o
m a l . k a S t a k a
m a l . k a S t v n
m a l . k a S v S k v t x n y o
m a l . k a S x m y v n
m a l . k x m y v n
m a l . k x m y v n s v
m a l . k x l
m a l . k x n
n a l . k a
n a l . k a c y v S x l
n a l . k a s v
n a l . k a S k o
n a l . k x n
n v l . p i d w i k i
n v l . p v
n v l . p v c i k e S t a
n v l . p v c i k i
n v l . p v c i k o
n v l . p v c i m y v n
n v l . p v c i m y v n s v
n v l . p v c i n x n
n v l . p v c i n x n k u n a
n v l . p v c i l
n v l . p v c i l s u l o k
n v l . p v c i n
n v l . p v c i n t a
n v l . p v c i n t a k o
n v l . p v c i n t a n x n
n v l . p v c y v S n x n t e
n v l . p v c y v S t a
n v l . p v c y v S t a k o
n v l . p v c y v S v y o
n v l . p v c y v S x m y v n
n v l . p v k a c i k o
n v l . p v s v
n v l . p v y a
n v l . p v y a c i
n v l . p v y o
n v l . p v S c i
n v l . p v S k o
n v l . p v S n x n t e
n v l . p v S v
n v l . p v S v s v
n v l . p v S x m y v n
n v l . p x m y v n
n v l . p x n i g a
n v l . p x n i g a n
n v l . p x l
n v l . p x m i
n v l . p x n
n v l . p x n t e
n v l . p x n t e t o
n x l . k v
n x l . k v c i
n x l . k v k a c a n h a y o
n x l . k v k a c i k o
n x l . k v k a k o
n x l . k v k a m y v n s v
n x l . k v k a n i g a
n x l . k v k a n x n
n x l . k v k a n x n k u n a
n x l . k v k a n x n k u n a l a n x n
n x l . k v k a s i k o
n x l . k v k a t a
n x l . k v k a c k o
n x l . k v k a l g a p w a
n x l . k v k a n t a n x n
n x l . k v p v l i m y v n x n
n x l . k v s v
n x l . k v s v g a c i
n x l . k v s v g a c i t o
n x l . k v s v n x n
n x l . k v s v t o
n x l . k v t o
n x l . k v S
n x l . k v S c i m a n
n x l . k v S c y o
n x l . k v S k u n a
n x l . k v S n a
n x l . k v S t a
n x l . k v S t a k o
n x l . k v S t a l a n x n
n x l . k v S t v l a k o y o
n x l . k v S v y o
n x l . k v S x n i g a
n x l . k v S x l
n x l . k x m y v n
n x l . k x m y v n x n
n x l . k x s y v S n x n t e
n x l . k x l
n x l . k x n
n x l . k x n i
o l . k a m e s i n x n
o l . k a m e y a
o l . m a
o l . m a k a l
o l . m a w a s v
o l . m x l
p a l . k a
p a l . k a c i k o
p a l . k a c i l y v k o
p a l . k a c i m y v n s v
p a l . k a c i n x n
p a l . k a c i s i n
p a l . k a c i n
p a l . k a c y v S k o
p a l . k a c y v S t a k o
p a l . k a c y v S t a t x n k a
p a l . k a c y v S t v l a
p a l . k a c y v S t x n t e
p a l . k a k a c i k o
p a l . k a s v
p a l . k a y o
p a l . k a S t a k a
p a l . k x m y v n s v
p a l . k x n i g a
p a l . k x m i
p a l . k x m i l a k o
p a l . k x m x l
p a l . k x n
p a l . k x n t e
p a l . p a
p a l . p a k a c i k o
p a l . p a k a m y v n s v
p a l . p a n a k a y a
p a l . p a p o k o
p a l . p a s v
p a l . p a t o
p a l . p a y a
p a l . p a S n x n t e
p a l . p a S t a k o
p a l . p a S t v n
p a l . p a S x l
p a l . p x l y v k o
p a l . p x m y v n
p a l . p x m y v n s v
p a l . p x m y v n x n
p a l . p x s y v k a c i k o
p a l . p x l
p a l . p x n
p u l . k x n
p u l . k x n s e k
p u l . k x n s e k k w a
s a l . m a
s a l . m a c i m y v n
s a l . m a c u k v n a
s a l . m a k a c i k o
s a l . m a k a t x n k a
s a l . m a k a c k o
s a l . m a m v k k o
s a l . m a n o h x n
s a l . m a n w a S v
s a l . m a s v
s a l . m a s v t o
s a l . m a t o
s a l . m a y a
s a l . m v
s a l . m x
s a l . m x l a
s a l . m x l a k o
s a l . m x l o S v
s a l . m x m y v n
s a l . m x m y v n x n
s a l . m x s y v k a c k o
s a l . m x s y v S t a m y v n x n
s a l . m x n
t a l . m a
t a l . m a c y v S t a n x n
t a l . m a i S k o
t a l . m a i S t a k o
t a l . m a k a c i
t a l . m a k a c i k o
t a l . m a k a c i m a n x n
t a l . m a k a k i n
t a l . m a k a k o
t a l . m a k a l y v k o
t a l . m a k a n x n
t a l . m a k a s v
t a l . m a k a t v l a k o y o
t a l . m a k a l
t a l . m a k a n
t a l . m a k a n t a k o
t a l . m a k a n t a l a n x n
t a l . m a k a n t a n x n
t a l . m a s v
t a l . m a S
t a l . m a S c i m a n x n
t a l . m a S k e S c y o
t a l . m a S k o
t a l . m a S k u n a
t a l . m a S k v t x n y o
t a l . m a S n a
t a l . m a S n a y o
t a l . m a S n e
t a l . m a S n e l a n
t a l . m a S n x n c i
t a l . m a S n x n c i n x n
t a l . m a S n x n t e
t a l . m a S n x n t e y o
t a l . m a S n y a
t a l . m a S s x p n i g a
t a l . m a S s x p n i t a
t a l . m a S t a
t a l . m a S t a k a
t a l . m a S t a k o
t a l . m a S t a k o t o
t a l . m a S t a l a k o
t a l . m a S t a l a n x n
t a l . m a S t a n x n
t a l . m a S t a n
t a l . m a S t e y o
t a l . m a S t v l a
t a l . m a S v
t a l . m a S v y o
t a l . m a S x m y v n
t a l . m a S x n i g a
t a l . m a S x l g a
t a l . m a S x m
t a l . m v
t a l . m x k i n
t a l . m x l a
t a l . m x l y v k o
t a l . m x n i g a
t a l . m x s i n
t a l . m x s y v s v
t a l . m x s y v S n a y o
t a l . m x s y v S t a
t a l . m x s y v S v y o
t a l . m x l g a
t a l . m x m
t a l . m x n
t x n v l . p x n
x l . P v n o h k o
x l . P v p o l a k o
x l . P x m y v n s v
y a l . p a
y a l . p a c i c i m a n
y a l . p a c i n i g a n
y a l . p a s v
y a l . p a y o
y a l . p a S k o
y a l . p x n
y a l . p x n k a
