d o k g a t d e
u k g u
i S d a
s i p d e
m v k g u
b o p g i
g o t J a
p v k g u
p v t J a
c v l m x n
m v k J i
u k g i n
n v l p v
m i g x l v p d a
c o l l i p g i
i t d a
u k g i k e
k a t J i
d x k g o
p i t d a
i t J y o
t v l v p d a
v p d a
k a k g v t x n
u k g i n x N
k a k g u
i k g e g u n a
u g i n
i p J a
c a k g u
s i t d a
g o t J i
i k g e S v
v p J a n a
d o k g a t J a n a
p v k g y v
c u k g e S v
J i k g u
i k g o
s i l g u
c a k d v l a k o
g a k g o
m v k J i
k v t J i
c a k g o
k a k g u
i t g e
v p g u n a
i S x m n i t a
t a k g o
a t d a
k a p s i t a
p v t c a
s w i p t a
k a p S i t a
i t J a n v
i l k v t S v y o
g o C a
m v k g o
p v k g y v
i t J a n a
i l k . g i
J a l . d a
k a t g o
c a p g o
i k g o
i l k v
c a p g u
d x t C i n x n
i d a
c e m i t g e t d a
m u s v p J i
J i C i
c a p g i k a
J i t J i
c e m i t d e n t a
m v k g i
i l k v
k v k g e n n e
m v g u
v p C i
o N . k y v
v p d e
g a t J i
i t d v
k a k K u
i t d x n t e
d o k g a t d a
a s w i p d v l a k o y o
i t J a
m v k J a
i t J a n a
k v t J i
n v l p x n
c i p g u
p u t x l v p d a
i l k v k g o
t i t J i
C a k a p d a
k a g u
J a l p . g e
s i k g e t S v
p u t x l v p J i
m i g x l v p J i
i p g o
k a k g u
i g u
p a t J i y o
i t d v n i
i l k x l
l i p g o
p v t J a n a
m a s i k g e t d a
t i t J y v
C a t d a k a
s i k g u
v p k i
u k g i n
J o p J a n a
J i k g i
v p d e
k v t J i
i t J i
n x k g e
k a g o
i t d x l a
s i k g u
c v l m x l
t a l m a t d a k o
p a N k a p d a k o
k a t d a
p a l p . g o
u k g i m a n
C u p J a n a
b o k g i
p v k g i m y v n
k i S x m n i t a
c e m i t d e
p a n k a S x m n i t a
i k g u
t a k g i n e
m a t T a
n a t d a
m v k g e t S x m n i t a
p u t x l v p g o
n i p g o
p v g y v
k a t d a
i g u
k i t d a
i k g u n a
k a g o
i k g v t x n
i t d x l a
k a p y v p J i
i k g e n n e
s i k g e t d a
u k g i N
k i y v p d a
s i p g u
b o k g e t d a
n v l p . g i n
k o m a S x m n i t a
m v k t x l a k o
t v p g u n a
m a t d e
b o k g e S v
k w i y v p d a
J i t d a
s i p J i
i k g e n n x n t e
i k g u
p a n k a p S x m m i t a
t v l v p d a n
t v p J i
C u p c i
c e m i t d a
k a t d a
i l k x l
p a l p x m y v n
u t g i n x n
k x l k v t d a
k a k g i t u
C a t g o
i g u
v p T a
i k g e t d a
d a k J a
i l k . g u
C u p g e t d a
i t g u
m v k J i
i k g e t J i
i k g o
i k g u
v c i l v p d v l a k o
i t T a
s i t J i
d x t J i t o
v l y v p J i
p v g y v
c a p g u
m v k J i
J i k J a
i k g i
p a n k a p S x m n i t a
J a l p a
t a k g o
S i t J a
J a l p a
d x t J i n x n
k a p y v p g o
m a t J i m a n
i l k v
i p g u
t i p g o
J a l p . d a
i t d e y o
i l k x l
i g o
i k g i l l e
s i p d a
m u k v p d a
i t d e
i t J i
m v k g i
v p d a
s w i p J i
C u p d v l a
u g u
s i p S o
m u k g o
d o k g a t d a
m v k g u
