b o k g e t d a
v p g e S v y v
v p k i
v p t a
v p d a
v t d a
v p T a
v p J y v
v p C i
v p g o
v p g u n a
v p d a
v p d a
v p d e
v p d e
v p J a n a
v p J i
v p J i
J i C i
g o C a
J i t J i
g o t J a
g o t J i
m a t J i m a n
k a k K u
a g o
g a k g o
C a t g e S v
C a t g o
k a t g o
k a k g o
J i k g i
n x k g e
m a k g e t J i
k a k g u
k a g u
k a g o
a t d a
m a t T a
C a t d a k a
k a t d a
n a t d a
m a t d a
m a t d e
d a k J a
d a k J i
d a k g o
t a k g o
J i k J a
m v k J a
m v k J i
m v k J i
m v k J i
m v k J i
d o k g a t d a
c u k k e S v
m v k g o
c u k g e n n x n t e
c u k g e S v
d o k g a t d e
d o k g a t J a n a
m v k g e t d a
m v k g e t S x m n i t a
m v k g o
m v k g o
m v k g u
m v k g i
m v k g i
J i k g u
m v k g u
c a k g u
m v g u
m v g u
m v g o
m v k t x l a k o
J a k d a
m v k d a k a
m v k d o l o k
c a k d a
c a k d v l a k o
J o p J a n a
C u p c i
C a k a p J i
C u p J a n a
n u p J i
k a p y v p J i
t v p J i
m u s v p J i
m i g x l v p J i
s w i p J i
s i p J i
s i p J i
v l y v p J i
i p J a
c a p J a
c i k g u
b o k g e S v
b o k g i
i k g o
l i p g o
t i p g o
i k g u
l i k g o
n i p g o
c a k g o
k a p y v p g o
c o l l i p g i
C u p g e t d a
k w i y v p g u n a
t v p g u n a
m i g x l v p g i n
p u t x l v p g o
b o p g i
s i p g o
s i p g u
s i p g u
v l y v p g e
i p g o
c a p g o
c a p g o
c a p g u
c a p g i k a
c i p g u
i p g u
c a p g u
p a n k a S x m n i t a
p a n k a p S x m m i t a
k a p s i t a
k a p S i t a
p a n k a p S x m n i t a
s i p S o
k o m a S x m n i t a
k o m a S x m m i t a
v p g v t x n n y v
k i y v p d a
k i y v p d a
t v p t a
p a N k a p d a k o
s w i p t a
s i p t a
c o l l i p d a
C a k a p d a
C u p d v l a
k w i y v p d a
k w i y v p d a
n o p d a k o
t v l v p d a
t v l v p d a n
m u k v p d a
m u k v p d a
m i g x l v p d a
p u t x l v p d a
p u t x l v p J i
s i p d a
s i p d a
s i p d e
s i p d v l a k o
a s w i p d v l a k o y o
v l y v p d a
v c i l v p d v l a k o
p v t c a
i t J a n v
t i t J y v
s i t J i
t i t J i
c e m i t J i
n a t J i
p v t J a
p v t J a n a
S i t J a
i t J a
i t J a n a
i t J a n a
i t J y o
i t J i
i t J i
i t J i
p v k g i l l y v k o
u k g i n x N
u k g i N
s i k g e
m a s i g e
m a s i k g e
t i k g e
s i g e
i k g e g u n a
s i k g e t d a
m a s i k g e t d a
s i k g e t S v
i t g u
i k g u n a
i k g o
s i k g u
n i k g i
p v t g y v
u t g i n x n
i t g e
i t g o
c e m i t g e t d a
c e m i t g u n a
i k g o
i k g o
i k g u
i k g u
i k g i
i k g i n
i k g i l l e
p v k g u
u k g u
i k g u
p v g y v
p v g y v
u g u
u g i n
i g u
i g u
i g u
i g o
k i S x m n i t a
i S x m n i t a
s i t d a
J i t d a
s i t d a
i d a
m i t d a
k i t d a
i S d a
i t T a
i t d v
n i t d a
i t d e
i k g u
p i t d a
m i t d a
i t d x l a
i t d x l a
i t d x n t e
c e m i t d a
c e m i t d e
c e m i t d e n t a
i t d a
i t d a
i t d a
i t d e y o
i t d v n i
i t d v n t e
g a t J i
d x t C i n x n
k a t J i
k v t J i
k v t J i
k v t J i
d x t J i n x n
d x t J i t o
p a t J i y o
s i l g o
s i l g u
k a k g v t x n
k a k g o
k a k g u
k a k g u
k a k g i n
k v k g e n n e
t a k g o
t a k g i n e
t a k g i n t a
t x k g o
d x k g o
m u k g o
s i k g u
k a g o
d o k g a t d a
g a t d a
k a t d a
k a t d a
p a k g o
p v k g y v
p v k g y v
p v k g y v
p v k g o
p v k g i m y v n
u k g y v
u k g i k e
u k g i k i t o
u k g i m a n
u k g i n
u k g i n
i k g v n a
i k g v t x n
i k g e
i k g e n n e
i k g e n n x n t e
i k g e t d a
i k g e S v
i k g e t J i
g a k g i t u
m v k g u
k a k g i t u
i l g u
i l g o
i l k g u
i l k g i
i N n x n
J a l k g e
J a l p g e
J a l p d a
J a l d a
n v l p g i n
p a l p g o
o N k y v
g x l k v
i k v
i l k v t S v y o
J a l p a y o
n v l p x n
i l k v
i l k v
i l k v
i l k x l
i l k x l
i l k x l
c v l m x n
c v l m x l
J a l p a
J a l p a
n x l k v n n e y o
t a l m a n n e
t a l m a t d a k o
t a l m x n
k x l k v t d a
p a l p x m y v n
k x l k x s e y o
n v l p v
n v l p v
n v l p x n
i l k v k g o
