k u l . g e
k u l . g e
k u l . g e
k u l . g e
k u l . g e
k u l . g e
k u l . g e
k u l . g e
k u l . g e
k u l . g e
k u l . g e
k u l . g e
k u l . g e
k u l . g e
k u l . g e
k u l . g e . l a . k o
k u l . g e . l a . k o
k u l . g e . l a . k o
k u l . g e . l a . k o
k u l . g e . l a . k o
k u l . g o
k u l . g o
k u l . g o
k u l . g o
k u l . g o
k u l . J i k . h a . k o
k u l . J i k . h a . k o
k u l . J i k . h a . k o
k u l . J i k . h a . k o
k u l . J i k . h a . k o
k u l m . g o . n x n
k u l m . g o . n x n
k u l m . g o . n x n
k u l m . g o . n x n
k u l m . g o . n x n
k u m . g o
k u m . g o
k u m . g o
k u m . g o
k u m . g o
k u m . g o
k u m . g o
k u m . g o
k u m . g o
k u m . g o
k u m . g o
k u m . g o
k u m . g o
k u m . g o
k u m . g o
k u m . g o
k u m . g o
k u m . g o
k u m . g o
k u m . g o
k u m . g o
k u m . g o
k u m . g o
k u m . g o
k u m . g o
k u m . g u
k u m . g u
k u m . g u
k u m . g u
k u m . g u
k u m . t v n . k a
k u m . t v n . k a
k u m . t v n . k a
k u m . t v n . k a
k u m . t v n . k a
k x k . g o
k x k . g o
k x k . g o
k x k . g o
k x k . g o
k x l . g v . n a
k x l . g v . n a
k x l . g v . n a
k x l . g v . n a
k x l . g v . n a
k x l . g o
k x l . g o
k x l . g o
k x l . g o
k x l . g o
k x l . K i l
k x l . K i l
k x l . K i l
k x l . K i l
k x l . K i l
g x l . g o
g x l . g o
g x l . g o
g x l . g o
g x l . g o
n v l . k o
n v l . k o
n v l . k o
n v l . k o
n v l . k o
n v l . g e
n v l . g e
n v l . g e
n v l . g e
n v l . g e
n v l . g e
n v l . g e
n v l . g e
n v l . g e
n v l . g e
n v l . g e
n v l . g e
n v l . g e
n v l . g e
n v l . g e
n v l . g e
n v l . g e
n v l . g e
n v l . g e
n v l . g e
n v l . g e
n v l . g e
n v l . g e
n v l . g e
n v l . g e
n v l . g o
n v l . g o
n v l . g o
n v l . g o
n v l . g o
n v l . g o
n v l . g o
n v l . g o
n v l . g o
n v l . g o
n v l . g o
n v l . g o
n v l . g o
n v l . g o
n v l . g o
n v l . g o
n v l . g o
n v l . g o
n v l . g o
n v l . g o
n v l . g o
n v l . g o
n v l . g o
n v l . g o
n v l . g o
n v l . g o
n v l . g o
n v l . g o
n v l . g o
n v l . g o
n v l . g o
n v l . g o
n v l . g o
n v l . g o
n v l . g o
n v l . g o
n v l . g o
n v l . g o
n v l . g o
n v l . g o
n v l . g o
n v l . g o
n v l . g o
n v l . g o
n v l . g o
n v l . g u
n v l . g u
n v l . g u
n v l . g u
n v l . g u
n v l . g i
n v l . g i
n v l . g i
n v l . g i
n v l . g i
n v l . d a
n v l . d a
n v l . d a
n v l . d a
n v l . d a
n v l . d a
n v l . d a
n v l . d a
n v l . d a
n v l . d a
n v l . d a . k o
n v l . d a . k o
n v l . d a . k o
n v l . d a . k o
n v l . d a . k o
n v l . d a . k o
n v l . d a . k o
n v l . d a . k o
n v l . d a . k o
n v l . d a . k o
n v l . J i . k a
n v l . J i . k a
n v l . J i . k a
n v l . J i . k a
n v l . J i . k a
n v l . J i . k a
n v l . J i . k a
n v l . J i . k a
n v l . J i . k a
n v l . J i . k a
n v l p . g e
n v l p . g e
n v l p . g e
n v l p . g e
n v l p . g e
n v l p . g e
n v l p . g e
n v l p . g e
n v l p . g e
n v l p . g e
n v l p . g e
n v l p . g e
n v l p . g e
n v l p . g e
n v l p . g e
n v l p . g o
n v l p . g o
n v l p . g o
n v l p . g o
n v l p . g o
n v l p . g o
n v l p . g o
n v l p . g o
n v l p . g o
n v l p . g o
n v l p . g o
n v l p . g o
n v l p . g o
n v l p . g o
n v l p . g o
n v l p . s x m . n i . t a
n v l p . s x m . n i . t a
n v l p . s x m . n i . t a
n v l p . s x m . n i . t a
n v l p . s x m . n i . t a
n v l p . J i n
n v l p . J i n
n v l p . J i n
n v l p . J i n
n v l p . J i n
n v p . g o
n v p . g o
n v p . g o
n v p . g o
n v p . g o
n v p . g o
n v p . g o
n v p . g o
n v p . g o
n v p . g o
n v p . J a . n a . y o
n v p . J a . n a . y o
n v p . J a . n a . y o
n v p . J a . n a . y o
n v p . J a . n a . y o
n v p . J v k . h a . k o
n v p . J v k . h a . k o
n v p . J v k . h a . k o
n v p . J v k . h a . k o
n v p . J v k . h a . k o
n x l . g i
n x l . g i
n x l . g i
n x l . g i
n x l . g i
n x l . g i
n x l . g i
n x l . g i
n x l . g i
n x l . g i
n x l . g i . n x n
n x l . g i . n x n
n x l . g i . n x n
n x l . g i . n x n
n x l . g i . n x n
n x l . d o . l o k
n x l . d o . l o k
n x l . d o . l o k
n x l . d o . l o k
n x l . d o . l o k
n x l . J a . k a
n x l . J a . k a
n x l . J a . k a
n x l . J a . k a
n x l . J a . k a
n x l . J a . n a . y o
n x l . J a . n a . y o
n x l . J a . n a . y o
n x l . J a . n a . y o
n x l . J a . n a . y o
n x l k . J a
n x l k . J a
n x l k . J a
n x l k . J a
n x l k . J a
t a l . g o
t a l . g o
t a l . g o
t a l . g o
t a l . g o
t a l m . g o
t a l m . g o
t a l m . g o
t a l m . g o
t a l m . g o
t a l m . g o
t a l m . g o
t a l m . g o
t a l m . g o
t a l m . g o
t a l m . g o
t a l m . g o
t a l m . g o
t a l m . g o
t a l m . g o
t a l m . g o
t a l m . g o
t a l m . g o
t a l m . g o
t a l m . g o
t a l m . g o
t a l m . g o
t a l m . g o
t a l m . g o
t a l m . g o
t a m . k o
t a m . k o
t a m . k o
t a m . k o
t a m . k o
t a m . g o
t a m . g o
t a m . g o
t a m . g o
t a m . g o
t a m . g o
t a m . g o
t a m . g o
t a m . g o
t a m . g o
t a m . g o
t a m . g o
t a m . g o
t a m . g o
t a m . g o
t a m . g o
t a m . g o
t a m . g o
t a m . g o
t a m . g o
t a m . g o
t a m . g o
t a m . g o
t a m . g o
t a m . g o
t a m . g o
t a m . g o
t a m . g o
t a m . g o
t a m . g o
t a m . g o
t a m . g o
t a m . g o
t a m . g o
t a m . g o
t a m . g o
t a m . g o
t a m . g o
t a m . g o
t a m . g o
t a m . g o
t a m . g o
t a m . g o
t a m . g o
t a m . g o
t a m . g o
t a m . g o
t a m . g o
t a m . g o
t a m . g o
t a m . g o
t a m . g o
t a m . g o
t a m . g o
t a m . g o
t a m . g o
t a m . g o
t a m . g o
t a m . g o
t a m . g o
t a m . g o
t a m . g o
t a m . g o
t a m . g o
t a m . g o
t a m . g o
t a m . g o
t a m . g o
t a m . g o
t a m . g o
t a m . g o
t a m . g o
t a m . g o
t a m . g o
t a m . g o
t a m . g o
t a m . g o
t a m . g o
t a m . g o
t a m . g o
t a m . g o
t a m . g o
t a m . g o
t a m . g o
t a m . g o
t a m . g o
t a m . g o
t a m . g o
t a m . g o
t a m . g o
t a m . g o
t a m . g o
t a m . g o
t a m . g o
t a m . g o
t a m . g o
t a m . g o
t a m . g o
t a m . g o
t a m . g o
t a m . g i n
t a m . g i n
t a m . g i n
t a m . g i n
t a m . g i n
t a m . g i n
t a m . g i n
t a m . g i n
t a m . g i n
t a m . g i n
t a m . g i . n x n
t a m . g i . n x n
t a m . g i . n x n
t a m . g i . n x n
t a m . g i . n x n
t a m . d v . l a . k o . y o
t a m . d v . l a . k o . y o
t a m . d v . l a . k o . y o
t a m . d v . l a . k o . y o
t a m . d v . l a . k o . y o
t a m . J i
t a m . J i
t a m . J i
t a m . J i
t a m . J i
t a m . J i
t a m . J i
t a m . J i
t a m . J i
t a m . J i
t a m . J i
t a m . J i
t a m . J i
t a m . J i
t a m . J i
t a m . J i
t a m . J i
t a m . J i
t a m . J i
t a m . J i
t a m . C i
t a m . C i
t a m . C i
t a m . C i
t a m . C i
m a k . g e
m a k . g e
m a k . g e
m a k . g e
m a k . g e
m a l . g o
m a l . g o
m a l . g o
m a l . g o
m a l . g o
m a l . g o
m a l . g o
m a l . g o
m a l . g o
m a l . g o
m a l . g o
m a l . g o
m a l . g o
m a l . g o
m a l . g o
m a l . g o
m a l . g o
m a l . g o
m a l . g o
m a l . g o
m a l . g o
m a l . g o
m a l . g o
m a l . g o
m a l . g o
m a l . g o
m a l . g o
m a l . g o
m a l . g o
m a l . g o
m a l . g o
m a l . g o
m a l . g o
m a l . g o
m a l . g o
m a l . g o
m a l . g o
m a l . g o
m a l . g o
m a l . g o
m a l . g o
m a l . g o
m a l . g o
m a l . g o
m a l . g o
m a l . g o
m a l . g o
m a l . g o
m a l . g o
m a l . g o
m a l . g o
m a l . g o
m a l . g o
m a l . g o
m a l . g o
m a l . g o
m a l . g o
m a l . g o
m a l . g o
m a l . g o
m a l . g u
m a l . g u
m a l . g u
m a l . g u
m a l . g u
m a l k . g o
m a l k . g o
m a l k . g o
m a l k . g o
m a l k . g o
m u k . J i
m u k . J i
m u k . J i
m u k . J i
m u k . J i
m u l . g e
m u l . g e
m u l . g e
m u l . g e
m u l . g e
p a k . d a . k o
p a k . d a . k o
p a k . d a . k o
p a k . d a . k o
p a k . d a . k o
p a l . g v . n a
p a l . g v . n a
p a l . g v . n a
p a l . g v . n a
p a l . g v . n a
p a l . g e
p a l . g e
p a l . g e
p a l . g e
p a l . g e
p a l . g e
p a l . g e
p a l . g e
p a l . g e
p a l . g e
p a l . g e
p a l . g e
p a l . g e
p a l . g e
p a l . g e
p a l . g e
p a l . g e
p a l . g e
p a l . g e
p a l . g e
p a l . g e
p a l . g e
p a l . g e
p a l . g e
p a l . g e
p a l . g o
p a l . g o
p a l . g o
p a l . g o
p a l . g o
p a l . g o
p a l . g o
p a l . g o
p a l . g o
p a l . g o
p a l . g o
p a l . g o
p a l . g o
p a l . g o
p a l . g o
p a l . g o
p a l . g o
p a l . g o
p a l . g o
p a l . g o
p a l . g o
p a l . g o
p a l . g o
p a l . g o
p a l . g o
p a l . g o
p a l . g o
p a l . g o
p a l . g o
p a l . g o
p a l . g o
p a l . g o
p a l . g o
p a l . g o
p a l . g o
p a l . g o
p a l . g o
p a l . g o
p a l . g o
p a l . g o
p a l . g o
p a l . g o
p a l . g o
p a l . g o
p a l . g o
p a l . g o
p a l . g o
p a l . g o
p a l . g o
p a l . g o
p a l . g o
p a l . g o
p a l . g o
p a l . g o
p a l . g o
p a l . g o
p a l . g o
p a l . g o
p a l . g o
p a l . g o
p a l . g o
p a l . g o
p a l . g o
p a l . g o
p a l . g o
p a l . g o
p a l . g o
p a l . g o
p a l . g o
p a l . g o
p a l . g o
p a l . g o
p a l . g o
p a l . g o
p a l . g o
p a l . g o
p a l . g o
p a l . g o
p a l . g o
p a l . g o
p a l . g o
p a l . g o
p a l . g o
p a l . g o
p a l . g o
p a l . g o
p a l . g o
p a l . g o
p a l . g o
p a l . g o
p a l . g o
p a l . g o
p a l . g o
p a l . g o
p a l . g o
p a l . g o
p a l . g o
p a l . g o
p a l . g o
p a l . g o
p a l . g o
p a l . g o
p a l . g o
p a l . g o
p a l . g o
p a l . g i . k a
p a l . g i . k a
p a l . g i . k a
p a l . g i . k a
p a l . g i . k a
p a l . g i . t o
p a l . g i . t o
p a l . g i . t o
p a l . g i . t o
p a l . g i . t o
p a l . d a . k o
p a l . d a . k o
p a l . d a . k o
p a l . d a . k o
p a l . d a . k o
p a l . J i . t o
p a l . J i . t o
p a l . J i . t o
p a l . J i . t o
p a l . J i . t o
p a l p . g o
p a l p . g o
p a l p . g o
p a l p . g o
p a l p . g o
p a p . g o
p a p . g o
p a p . g o
p a p . g o
p a p . g o
p a p . J i
p a p . J i
p a p . J i
p a p . J i
p a p . J i
s a l m . s x m . n i . t a
s a l m . s x m . n i . t a
s a l m . s x m . n i . t a
s a l m . s x m . n i . t a
s a l m . s x m . n i . t a
y a l . g e
y a l . g e
y a l . g e
y a l . g e
y a l . g e
y a l . g e
y a l . g e
y a l . g e
y a l . g e
y a l . g e
y a l . g e
y a l . g e
y a l . g e
y a l . g e
y a l . g e
y a l . g e
y a l . g e
y a l . g e
y a l . g e
y a l . g e
y a l . g e
y a l . g e
y a l . g e
y a l . g e
y a l . g e
y a l . g e
y a l . g e
y a l . g e
y a l . g e
y a l . g e
y a l . g e
y a l . g e
y a l . g e
y a l . g e
y a l . g e
y a l . g e
y a l . g e
y a l . g e
y a l . g e
y a l . g e
y a l . g e
y a l . g e
y a l . g e
y a l . g e
y a l . g e
y a l . g e
y a l . g e
y a l . g e
y a l . g e
y a l . g e
y a l . g e
y a l . g e
y a l . g e
y a l . g e
y a l . g e
y a l . g e
y a l . g e
y a l . g e
y a l . g e
y a l . g e
y a l . g o
y a l . g o
y a l . g o
y a l . g o
y a l . g o
y a l . g o
y a l . g o
y a l . g o
y a l . g o
y a l . g o
y a l . d a . p o . n i . g a
y a l . d a . p o . n i . g a
y a l . d a . p o . n i . g a
y a l . d a . p o . n i . g a
y a l . d a . p o . n i . g a
y a l . d x n
y a l . d x n
y a l . d x n
y a l . d x n
y a l . d x n
y a l p . g v . n a
y a l p . g v . n a
y a l p . g v . n a
y a l p . g v . n a
y a l p . g v . n a
y a l p . g e
y a l p . g e
y a l p . g e
y a l p . g e
y a l p . g e
y a l p . g e
y a l p . g e
y a l p . g e
y a l p . g e
y a l p . g e
y a l p . g e
y a l p . g e
y a l p . g e
y a l p . g e
y a l p . g e
y a l p . g e
y a l p . g e
y a l p . g e
y a l p . g e
y a l p . g e
y a l p . g e
y a l p . g e
y a l p . g e
y a l p . g e
y a l p . g e
i k . g e
i k . g e
i k . g e
i k . g e
i k . g e
i k . g o
i k . g o
i k . g o
i k . g o
i k . g o
i k . d a
i k . d a
i k . d a
i k . d a
i k . d a
i k . d x . l a . k o
i k . d x . l a . k o
i k . d x . l a . k o
i k . d x . l a . k o
i k . d x . l a . k o
i k . J a . n a . y o
i k . J a . n a . y o
i k . J a . n a . y o
i k . J a . n a . y o
i k . J a . n a . y o
i l . g v . n a
i l . g v . n a
i l . g v . n a
i l . g v . n a
i l . g v . n a
i l . g v . n a
i l . g v . n a
i l . g v . n a
i l . g v . n a
i l . g v . n a
i l . g v . n a
i l . g v . n a
i l . g v . n a
i l . g v . n a
i l . g v . n a
i l . g v . n a
i l . g v . n a
i l . g v . n a
i l . g v . n a
i l . g v . n a
i l . g v . n a
i l . g v . n a
i l . g v . n a
i l . g v . n a
i l . g v . n a
i l . g e
i l . g e
i l . g e
i l . g e
i l . g e
i l . g e
i l . g e
i l . g e
i l . g e
i l . g e
i l . g e . g x m
i l . g e . g x m
i l . g e . g x m
i l . g e . g x m
i l . g e . g x m
i l . g o
i l . g o
i l . g o
i l . g o
i l . g o
i l . g o
i l . g o
i l . g o
i l . g o
i l . g o
i l . g o
i l . g o
i l . g o
i l . g o
i l . g o
i l . g o
i l . g o
i l . g o
i l . g o
i l . g o
i l . g o
i l . g o
i l . g o
i l . g o
i l . g o
i l . g o
i l . g o
i l . g o
i l . g o
i l . g o
i l . g o
i l . g o
i l . g o
i l . g o
i l . g o
i l . g o
i l . g o
i l . g o
i l . g o
i l . g o
i l . g o
i l . g o
i l . g o
i l . g o
i l . g o
i l . g o
i l . g o
i l . g o
i l . g o
i l . g o
i l . g o
i l . g o
i l . g o
i l . g o
i l . g o
i l . g o
i l . g o
i l . g o
i l . g o
i l . g o
i l . g o
i l . g o
i l . g o
i l . g o
i l . g o
i l . g o
i l . g o
i l . g o
i l . g o
i l . g o
i l . g o
i l . g o
i l . g o
i l . g o
i l . g o
i l . g o
i l . g o
i l . g o
i l . g o
i l . g o
i l . g o
i l . g o
i l . g o
i l . g o
i l . g o
i l . g o
i l . g o
i l . g o
i l . g o
i l . g o
i l . g o
i l . g o
i l . g o
i l . g o
i l . g o
i l . g o
i l . g o
i l . g o
i l . g o
i l . g o
i l . g o
i l . g o
i l . g o
i l . g o
i l . g o
i l . g o
i l . g o
i l . g o
i l . g o
i l . g o
i l . g o
i l . g o
i l . g o
i l . g o
i l . g o
i l . g o
i l . g o
i l . g o
i l . g o
i l . g o
i l . g o
i l . g o
i l . g o
i l . g o
i l . g o
i l . g o
i l . g o
i l . g o
i l . g o
i l . g o
i l . g o
i l . g o
i l . g o
i l . g o
i l . g o
i l . g o
i l . g o
i l . g o
i l . g o
i l . g o
i l . g o
i l . g o
i l . g o
i l . g o
i l . g o
i l . g o
i l . g o
i l . g o
i l . g o
i l . g o
i l . g o
i l . g o
i l . g o
i l . g o
i l . g o
i l . g o
i l . g o
i l . g o
i l . g o
i l . g o
i l . g o
i l . g o
i l . g o
i l . g o
i l . g o
i l . g o
i l . g o
i l . g o
i l . g o
i l . g o
i l . g o
i l . g o
i l . g o
i l . g o
i l . g o
i l . g o
i l . g o
i l . g o
i l . g o
i l . g o
i l . g o
i l . g o
i l . g o
i l . g o
i l . g o
i l . g o
i l . g o
i l . g o
i l . g o
i l . g o
i l . g o . n x n
i l . g o . n x n
i l . g o . n x n
i l . g o . n x n
i l . g o . n x n
i l . g o . m a n
i l . g o . m a n
i l . g o . m a n
i l . g o . m a n
i l . g o . m a n
i l . g o . s v
i l . g o . s v
i l . g o . s v
i l . g o . s v
i l . g o . s v
i l . g o . s v
i l . g o . s v
i l . g o . s v
i l . g o . s v
i l . g o . s v
i l . g i
i l . g i
i l . g i
i l . g i
i l . g i
i l . g i
i l . g i
i l . g i
i l . g i
i l . g i
i l . g i
i l . g i
i l . g i
i l . g i
i l . g i
i l . g i
i l . g i
i l . g i
i l . g i
i l . g i
i l . g i . t o
i l . g i . t o
i l . g i . t o
i l . g i . t o
i l . g i . t o
i l . g i . l a . t v n . k a
i l . g i . l a . t v n . k a
i l . g i . l a . t v n . k a
i l . g i . l a . t v n . k a
i l . g i . l a . t v n . k a
i l . d a
i l . d a
i l . d a
i l . d a
i l . d a
i l . d a
i l . d a
i l . d a
i l . d a
i l . d a
i l . d a
i l . d a
i l . d a
i l . d a
i l . d a
i l . d a . k a
i l . d a . k a
i l . d a . k a
i l . d a . k a
i l . d a . k a
i l . d v n
i l . d v n
i l . d v n
i l . d v n
i l . d v n
i l . J a . n a
i l . J a . n a
i l . J a . n a
i l . J a . n a
i l . J a . n a
i l . J a . n a . y o
i l . J a . n a . y o
i l . J a . n a . y o
i l . J a . n a . y o
i l . J a . n a . y o
i l . J a . m a . c a
i l . J a . m a . c a
i l . J a . m a . c a
i l . J a . m a . c a
i l . J a . m a . c a
i l . J i
i l . J i
i l . J i
i l . J i
i l . J i
i l . K o
i l . K o
i l . K o
i l . K o
i l . K o
i l . K o
i l . K o
i l . K o
i l . K o
i l . K o
i l . K i
i l . K i
i l . K i
i l . K i
i l . K i
i l k . g o
i l k . g o
i l k . g o
i l k . g o
i l k . g o
i l k . g o
i l k . g o
i l k . g o
i l k . g o
i l k . g o
i l k . J i n
i l k . J i n
i l k . J i n
i l k . J i n
i l k . J i n
c v l m . d a
c v l m . d a
c v l m . d a
c v l m . d a
c v l m . d a
c v m . k o
c v m . k o
c v m . k o
c v m . k o
c v m . k o
c v m . g v . n a
c v m . g v . n a
c v m . g v . n a
c v m . g v . n a
c v m . g v . n a
c v m . g v . n a
c v m . g v . n a
c v m . g v . n a
c v m . g v . n a
c v m . g v . n a
c v m . g e
c v m . g e
c v m . g e
c v m . g e
c v m . g e
c v m . g o
c v m . g o
c v m . g o
c v m . g o
c v m . g o
c v m . g o
c v m . g o
c v m . g o
c v m . g o
c v m . g o
c v m . g o
c v m . g o
c v m . g o
c v m . g o
c v m . g o
c v m . g o
c v m . g o
c v m . g o
c v m . g o
c v m . g o
c v m . g o
c v m . g o
c v m . g o
c v m . g o
c v m . g o
c v m . g o
c v m . g o
c v m . g o
c v m . g o
c v m . g o
c v m . g o
c v m . g o
c v m . g o
c v m . g o
c v m . g o
c v m . g o
c v m . g o
c v m . g o
c v m . g o
c v m . g o
c v m . g o
c v m . g o
c v m . g o
c v m . g o
c v m . g o
c v m . g o
c v m . g o
c v m . g o
c v m . g o
c v m . g o
c v m . g o
c v m . g o
c v m . g o
c v m . g o
c v m . g o
c v m . g o
c v m . g o
c v m . g o
c v m . g o
c v m . g o
c v m . g o
c v m . g o
c v m . g o
c v m . g o
c v m . g o
c v m . g u
c v m . g u
c v m . g u
c v m . g u
c v m . g u
c v m . g i . t o
c v m . g i . t o
c v m . g i . t o
c v m . g i . t o
c v m . g i . t o
c v m . t a . k o
c v m . t a . k o
c v m . t a . k o
c v m . t a . k o
c v m . t a . k o
c v m . d a
c v m . d a
c v m . d a
c v m . d a
c v m . d a
c v m . d a
c v m . d a
c v m . d a
c v m . d a
c v m . d a
c v m . d a . k o
c v m . d a . k o
c v m . d a . k o
c v m . d a . k o
c v m . d a . k o
c v m . d a . k o
c v m . d a . k o
c v m . d a . k o
c v m . d a . k o
c v m . d a . k o
c v m . d a . k o
c v m . d a . k o
c v m . d a . k o
c v m . d a . k o
c v m . d a . k o
c v m . d a . k o
c v m . d a . k o
c v m . d a . k o
c v m . d a . k o
c v m . d a . k o
c v m . d a . k o
c v m . d a . k o
c v m . d a . k o
c v m . d a . k o
c v m . d a . k o
c v m . d a . k o
c v m . d a . k o
c v m . d a . k o
c v m . d a . k o
c v m . d a . k o
c v m . d a . l a . k o
c v m . d a . l a . k o
c v m . d a . l a . k o
c v m . d a . l a . k o
c v m . d a . l a . k o
c v m . d x n
c v m . d x n
c v m . d x n
c v m . d x n
c v m . d x n
c v m . S x m . n i . t a
c v m . S x m . n i . t a
c v m . S x m . n i . t a
c v m . * s x m . n i . t a
c v m . * s x m . n i . t a
c v m . c i . t o
c v m . c i . t o
c v m . c i . t o
c v m . c i . t o
c v m . c i . t o
c v m . J a . n a
c v m . J a . n a
c v m . J a . n a
c v m . J a . n a
c v m . J a . n a
c v m . J i
c v m . J i
c v m . J i
c v m . J i
c v m . J i
c v m . J i . m a n . y o
c v m . J i . m a n . y o
c v m . J i . m a n . y o
c v m . J i . m a n . y o
c v m . J i . m a n . y o
c i . l v . p a l . g o
c i . l v . p a l . g o
c i . l v . p a l . g o
c i . l v . p a l . g o
c i . l v . p a l . g o
c i s . p a l . g e
c i s . p a l . g e
c i s . p a l . g e
c i s . p a l . g e
c i s . p a l . g e
c i s . b a l . J i
c i s . b a l . J i
c i s . b a l . J i
c i s . b a l . J i
c i s . b a l . J i
J a k . g e
J a k . g e
J a k . g e
J a k . g e
J a k . g e
J a l . k o
J a l . k o
J a l . k o
J a l . k o
J a l . k o
J a l . g e
J a l . g e
J a l . g e
J a l . g e
J a l . g e
J a l . g e
J a l . g e
J a l . g e
J a l . g e
J a l . g e
J a l . g e
J a l . g e
J a l . g e
J a l . g e
J a l . g e
J a l . g e
J a l . g e
J a l . g e
J a l . g e
J a l . g e
J a l . g e
J a l . g e
J a l . g e
J a l . g e
J a l . g e
J a l . g e
J a l . g e
J a l . g e
J a l . g e
J a l . g e
J a l . g e
J a l . g e
J a l . g e
J a l . g e
J a l . g e
J a l . g e
J a l . g e
J a l . g e
J a l . g e
J a l . g e
J a l . g e
J a l . g e
J a l . g e
J a l . g e
J a l . g e
J a l . g e
J a l . g e
J a l . g e
J a l . g e
J a l . g e
J a l . g e
J a l . g e
J a l . g e
J a l . g e
J a l . g e
J a l . g e
J a l . g e
J a l . g e
J a l . g e
J a l . g e
J a l . g e
J a l . g e
J a l . g e
J a l . g e
J a l . g e
J a l . g e
J a l . g e
J a l . g e
J a l . g e
J a l . g e
J a l . g e
J a l . g e
J a l . g e
J a l . g e
J a l . g e
J a l . g e
J a l . g e
J a l . g e
J a l . g e
J a l . g e
J a l . g e
J a l . g e
J a l . g e
J a l . g e
J a l . g e
J a l . g e
J a l . g e
J a l . g e
J a l . g e
J a l . g e
J a l . g e
J a l . g e
J a l . g e
J a l . g e
J a l . g e
J a l . g e
J a l . g e
J a l . g e
J a l . g e
J a l . g e
J a l . g e
J a l . g e
J a l . g e
J a l . g e
J a l . g e
J a l . g e
J a l . g e
J a l . g e
J a l . g e
J a l . g e
J a l . g e
J a l . g e
J a l . g e
J a l . g e
J a l . g e
J a l . g e
J a l . g e
J a l . g e
J a l . g e
J a l . g e
J a l . g e
J a l . g e
J a l . g e
J a l . g e
J a l . g e
J a l . g e
J a l . g e
J a l . g e
J a l . g e
J a l . g e
J a l . g e
J a l . g e
J a l . g e
J a l . g e
J a l . g e
J a l . g e
J a l . g e
J a l . g e
J a l . g e
J a l . g e
J a l . g e
J a l . g e
J a l . g e
J a l . g e
J a l . g e
J a l . g e
J a l . g e
J a l . g e
J a l . g e
J a l . g e
J a l . g e
J a l . g e
J a l . g e
J a l . g e
J a l . g e
J a l . g e
J a l . g e
J a l . g e
J a l . g e
J a l . g e
J a l . g e
J a l . g e
J a l . g e
J a l . g e
J a l . g e
J a l . g e
J a l . g e
J a l . g e
J a l . g e
J a l . g e
J a l . g e
J a l . g e
J a l . g e
J a l . g e
J a l . g e
J a l . g e
J a l . g e
J a l . g e
J a l . g e
J a l . g e
J a l . g e
J a l . g e
J a l . g e
J a l . g e
J a l . g e
J a l . g e
J a l . g e
J a l . g e
J a l . g e
J a l . g e
J a l . g e
J a l . g e
J a l . g e
J a l . g e
J a l . g e
J a l . g e
J a l . g e
J a l . g e
J a l . g e
J a l . g e
J a l . g e
J a l . g e
J a l . g e
J a l . g e
J a l . g e
J a l . g e
J a l . g e
J a l . g e
J a l . g e
J a l . g e
J a l . g e
J a l . g e
J a l . g e
J a l . g e
J a l . g e
J a l . g e
J a l . g e
J a l . g e
J a l . g e
J a l . g e
J a l . g e
J a l . g e
J a l . g e
J a l . g e
J a l . g e
J a l . g e
J a l . g e
J a l . g e
J a l . g e
J a l . g e
J a l . g e
J a l . g e
J a l . g e
J a l . g e
J a l . g e
J a l . g e
J a l . g e
J a l . g e
J a l . g e
J a l . g e
J a l . g e
J a l . g e
J a l . g e
J a l . g e
J a l . g e
J a l . g e
J a l . g e
J a l . g e
J a l . g e
J a l . g e
J a l . g e
J a l . g e
J a l . g e
J a l . g e
J a l . g e
J a l . g e
J a l . g e
J a l . g e
J a l . g e
J a l . g e
J a l . g e
J a l . g e
J a l . g e
J a l . g e
J a l . g e
J a l . g e
J a l . g e
J a l . g e
J a l . g e
J a l . g e
J a l . g e
J a l . g e
J a l . g e
J a l . g e
J a l . g e
J a l . g e
J a l . g e
J a l . g e
J a l . g e
J a l . g e
J a l . g e
J a l . g e
J a l . g e
J a l . g e
J a l . g e
J a l . g e
J a l . g e
J a l . g e
J a l . g e
J a l . g e
J a l . g e
J a l . g e
J a l . g e
J a l . g e
J a l . g e
J a l . g e
J a l . g e
J a l . g e
J a l . g e
J a l . g e
J a l . g e
J a l . g e
J a l . g e
J a l . g e
J a l . g e
J a l . g e
J a l . g e
J a l . g e
J a l . g e
J a l . g e
J a l . g e
J a l . g e
J a l . g e
J a l . g e
J a l . g e
J a l . g e
J a l . g e
J a l . g e
J a l . g e
J a l . g e
J a l . g e . n a . m a
J a l . g e . n a . m a
J a l . g e . n a . m a
J a l . g e . n a . m a
J a l . g e . n a . m a
J a l . g e . n a . m a
J a l . g e . n a . m a
J a l . g e . n a . m a
J a l . g e . n a . m a
J a l . g e . n a . m a
J a l . g e . n a . m a
J a l . g e . n a . m a
J a l . g e . n a . m a
J a l . g e . n a . m a
J a l . g e . n a . m a
J a l . g e . n x n
J a l . g e . n x n
J a l . g e . n x n
J a l . g e . n x n
J a l . g e . n x n
J a l . g e . n x n
J a l . g e . n x n
J a l . g e . n x n
J a l . g e . n x n
J a l . g e . n x n
J a l . g e . t o
J a l . g e . t o
J a l . g e . t o
J a l . g e . t o
J a l . g e . t o
J a l . g e . l a . t o
J a l . g e . l a . t o
J a l . g e . l a . t o
J a l . g e . l a . t o
J a l . g e . l a . t o
J a l . g o
J a l . g o
J a l . g o
J a l . g o
J a l . g o
J a l . g o
J a l . g o
J a l . g o
J a l . g o
J a l . g o
J a l . g o
J a l . g o
J a l . g o
J a l . g o
J a l . g o
J a l . g o
J a l . g o
J a l . g o
J a l . g o
J a l . g o
J a l . g o
J a l . g o
J a l . g o
J a l . g o
J a l . g o
J a l . g o
J a l . g o
J a l . g o
J a l . g o
J a l . g o
J a l . g o
J a l . g o
J a l . g o
J a l . g o
J a l . g o
J a l . g o
J a l . g o
J a l . g o
J a l . g o
J a l . g o
J a l . g o
J a l . g o
J a l . g o
J a l . g o
J a l . g o
J a l . g o
J a l . g o
J a l . g o
J a l . g o
J a l . g o
J a l . g o
J a l . g o
J a l . g o
J a l . g o
J a l . g o
J a l . g i
J a l . g i
J a l . g i
J a l . g i
J a l . g i
J a l . g i . t o
J a l . g i . t o
J a l . g i . t o
J a l . g i . t o
J a l . g i . t o
J a l . g i n
J a l . g i n
J a l . g i n
J a l . g i n
J a l . g i n
J a l . d a
J a l . d a
J a l . d a
J a l . d a
J a l . d a
J a l . d a
J a l . d a
J a l . d a
J a l . d a
J a l . d a
J a l . d a . k v . n a
J a l . d a . k v . n a
J a l . d a . k v . n a
J a l . d a . k v . n a
J a l . d a . k v . n a
J a l . d a . k o
J a l . d a . k o
J a l . d a . k o
J a l . d a . k o
J a l . d a . k o
J a l . d a . k o
J a l . d a . k o
J a l . d a . k o
J a l . d a . k o
J a l . d a . k o
J a l . d a . k o
J a l . d a . k o
J a l . d a . k o
J a l . d a . k o
J a l . d a . k o
J a l . d a . k o
J a l . d a . k o
J a l . d a . k o
J a l . d a . k o
J a l . d a . k o
J a l . d a . n x n
J a l . d a . n x n
J a l . d a . n x n
J a l . d a . n x n
J a l . d a . n x n
J a l . d a . m y v n
J a l . d a . m y v n
J a l . d a . m y v n
J a l . d a . m y v n
J a l . d a . m y v n
J a l . d x n
J a l . d x n
J a l . d x n
J a l . d x n
J a l . d x n
J a l . J a . n a
J a l . J a . n a
J a l . J a . n a
J a l . J a . n a
J a l . J a . n a
J a l . J a . n a . y o
J a l . J a . n a . y o
J a l . J a . n a . y o
J a l . J a . n a . y o
J a l . J a . n a . y o
J a l . J i
J a l . J i
J a l . J i
J a l . J i
J a l . J i
J a l . J i . m a n
J a l . J i . m a n
J a l . J i . m a n
J a l . J i . m a n
J a l . J i . m a n
J a l . J i . m a . n x n
J a l . J i . m a . n x n
J a l . J i . m a . n x n
J a l . J i . m a . n x n
J a l . J i . m a . n x n
J a l . J i . m a n
J a l . J i . m a n
J a l . J i . m a n
J a l . J i . m a n
J a l . J i . m a n
J a l . J i . m a n
J a l . J i . m a n
J a l . J i . m a n
J a l . J i . m a n
J a l . J i . m a n
J a l p . k e
J a l p . k e
J a l p . k e
J a l p . k e
J a l p . k e
J a l p . g e
J a l p . g e
J a l p . g e
J a l p . g e
J a l p . g e
J a l p . g e
J a l p . g e
J a l p . g e
J a l p . g e
J a l p . g e
J a l p . g e
J a l p . g e
J a l p . g e
J a l p . g e
J a l p . g e
J a l p . g e
J a l p . g e
J a l p . g e
J a l p . g e
J a l p . g e
J a l p . g e
J a l p . g e
J a l p . g e
J a l p . g e
J a l p . g e
J a l p . g e
J a l p . g e
J a l p . g e
J a l p . g e
J a l p . g e
J a l p . g e
J a l p . g e
J a l p . g e
J a l p . g e
J a l p . g e
J a l p . g e
J a l p . g e
J a l p . g e
J a l p . g e
J a l p . g e
J a l p . g e
J a l p . g e
J a l p . g e
J a l p . g e
J a l p . g e
J a l p . g e
J a l p . g e
J a l p . g e
J a l p . g e
J a l p . g e
J a l p . g e
J a l p . g e
J a l p . g e
J a l p . g e
J a l p . g e
J a l p . g e
J a l p . g e
J a l p . g e
J a l p . g e
J a l p . g e
J a l p . g e
J a l p . g e
J a l p . g e
J a l p . g e
J a l p . g e
J a l p . g e
J a l p . g e
J a l p . g e
J a l p . g e
J a l p . g e
J a l p . g e
J a l p . g e
J a l p . g e
J a l p . g e
J a l p . g e
J a l p . g e
J a l p . g e
J a l p . g e
J a l p . g e
J a l p . g e
J a l p . g e
J a l p . g e
J a l p . g e
J a l p . g e
J a l p . g e
J a l p . g e . n x n
J a l p . g e . n x n
J a l p . g e . n x n
J a l p . g e . n x n
J a l p . g e . n x n
J a l p . g e . n x n
J a l p . g e . n x n
J a l p . g e . n x n
J a l p . g e . n x n
J a l p . g e . n x n
J a l p . g e . n x n
J a l p . g e . n x n
J a l p . g e . n x n
J a l p . g e . n x n
J a l p . g e . n x n
J a l p . g o
J a l p . g o
J a l p . g o
J a l p . g o
J a l p . g o
J a l p . g o
J a l p . g o
J a l p . g o
J a l p . g o
J a l p . g o
J a l p . g o
J a l p . g o
J a l p . g o
J a l p . g o
J a l p . g o
J a l p . d a . m y v n
J a l p . d a . m y v n
J a l p . d a . m y v n
J a l p . d a . m y v n
J a l p . d a . m y v n
J a l p . J a . n a
J a l p . J a . n a
J a l p . J a . n a
J a l p . J a . n a
J a l p . J a . n a
J a l p . J i n
J a l p . J i n
J a l p . J i n
J a l p . J i n
J a l p . J i n
J a p . g e
J a p . g e
J a p . g e
J a p . g e
J a p . g e
J a p . g e
J a p . g e
J a p . g e
J a p . g e
J a p . g e
J a p . g e
J a p . g e
J a p . g e
J a p . g e
J a p . g e
J a p . g e
J a p . g e
J a p . g e
J a p . g e
J a p . g e
J a p . g e . n a . m a
J a p . g e . n a . m a
J a p . g e . n a . m a
J a p . g e . n a . m a
J a p . g e . n a . m a
J a p . g o
J a p . g o
J a p . g o
J a p . g o
J a p . g o
J a p . g o
J a p . g o
J a p . g o
J a p . g o
J a p . g o
J a p . g i . t o
J a p . g i . t o
J a p . g i . t o
J a p . g i . t o
J a p . g i . t o
J a p . J i . t o
J a p . J i . t o
J a p . J i . t o
J a p . J i . t o
J a p . J i . t o
P o k . n v l . g e
P o k . n v l . g e
P o k . n v l . g e
P o k . n v l . g e
P o k . n v l . g e
P o k . n v l . g e
P o k . n v l . g e
P o k . n v l . g e
P o k . n v l . g e
P o k . n v l . g e
P o k . n v l . g e
P o k . n v l . g e
P o k . n v l . g e
P o k . n v l . g e
P o k . n v l . g e
P o k . n v l . g e
P o k . n v l . g e
P o k . n v l . g e
P o k . n v l . g e
P o k . n v l . g e
P o k . n v l . g e
P o k . n v l . g e
P o k . n v l . g e
P o k . n v l . g e
P o k . n v l . g e
P o k . n v l . g e
P o k . n v l . g e
P o k . n v l . g e
P o k . n v l . g e
P o k . n v l . g e
P o k . n v l p . g e
P o k . n v l p . g e
P o k . n v l p . g e
P o k . n v l p . g e
P o k . n v l p . g e
h a l . g e
h a l . g e
h a l . g e
h a l . g e
h a l . g e
h a l . g o
h a l . g o
h a l . g o
h a l . g o
h a l . g o
h a l . g o
h a l . g o
h a l . g o
h a l . g o
h a l . g o
h e . m a l . d v n
h e . m a l . d v n
h e . m a l . d v n
h e . m a l . d v n
h e . m a l . d v n
h e . m a l k . d a . k o
h e . m a l k . d a . k o
h e . m a l k . d a . k o
h e . m a l k . d a . k o
h e . m a l k . d a . k o
h u l . K o
h u l . K o
h u l . K o
h u l . K o
h u l . K o
t a m . g o
t a m . g o
t a m . g o
t a m . g o
t a m . g o
p a l k . g o
p a l k . g o
p a l k . g o
p a l k . g o
p a l k . g o
J a l p . d a
J a l p . d a
J a l p . d a
J a l p . d a
J a l p . d a
J a l . d v . l a . n x n
J a l . d v . l a . n x n
J a l . d v . l a . n x n
J a l . d v . l a . n x n
J a l . d v . l a . n x n
k v . T a l . g i . s i . k x . l o
k v . T a l . g i . s i . k x . l o
k v . T a l . g i . s i . k x . l o
k v . T a l . g i . s i . k x . l o
k v . T a l . g i . s i . k x . l o
k v . T a l . g i . s i . k x . l o
k v . T a l . g i . s i . k x . l o
k v . T a l . g i . s i . k x . l o
k v . T a l . g i . s i . k x . l o
k v . T a l . g i . s i . k x . l o
J a l p . g e
J a l p . g e
J a l p . g e
J a l p . g e
J a l p . g e
k v t . T a l . g i . l o
k v t . T a l . g i . l o
k v t . T a l . g i . l o
k v t . T a l . g i . l o
k v t . T a l . g i . l o
t a m . g o
t a m . g o
t a m . g o
t a m . g o
t a m . g o
J a l . d v . l a . k o . y o
J a l . d v . l a . k o . y o
J a l . d v . l a . k o . y o
J a l . d v . l a . k o . y o
J a l . d v . l a . k o . y o
k v t . T a l . k i . s i . k x . l o
k v t . T a l . k i . s i . k x . l o
k v t . T a l . k i . s i . k x . l o
k v t . T a l . k i . s i . k x . l o
k v t . T a l . k i . s i . k x . l o
k u l m . g o
k u l m . g o
k u l m . g o
k u l m . g o
k u l m . g o
k v . T a l . k i . s i . k x . l o
k v . T a l . k i . s i . k x . l o
k v . T a l . k i . s i . k x . l o
k v . T a l . k i . s i . k x . l o
k v . T a l . k i . s i . k x . l o
k v . T a l . g i . s i . k x . l o
k v . T a l . g i . s i . k x . l o
k v . T a l . g i . s i . k x . l o
k v . T a l . g i . s i . k x . l o
k v . T a l . g i . s i . k x . l o
i l . g o
i l . g o
i l . g o
i l . g o
i l . g o
p a l k . g o
p a l k . g o
p a l k . g o
p a l k . g o
p a l k . g o
y a l . g e
y a l . g e
y a l . g e
y a l . g e
y a l . g e
k x l . c a . n a
k x l . c a . n a
k x l . c a . n a
k x l . c a . n a
k x l . c a . n a
k x l k . J a . n a
k x l k . J a . n a
k x l k . J a . n a
k x l k . J a . n a
k x l k . J a . n a
m a k . d v . l a . k o . y o
m a k . d v . l a . k o . y o
m a k . d v . l a . k o . y o
m a k . d v . l a . k o . y o
m a k . d v . l a . k o . y o
n v l k . g o
n v l k . g o
n v l k . g o
n v l k . g o
n v l k . g o
p a k . g o
p a k . g o
p a k . g o
p a k . g o
p a k . g o
n v l p . d a n
n v l p . d a n
n v l p . d a n
n v l p . d a n
n v l p . d a n
k u l m . g o
k u l m . g o
k u l m . g o
k u l m . g o
k u l m . g o
p a l p . g o
p a l p . g o
p a l p . g o
p a l p . g o
p a l p . g o
n v l k . g i . t o
n v l k . g i . t o
n v l k . g i . t o
n v l k . g i . t o
n v l k . g i . t o
p a l k . g o
p a l k . g o
p a l k . g o
p a l k . g o
p a l k . g o
p a l . d v . l a
p a l . d v . l a
p a l . d v . l a
p a l . d v . l a
p a l . d v . l a
n v l p . g o
n v l p . g o
n v l p . g o
n v l p . g o
n v l p . g o
k u l k . g o
k u l k . g o
k u l k . g o
k u l k . g o
k u l k . g o
k u l k . g o
k u l k . g o
k u l k . g o
k u l k . g o
k u l k . g o
k u l k . J i k . k u l k . J i k . K a . k e
k u l k . J i k . k u l k . J i k . K a . k e
k u l k . J i k . k u l k . J i k . K a . k e
k u l k . J i k . k u l k . J i k . K a . k e
k u l k . J i k . k u l k . J i k . K a . k e
k u m . g o
k u m . g o
k u m . g o
k u m . g o
k u m . g o
k u m . g u
k u m . g u
k u m . g u
k u m . g u
k u m . g u
k u m . g u
k u m . g u
k u m . g u
k u m . g u
k u m . g u
k u m . g o
k u m . g o
k u m . g o
k u m . g o
k u m . g o
k u m . g u . n x n
k u m . g u . n x n
k u m . g u . n x n
k u m . g u . n x n
k u m . g u . n x n
k u m . d x n . c i
k u m . d x n . c i
k u m . d x n . c i
k u m . d x n . c i
k u m . d x n . c i
k u m . J i
k u m . J i
k u m . J i
k u m . J i
k u m . J i
J a l p . g e
J a l p . g e
J a l p . g e
J a l p . g e
J a l p . g e
J a l k . g e
J a l k . g e
J a l k . g e
J a l k . g e
J a l k . g e
i l k . d a
i l k . d a
i l k . d a
i l k . d a
i l k . d a
i k . d a
i k . d a
i k . d a
i k . d a
i k . d a
i l . g o
i l . g o
i l . g o
i l . g o
i l . g o
J a l . g o
J a l . g o
J a l . g o
J a l . g o
J a l . g o
i l . g o
i l . g o
i l . g o
i l . g o
i l . g o
c v l m . d a . n x n
c v l m . d a . n x n
c v l m . d a . n x n
c v l m . d a . n x n
c v l m . d a . n x n
y a l . g e
y a l . g e
y a l . g e
y a l . g e
y a l . g e
p a l . J i
p a l . J i
p a l . J i
p a l . J i
p a l . J i
i l . J i
i l . J i
i l . J i
i l . J i
i l . J i
i l . g o
i l . g o
i l . g o
i l . g o
i l . g o
i l . g o
i l . g o
i l . g o
i l . g o
i l . g o
n v l . g o
n v l . g o
n v l . g o
n v l . g o
n v l . g o
i l . g o
i l . g o
i l . g o
i l . g o
i l . g o
p a l . g o
p a l . g o
p a l . g o
p a l . g o
p a l . g o
J a l k . g e
J a l k . g e
J a l k . g e
J a l k . g e
J a l k . g e
k v t . T a l . g i . s i . k x . l o
k v t . T a l . g i . s i . k x . l o
k v t . T a l . g i . s i . k x . l o
k v t . T a l . g i . s i . k x . l o
k v t . T a l . g i . s i . k x . l o
t a m . g o
t a m . g o
t a m . g o
t a m . g o
t a m . g o
p a l k . g e
p a l k . g e
p a l k . g e
p a l k . g e
p a l k . g e
p u l k . g e
p u l k . g e
p u l k . g e
p u l k . g e
p u l k . g e
i l k . J i
i l k . J i
i l k . J i
i l k . J i
i l k . J i
n v l p . J i
n v l p . J i
n v l p . J i
n v l p . J i
n v l p . J i
p a l k . g e
p a l k . g e
p a l k . g e
p a l k . g e
p a l k . g e
y a l k . g e
y a l k . g e
y a l k . g e
y a l k . g e
y a l k . g e
J a l . d a
J a l . d a
J a l . d a
J a l . d a
J a l . d a
J a l k . g e
J a l k . g e
J a l k . g e
J a l k . g e
J a l k . g e
J a l . g e . t o
J a l . g e . t o
J a l . g e . t o
J a l . g e . t o
J a l . g e . t o
J a l . g e
J a l . g e
J a l . g e
J a l . g e
J a l . g e
i l . g e
i l . g e
i l . g e
i l . g e
i l . g e
i l . J i
i l . J i
i l . J i
i l . J i
i l . J i
p a l k . g e
p a l k . g e
p a l k . g e
p a l k . g e
p a l k . g e
t a m . g o
t a m . g o
t a m . g o
t a m . g o
t a m . g o
i l k . g o
i l k . g o
i l k . g o
i l k . g o
i l k . g o
i l . g o
i l . g o
i l . g o
i l . g o
i l . g o
J a l . g e
J a l . g e
J a l . g e
J a l . g e
J a l . g e
n v l p . g i n
n v l p . g i n
n v l p . g i n
n v l p . g i n
n v l p . g i n
J a l k . g e
J a l k . g e
J a l k . g e
J a l k . g e
J a l k . g e
i l . g o
i l . g o
i l . g o
i l . g o
i l . g o
J a l . d a . k a
J a l . d a . k a
J a l . d a . k a
J a l . d a . k a
J a l . d a . k a
J a l p . g e
J a l p . g e
J a l p . g e
J a l p . g e
J a l p . g e
J a l p . g e
J a l p . g e
J a l p . g e
J a l p . g e
J a l p . g e
J a l . g e
J a l . g e
J a l . g e
J a l . g e
J a l . g e
i l . g o
i l . g o
i l . g o
i l . g o
i l . g o
n v l . d a
n v l . d a
n v l . d a
n v l . d a
n v l . d a
J a l p . g e
J a l p . g e
J a l p . g e
J a l p . g e
J a l p . g e
m a l . S x m . n i . g a
m a l . S x m . n i . g a
m a l . S x m . n i . g a
m a l . * s x m . n i . g a
m a l . * s x m . n i . g a
n x k . g u
n x k . g u
n x k . g u
n x k . g u
n x k . g u
t a m . g o
t a m . g o
t a m . g o
t a m . g o
t a m . g o
c v l m . g o
c v l m . g o
c v l m . g o
c v l m . g o
c v l m . g o
J a l p . g e
J a l p . g e
J a l p . g e
J a l p . g e
J a l p . g e
p a l . g o
p a l . g o
p a l . g o
p a l . g o
p a l . g o
h u l . g i . t o
h u l . g i . t o
h u l . g i . t o
h u l . g i . t o
h u l . g i . t o
i l . g v . n a
i l . g v . n a
i l . g v . n a
i l . g v . n a
i l . g v . n a
J a l . g e
J a l . g e
J a l . g e
J a l . g e
J a l . g e
i l . g o
i l . g o
i l . g o
i l . g o
i l . g o
J a l k . g e
J a l k . g e
J a l k . g e
J a l k . g e
J a l k . g e
t a m . J i
t a m . J i
t a m . J i
t a m . J i
t a m . J i
t a l m . g o
t a l m . g o
t a l m . g o
t a l m . g o
t a l m . g o
J a l . g e
J a l . g e
J a l . g e
J a l . g e
J a l . g e
P o N . n v k . g e
P o N . n v k . g e
P o N . n v k . g e
P o N . n v k . g e
P o N . n v k . g e
P o N . n v l p . g e
P o N . n v l p . g e
P o N . n v l p . g e
P o N . n v l p . g e
P o N . n v l p . g e
J a l p . g e
J a l p . g e
J a l p . g e
J a l p . g e
J a l p . g e
P o N . n v l . g e
P o N . n v l . g e
P o N . n v l . g e
P o N . n v l . g e
P o N . n v l . g e
i l k . g i n
i l k . g i n
i l k . g i n
i l k . g i n
i l k . g i n
y a l . g e
y a l . g e
y a l . g e
y a l . g e
y a l . g e
t a m . g o
t a m . g o
t a m . g o
t a m . g o
t a m . g o
p a l . g o
p a l . g o
p a l . g o
p a l . g o
p a l . g o
J a l . g e
J a l . g e
J a l . g e
J a l . g e
J a l . g e
c v l m . g o
c v l m . g o
c v l m . g o
c v l m . g o
c v l m . g o
J a l p . g e
J a l p . g e
J a l p . g e
J a l p . g e
J a l p . g e
p a l . g i . t o
p a l . g i . t o
p a l . g i . t o
p a l . g i . t o
p a l . g i . t o
i l k . g o
i l k . g o
i l k . g o
i l k . g o
i l k . g o
J a l . g e
J a l . g e
J a l . g e
J a l . g e
J a l . g e
c v m . J a . n a . y o
c v m . J a . n a . y o
c v m . J a . n a . y o
c v m . J a . n a . y o
c v m . J a . n a . y o
t a m . g i n
t a m . g i n
t a m . g i n
t a m . g i n
t a m . g i n
p a l . g o
p a l . g o
p a l . g o
p a l . g o
p a l . g o
t a N . g o
t a N . g o
t a N . g o
t a N . g o
t a N . g o
J a l . g e
J a l . g e
J a l . g e
J a l . g e
J a l . g e
c v m . g i
c v m . g i
c v m . g i
c v m . g i
c v m . g i
t a m . g u
t a m . g u
t a m . g u
t a m . g u
t a m . g u
J a l . g e
J a l . g e
J a l . g e
J a l . g e
J a l . g e
J a l . g e
J a l . g e
J a l . g e
J a l . g e
J a l . g e
J a l p . g e
J a l p . g e
J a l p . g e
J a l p . g e
J a l p . g e
i l . g o
i l . g o
i l . g o
i l . g o
i l . g o
J a l p . g e . l a . t o
J a l p . g e . l a . t o
J a l p . g e . l a . t o
J a l p . g e . l a . t o
J a l p . g e . l a . t o
n v p . J i n
n v p . J i n
n v p . J i n
n v p . J i n
n v p . J i n
c v l p . g e
c v l p . g e
c v l p . g e
c v l p . g e
c v l p . g e
n v m . g o
n v m . g o
n v m . g o
n v m . g o
n v m . g o
J a l p . g e
J a l p . g e
J a l p . g e
J a l p . g e
J a l p . g e
J a l k . g e . g a . c i . n x n
J a l k . g e . g a . c i . n x n
J a l k . g e . g a . c i . n x n
J a l k . g e . g a . c i . n x n
J a l k . g e . g a . c i . n x n
J a l p . g o
J a l p . g o
J a l p . g o
J a l p . g o
J a l p . g o
n v l p . g e
n v l p . g e
n v l p . g e
n v l p . g e
n v l p . g e
k u m . g o
k u m . g o
k u m . g o
k u m . g o
k u m . g o
y a l . g e
y a l . g e
y a l . g e
y a l . g e
y a l . g e
J a l . g o
J a l . g o
J a l . g o
J a l . g o
J a l . g o
J a l k . g o
J a l k . g o
J a l k . g o
J a l k . g o
J a l k . g o
n v l . g u
n v l . g u
n v l . g u
n v l . g u
n v l . g u
t a l m . d a
t a l m . d a
t a l m . d a
t a l m . d a
t a l m . d a
J a l . g e
J a l . g e
J a l . g e
J a l . g e
J a l . g e
J a l . g e
J a l . g e
J a l . g e
J a l . g e
J a l . g e
J a l . g i
J a l . g i
J a l . g i
J a l . g i
J a l . g i
n v l . d a . n x n
n v l . d a . n x n
n v l . d a . n x n
n v l . d a . n x n
n v l . d a . n x n
i l . g u . s v . n x n
i l . g u . s v . n x n
i l . g u . s v . n x n
