c k t a
n g n a
a g a
b t a
k b t a
p a g n a
k v p t a
y v T n a
c i p t a
y v l b n a
n a l b a
h a T a
b t a
h a a
c i g v
m a k a
p a b n a
c k t a
s N a
c a k a
c i l t a
v v
J i n a
p a l p a
y a
n x l g v
p a N a
n u g n a
s * i p v
k t a
k u l g n a
h u T n a
i b v
b v
b t a
p a b t a
k x l n a
c k v
k j v l p n a
s o k a
b v
g n a
c a n a
T b n a
s i v
n x l k n a
k x P v
p * m a
v l v
s i g n a
c i l g t a
t v l b v
p a l g t a
c v k t a
c i l v
k a g t a
i b n a
v N v
b v
p a b a
i l v
J a l n a
y v p v
t g t a
c m t a
s * b t a
n a b n a
n x l k v
c N n a
p v
c v b v
n v l b v
m u k n a
t x k n a
p v
c a a
k m n a
p u g v
m v
t v b v
b t a
c g n a
k a l g n a
m v N n a
y a m n a
n u t a
p a b n a
c b v
c i p v
t v m v
c i k v
m a l g t a
k u l n a
m N a
k u l g t a
t m t a
h a t a
k j v l b v
k j v b v
p u l T t a
m v g v
s * k t a
i l g n a
t x g t a
c p v
y v p t a
p a n a
v k t a
T o a
p u l T v
p a k n a
y n a
y a m a
p t a
k x l g n a
x l t a
x l P n a
t x N t a
x t a
b t a
C k n a
p a m a
y v b t a
n a b t a
i t a
m g n a
k a l t a
y a b n a
p e t a
m a n a
p a l a
t u p t a
n v m t a
y T a
c g t a
n a m n a
p u g n a
v l n a
v l g t a
T b n a
C a k n a
k x N n a
p u n a
h u v
t k n a
p a l k a
m v l g n a
k j v l b n a
m g n a
c p n a
y v l p t a
n T t a
p t a
k p t a
c b v
c a t a
c i b v
p u l g n a
n u g t a
p u N t a
k j v l t a
i k t a
T m t a
s * i p n a
c v g v
T b a
n a l n a
m v k v
n e T n a
p * o p n a
y t a
c k n a
c v g t a
m v l v
n u k v
n v m n a
s i k t a
s i n a
T m a
h a l t a
J a m t a
p * o a
c v n a
k a N n a
i b t a
C g n a
k u g v
k x P n a
k x l t a
p a g t a
i k n a
x P t a
T o p n a
n v l b t a
c i k v
p u g v
k a l k t a
C a k t a
m u g v
k x l g v
p u l g v
b b n a
a k a
p N t a
t m n a
c g t a
k x l P t a
t x N v
s * N t a
h u l T t a
t k a
p u l v
T o p a
p n a
c i l g n a
v P n a
k x k v
d v l n a
k v b n a
p n a
n a l p t a
t x g v
m a t a
v l k v
i l n a
m u l n a
n N v
t o k a
i l k t a
c N v
k v b v
m a g t a
k P v
p * p t a
J k t a
t v b t a
t o t a
c i n a
h u t a
k x P t a
t x l v
a l g n a
b o * t a
t u p v
C N t a
s * p n a
t x l g v
s k n a
y v v
k x g n a
y a b n a
n k v
k v p v
b v
g t a
p k t a
p a l p n a
k u k v
p t a
m a k n a
n v m v
y v p n a
k x l n a
s u k t a
p g n a
k u l k t a
k a N a
s u l g v
y a l a
k j v l v
n x l g n a
s u N t a
m u l g v
h u l t a
v l t a
a l g t a
p v
c g n a
s * i v
s * p v
s g n a
k j v b t a
N t a
k x l t a
d v p t a
k j v p t a
n a l a
s k t a
m g t a
p T t a
m u l g n a
c i g t a
n a m t a
c g v
d v m v
v N n a
k u l k v
T p a
b v
d v l p t a
k x l k n a
t m v
m u l g t a
m u l t a
s * b n a
v n a
m u k t a
p a b t a
m v N t a
s * v k n a
n a k a
y T t a
h u l n a
s * i b n a
J a b n a
y a p a
n a b t a
p a l g a
p u l v
c i t a
k t a
J a l b t a
m u k v
n e t a
a N a
n a N n a
k x g n a
k a l k a
m a g n a
T p t a
n a l b n a
T b a
y a b a
p a b a
T b n a
J a m n a
n g v
n v l n a
m u g n a
k x k n a
t x k t a
m g t a
y v b v
b n a
v b t a
n x N n a
p T v
n a N a
s * v g v
t v m n a
d v l p n a
p a l t a
s k v
u p t a
h a n a
c b t a
d v l v
n v p n a
n a b t a
v l k t a
m u l k v
n a p a
n u n a
n e v
c v b t a
T b a
y a b a
n a b n a
t x l t a
v l k n a
m t a
c m n a
k m v
y v b t a
c k n a
p g a
s i g t a
s * N v
k b v
T p n a
p a k t a
n a l b t a
k j v l n a
t v l b n a
t v p v
t o a
m a g a
k a l g a
s g t a
m u N n a
J N t a
p a g n a
t u b n a
T o b t a
p u l T n a
c k n a
k x l g t a
h a T t a
b o * a
s * v k v
p a k t a
i l k n a
s N t a
t g a
C a k a
a N t a
a l k t a
n a b a
m u t a
h u T t a
k v P t a
m a l k n a
n x N t a
T o t a
J i v
C a a
h u T v
n v b n a
y v
y n a
a l g a
v g v
u v
y v T t a
y a l b t a
v P t a
h u l v
p * o p a
n e T v
d v l b v
x v
y a T n a
y v b v
x l P v
p t a
k P t a
k a g t a
s u k v
T b t a
c i k n a
p u N n a
s * p t a
s u N n a
t x k v
i l g t a
c k a
t x l k v
C a t a
n a l k a
p a k a
J k v
c v t a
i g t a
T b a
k p v
b o b n a
u n a
T b n a
s N n a
c v b n a
y v b n a
c i g v
J a b t a
k j v l p v
p g t a
n a l p a
y a p n a
v p v
c g t a
h u l T v
y a b a
n N t a
y a l t a
n a N t a
m v l n a
p u l n a
p * p n a
n N n a
c p t a
c i g t a
m k t a
n a b a
p a k n a
p k a
J a l t a
y a l p a
v p n a
m a l t a
s u g n a
T b a
T b n a
k u N t a
m t a
m v l g v
T o b n a
c i k t a
t x l k n a
s u N v
y a l n a
y v l p v
s o k t a
i g n a
u t a
t v l t a
p a m t a
n a m a
b b a
b t a
p N n a
s u l k n a
k n a
y v b t a
u b n a
a l a
n a b a
k a g t a
p N a
c a g n a
n a k n a
c m t a
p a l k t a
t o k t a
i l k v
n a p t a
p a g t a
s u l t a
c p v
u p v
p a g a
J a p n a
T b a
p a l b a
k u N v
k m t a
m k t a
n v p t a
p n a
d v b t a
c N t a
t u n a
k u l t a
c i l k v
d v p v
i l g v
k v P n a
i p v
J g v
d v p n a
b o b t a
n e T t a
C a g t a
i k v
N n a
s * m t a
p u l g t a
y t a
s u g v
p u T n a
x P v
p u N v
m k n a
n v b t a
t N a
k x g v
v k v
k x l v
y a m t a
p a b t a
m v
J i k n a
k v p n a
h a T n a
k x g t a
J a l p t a
k u g n a
i n a
s g n a
y v m t a
n x k t a
m k n a
m a k a
s o n a
t u v
k a k a
m a a
d v m n a
J i k t a
k a g n a
c p t a
m v l g t a
n g t a
J i g v
y v b v
T b t a
m a l k t a
n a l a
p a b a
k a g n a
t N t a
c v n a
m N n a
c b n a
p u l k v
n a l p n a
k u N n a
p a t a
n v l p v
t N n a
p * o p t a
c N t a
y v l p n a
d v b v
s u l g n a
c N n a
y v t a
P t a
p * o t a
J a l b a
y a l b a
T o p t a
c i l k n a
s o t a
s g a
c i p n a
c i b n a
m u g n a
T b n a
T b t a
i p t a
m a k t a
p a b n a
y a b n a
y a T t a
m v g n a
a g t a
n v l v
t a
t x l k t a
c g n a
y T n a
b n a
p u l k t a
p u l t a
k x g v
y v l t a
c v p t a
n x g v
s * v g t a
s * i b v
s * i b t a
p a l n a
T b a
J g n a
k x g t a
t p v
k x l k v
k x N t a
k x l k t a
p a l t a
y a b t a
b o b a
s * v g n a
y a b t a
n u g v
y v l v
t v l v
k a g a
m a N a
s * k n a
t x l n a
p a b a
k a l k n a
s * m v
m t a
b n a
c v v
y T t a
t o g t a
i k t a
J i g n a
a l k a
c N v
a k t a
n a l g t a
n v l b n a
k P n a
p v
n a l k t a
d v l p v
y a l p t a
s * g t a
m u g v
k a g a
p u g t a
s o g a
p u l k n a
c i k t a
t v l p v
n T n a
m u l k t a
n a b n a
p a b n a
p a l k n a
x l P t a
y v m n a
s N t a
n x g t a
m v g t a
c m n a
t v b n a
t o g n a
p k n a
s k t a
y v b n a
k v n a
y v b n a
p e n a
p u k t a
C a n a
s u g t a
n a b t a
y v n a
s * v n a
p * m t a
b v
h a l a
m n a
k x g v
a l t a
x n a
s N v
m u g t a
v g n a
c i l n a
m n a
k x v
c N a
c a g t a
k x g t a
J i g t a
s o g t a
k x g t a
m v l k v
y v m v
k u l v
k x n a
n a g t a
m N v
s u l v
t v p n a
b n a
J k n a
k v
c i t a
p u g n a
h u l T n a
T b t a
b t a
m a N n a
p a a
k v P v
T b t a
s N n a
m v
d v b n a
c i g n a
k a l n a
k x l v
i k v
y v b n a
p a l b t a
i g v
s * v t a
C g a
v k n a
s * m n a
n k t a
n x l v
b v
C g t a
n T v
n a p n a
y a t a
k a l a
k a g a
n v l p n a
J a p t a
t b t a
J a b a
c i N n a
k x N v
p u g t a
k b n a
p e T n a
k v
n u v
k u g t a
m a l a
m a N t a
s i k n a
P v
p a l p t a
n a l t a
i k n a
T b t a
p a l a
J a l b n a
y v l n a
s * b v
n v
t v l n a
m u N v
c N n a
c v k v
J g t a
m u n a
n a l g a
s u l n a
k p n a
v v
t b n a
m a l n a
p u k v
s g t a
k a k t a
s u l k t a
s * g v
m a k n a
s * i p t a
n v l t a
p u g t a
C k a
c i N t a
p e v
n a k t a
m v l k t a
c i l g v
c v p v
c i N v
t v l p t a
s u l g t a
n x l t a
c i n a
n x l k t a
c i v
n x N v
c k t a
y a l b n a
y a l p n a
p a p n a
y v T v
y v l b t a
t o k n a
n e n a
d v l t a
p u l n a
m v N v
x l n a
s * i t a
n x l n a
c i l k t a
y a a
k x l P v
m a g n a
a l n a
s g v
n a g a
h a l n a
p u g n a
m v l k n a
p * p a
v N t a
m v l t a
h a l T a
y a n a
k a k n a
c N t a
J i t a
n a
m u l k n a
s o a
s k a
J N n a
J a l a
b o * n a
a g n a
t u t a
n a g n a
b v
t x g n a
d v l b n a
s * N n a
m u k n a
p * m n a
p u k n a
c a g a
i t a
n a l g n a
p u T t a
g v
n a b a
p a k a
t v m t a
y a p t a
p a N n a
t b v
p e T v
t p n a
m k a
m a g t a
s * v k t a
v P v
t x l g t a
i v
k x k t a
s * g n a
k v v
v l g v
x l v
k x g n a
s * i n a
t u b t a
k u l g v
b n a
c p n a
v b n a
h a l T t a
m a g a
k u k n a
n u k n a
m g v
T b t a
u b t a
m a l k a
n v b v
b v
m u k v
k j v m v
c i v
k n a
n x g n a
k v b t a
v b v
c g v
c i g n a
i N v
p a N t a
k x g v
t k t a
c m v
m a l g a
n t a
n n a
m v k n a
p u g t a
y T n a
p u t a
m u N t a
T m n a
s o k n a
k a g a
b b t a
J a p a
p a p a
c b n a
v
m v k t a
c i k n a
p * o n a
T o b a
p a m n a
p n a
k a N t a
h u n a
k j v b n a
p e T t a
i g t a
k j v m n a
p u l t a
s * v v
x P n a
y v b t a
N v
i N t a
n x k v
p u g v
m k v
p a g a
m N n a
c g a
k a g n a
i p n a
v g t a
c i b t a
c a k t a
y T v
p u g n a
i l t a
C a g a
t x N n a
y v b v
n a l t a
J N v
t v p t a
i g v
k v n a
t v l b t a
t o n a
a N n a
k j v l b t a
c b t a
J a l p n a
n v l p t a
c a k n a
n v p v
b n a
b n a
J a m a
t v l p n a
c v t a
c m v
p a b t a
b n a
b t a
s u k n a
i g n a
p u v
c v k n a
v t a
i v
C N a
t g n a
b t a
t x l g n a
k j v l p t a
c v g n a
n u k t a
u p n a
b n a
p a l n a
p a l b n a
c k v
k v t a
y a b n a
s i t a
m u l v
y a b t a
t o g a
h a l T n a
a l k n a
p T n a
n a l n a
m a l g n a
m u v
k x g n a
s k n a
k j v p n a
P n a
C N n a
k j v p v
k j v m t a
n k n a
u b v
p u T v
s i k v
J i k v
T b n a
s * k v
a k n a
v n a
C k t a
t p t a
m n a
y a T a
m a k t a
i n a
k a g n a
m N t a
s u l k v
p a p t a
i N n a
m u k t a
v t a
y a b a
k v v
y a b t a
J a l p a
k a g t a
d v l b t a
m g a
c v v
p a l g n a
y v l b v
n x l g t a
k x l P n a
p u g v
k u l k n a
n x k n a
v p t a
m u g t a
t u b v
d v m t a
v l g n a
k v t a
s o g n a
k a l g t a
n a b n a
C a g n a
k x t a
t u p n a
s i g v
T o n a
c v p n a
k u k t a
m N t a
n a l k n a
