k a l k a
k a l k n a
k a l d a
k v p d a
k v m n a
k v P v
k y v l m n a
k y v l p d a
k y v l p v
k u l k v
k u N n a
k u l d a
k x l k d a
k x N n a
k x l k v
k x l P d a
k x l m n a
k x l P v
n a N n a
n a l k a
n a l k d a
n a l p d a
n a l m n a
n a l p a
n e T v
n e t d a
n e n n a
n v l d a
n v l p n a
n v l p v
n u k v
n u k d a
n u N n a
n x N n a
n x k d a
n x l k v
t v l p d a
t v l m n a
t v l p v
t o k d a
t o k a
t o N n a
t u p v
t u p d a
t u m n a
t x k d a
t x N n a
t x l k v
d v l p n a
d v l p d a
d v l p v
m a k a
m a k d a
m a N n a
m a l n a
m a l k a
m a l d a
m v N n a
m v l d a
m v l k v
m u k d a
m u k v
m u N n a
m u l d a
m u N n a
m u l k v
p a N n a
p a k d a
p a k a
p a l k a
p a N n a
p a l d a
p a l p d a
p a l m n a
p a l p a
p e n n a
p e T v
p e t d a
p v p v
p v m n a
p v p d a
p u k n a
p u l k v
p u l d a
p u l d a
p u l n a
p u l T v
b o p a
b o m n a
b o p d a
s o k d a
s o k a
s o N n a
s u l k v
s u N n a
s u l k d a
s i k d a
s i k v
s i N n a
S v k d a
S v N n a
S v k v
S i p v
S i m n a
S i p d a
a l k a
a l k d a
a l k n a
y a l m n a
y a l p a
y a l p d a
y a T a
y a n n a
y a t d a
v N n a
v l k d a
v l k v
v m n a
v p v
v p d a
v m n a
v p d a
v P v
j v l p d a
j v l p n a
j v l p v
j v n n a
j v t d a
j v T v
u p d a
u m n a
u p v
x l P d a
x P n a
x l P v
i N n a
i k d a
i k v
i k d a
i N n a
i l k v
i p d a
i p v
i m n a
c a N n a
c a k d a
c a k a
c v k v
c v k d a
c v N n a
c v m n a
c v p d a
c v p v
c i N n a
c i k d a
c i k v
c i l k v
c i N n a
c i l d a
c i p v
c i m n a
c i p d a
J a l d a
J a l p a
J a l m n a
J i k d a
J i k v
J i N n a
C a k d a
C a N n a
C a k a
T o m n a
T o p a
T o p d a
h a l d a
h a l n a
h a l T a
h u l n a
h u l T v
h u l d a
k a l k a
k a N n a
k a k d a
k v P v
k v p d a
k v m n a
k y v l p v
k y v p d a
k y v m n a
k u N n a
k u l k v
k u k d a
k x k d a
k x N n a
k x l k v
k x m n a
k x p d a
k x l P v
n a N n a
n a k d a
n a l k a
n a m n a
n a l p a
n a l d a
n e t d a
n e T v
n e n n a
n v l p v
n v l l a
n v l d a
n u k d a
n u k v
n u N n a
n x k d a
n x N n a
n x l k v
t v p d a
t v l p v
t v m n a
t o k d a
t o N n a
t o k a
t u p v
t u m n a
t u p d a
t x l k v
t x k d a
t x N n a
d v l d a
d v l l a
d v l p v
m a N n a
m a k d a
m a k a
m a l k a
m a N n a
m a k d a
m v N n a
m v k d a
m v l k v
m u N n a
m u k d a
m u k v
m u k d a
m u N n a
m u l k v
p a k a
p a k d a
p a N n a
p a l k a
p a N n a
p a k d a
p a p d a
p a l p a
p a m n a
p e t d a
p e n n a
p e T v
p v p d a
p v m n a
p v p v
p u k d a
p u l k v
p u N n a
p u l l a
p u l T d a
p u l T v
b o m n a
b o p a
b o p d a
s o k d a
s o N n a
s o k a
s u l k v
s u N n a
s u k d a
s i N n a
s i k d a
s i k v
S v k d a
S v k v
S v N n a
S i p d a
S i p v
S i m n a
a N n a
a k d a
a l k a
y a m n a
y a l p a
y a l d a
y a t d a
y a T a
y a n n a
v k d a
v N n a
v l k v
v p v
v m n a
v p d a
v p d a
v P v
v m n a
j v l p v
j v p d a
j v m n a
j v t d a
j v T v
j v n n a
u p n a
u p v
u p d a
x m n a
x l P v
x p d a
i N n a
i k d a
i k v
i k d a
i l k v
i N n a
i p v
i p d a
i m n a
c a k a
c a k d a
c a k n a
c v k v
c v N n a
c v k d a
c v p v
c v m n a
c v p d a
c i k v
c i N n a
c i k d a
c i N n a
c i k d a
c i l k v
c i p v
c i m n a
c i p d a
J a l d a
J a l p a
J a m n a
J i k v
J i N n a
J i k d a
C a N n a
C a k a
C a k d a
T o p a
T o p d a
T o m n a
h a l l a
h a l d a
h a l T a
h u l d a
h u l n a
h u l T v
k a l k a
k a l k n a
k a l k d a
k v P v
k v m n a
k v p d a
k y v l p d a
k y v l n a
k y v l p v
k u N n a
k u l k v
k u l k d a
k x l k d a
k x l k v
k x N n a
k x l n a
k x l P d a
k x l P v
n a l k a
n a l k t a
n a l k n a
n a l p a
n a l m n a
n a l p d a
n e T v
n e n n a
n e t d a
n v l p n a
n v l p v
n v l p d a
n u N n a
n u k d a
n u k v
n x l k d a
n x l k n a
n x l k v
t v l p n a
t v l d a
t v l p v
t o N n a
t o k d a
t o k a
t u p d a
t u p n a
t u p v
t x l k n a
t x l k v
t x l k d a
d v l p n a
d v l p v
d v l p d a
m a k a
m a N n a
m a k d a
m a l n a
m a l k a
m a l d a
m v l k v
m v l d a
m v l k n a
m u N n a
m u k v
m u k d a
m u l k d a
m u l n a
m u l k v
p a k a
p a k d a
p a N n a
p a l k a
p a l d a
p a l n a
p a l p n a
p a l p d a
p a l p a
p e T v
p e t d a
p e n n a
p v p v
p v p n a
p v p d a
p u l k d a
p u l n a
p u l k v
p u l T v
p u l T n a
p u l d a
b o p d a
b o p a
b o p n a
s o N n a
s o k a
s o k d a
s u l k v
s u l d a
s u N n a
s i N n a
s i k d a
s i k v
S v N n a
S v k d a
S v k v
S i m n a
S i p v
S i p d a
a l k d a
a l k n a
a l k a
y a l m n a
y a l p a
y a l d a
y a t d a
y a n n a
y a T a
v l k d a
v l k n a
v l k v
v p d a
v p n a
v p v
v p n a
v p d a
v P v
j v l d a
j v l p v
j v l m n a
j v t d a
j v T n a
j v T v
u p v
u p n a
u p d a
x l P n a
x l P v
x l d a
i N n a
i k v
i k d a
i l k d a
i k n a
i l k v
i m n a
i p v
i p t a
c a k a
c a N n a
c a k d a
c v k v
c v k n a
c v k d a
c v p v
c v p n a
c v p d a
c i N n a
c i k d a
c i k v
c i l k d a
c i l k n a
c i k v
c i m n a
c i p d a
J a l p a
J a l n a
J a l p d a
J i k d a
J i k v
J i N n a
C a k a
C a k d a
C a k n a
T o p d a
T o p a
T o m n a
h a l T n a
h a l d a
h a l T a
h u l T v
h u l T n a
h u l d a
k a N n a
k a l k a
k a l d a
k v P v
k v m n a
k v p d a
k y v l p d a
k y v l p n a
k y v l p v
k u l d a
k u k n a
k u l k v
k x l k v
k x k n a
k x l d a
k x l P v
k x l P d a
k x l P n a
n a l d a
n a l k a
n a l k n a
n a l d a
n a l p a
n a l p n a
n e n n a
n e t d a
n e T v
n v l n a
n v l d a
n v l p v
n u N n a
n u k v
n u k d a
n x l k d a
n x k n a
n x l k v
t v l p n a
t v l p d a
t v l p v
t o k a
t o N n a
t o k d a
t u m n a
t u p v
t u p d a
t x l k n a
t x l d a
t x l k v
d v l p v
d v l p n a
d v l d a
m a N n a
m a k a
m a k d a
m a l d a
m a l k a
m a k n a
m v l k v
m v k n a
m v l d a
m u k d a
m u k v
m u N n a
m u N n a
m u k d a
m u l k v
p a k d a
p a k a
p a N n a
p a l k a
p a l k n a
p a l d a
p a l m n a
p a l d a
p a l p a
p e T v
p e n n a
p e t d a
p v p d a
p v m n a
p v p v
p u l k d a
p u l k v
p u l k n a
p u l T v
p u l d a
p u l n a
b o p d a
b o m n a
b o p a
s o N n a
s o k d a
s o k a
s u l d a
s u l k v
s u l n a
s i N n a
s i k d a
s i k v
S v N n a
S v k d a
S v k v
S i m n a
S i p v
S i p d a
a k n a
a l k d a
a l k a
y a l n a
y a l d a
y a l p a
y a T a
y a T n a
y a t d a
v l k n a
v l k t a
v l k v
v p v
v p d a
v m n a
v m n a
v P v
v p d a
j v l n a
j v l p v
j v l d a
j v T v
j v n n a
j v t d a
u p d a
u m n a
u p v
x l P v
x m n a
x p d a
i k v
i k d a
i N n a
i l k v
i k d a
i N n a
i m n a
i p d a
i p v
c a k a
c a k d a
c a N n a
c v N n a
c v k d a
c v k v
c v p v
c v m n a
c v p d a
c i k d a
c i N n a
c i k v
c i N n a
c i l k v
c i l k d a
c i p v
c i p d a
c i m n a
J a l m n a
J a l p a
J a l d a
J i N n a
J i k d a
J i k v
C a N n a
C a k d a
C a k a
T o p d a
T o m n a
T o p a
h a l T a
h a l d a
h a l n a
h u l d a
h u l T n a
h u l T v
