y a l p d a
i p d a
S v N n a
p a k d a
k x l m n a
J a l d a
p v m n a
k y v l p v
m v l k v
p e t d a
c i N n a
p u l T v
c a N n a
s u l k v
k a l k d a
T o p n a
p v p n a
c i k v
c a k n a
c v k d a
k y v m n a
j v T v
p e T v
s u N n a
b o p a
m u l k v
s o k a
m u k v
y a n n a
v k n a
n a l p d a
k a l k a
v p d a
k y v l m n a
v m n a
k x p d a
h a l n a
J i k t a
k u l k n a
n x l k v
S v k v
a l k n a
n a l k a
i p v
n x k d a
p u l T v
y a T a
c v p n a
k v m n a
k u l k v
i N n a
J a l d a
k v P v
t u m n a
t o k a
C a k a
k x d a
u p n a
J i N n a
m v N n a
m u k d a
j v n n a
j v T v
t v p t a
d v l p n a
i k v
a l k d a
c i N n a
k x l P v
v p d a
i l d a
t v l p d a
c i k d a
S v N n a
a l k n a
J i k d a
m u l d a
c i m n a
p v p v
n a l p t a
c v m n a
m a k d a
n a k d a
n u k d a
n x k d a
i p v
h a l d a
c v k v
k y v m n a
p a l k a
n a l p a
n a l k a
v l k n a
p v m n a
n e T v
c i p v
n a l k t a
m a N n a
p u l n a
p u l T v
x l P d a
i k d a
y a l p a
S v k d a
s o k d a
k x k n a
n e t d a
s i k d a
t v l p v
v p t a
c v p d a
C a k a
p a k a
i l n a
T o p d a
h u l T d a
C a N n a
p a l p a
k x l k d a
p a k a
S v N n a
m u l k n a
k u l k d a
s i k d a
m v k n a
v m n a
u p d a
x l P d a
S v k v
u p d a
n v l d a
i N n a
b o p d a
p a l d a
h a l T a
n e t d a
c v p v
p a l p a
c i k v
n x l k v
n v l d a
k v m n a
s o k d a
c i l k n a
i k d a
i k d a
S v k v
k a l k a
h u l T v
b o p d a
t o k a
d v m n a
S v k n a
n x l k v
m a k a
k a l d a
a l k a
J i k n a
k u l k v
T o p d a
m u k v
c a N n a
s i k d a
j v l p v
c i N n a
m u k d a
J a l p a
c i k v
j v T n a
t u p v
c i N n a
k a l k t a
m a k a
k x l P v
k a l k a
n x l k t a
v p d a
n a l d a
n v l p v
p a N n a
J a l p a
y a T a
n a m n a
p e n n a
k x N n a
b o p d a
m a N n a
a l k d a
c v m n a
p a l d a
i k d a
y a m n a
p e t d a
n e T v
j v l m n a
d v l p t a
h a l T a
i l k v
a l k a
b o p n a
m u l n a
J a l p a
p a l k a
j v l p v
p a l d a
c i k v
k a l k n a
p e n n a
p a l d a
m u N n a
k v P v
c i p d a
x p d a
v p d a
k v P v
k v p d a
S v k d a
c i k d a
k v p d a
m a l n a
m u k v
v p d a
p v p v
v l k d a
i k d a
h a l l a
m v k d a
k y v l p v
v m n a
k u l d a
k x l P v
C a k d a
v p v
n v l n a
c i N n a
v P v
n x l k v
b o p n a
J i N n a
y a l m n a
h a l n a
j v l p t a
n e T v
v l k t a
m u N n a
k y v l p v
c a k t a
p u k n a
s i N n a
v p d a
i p v
S v k v
s u l d a
s o k a
d v l p v
s o k d a
x l m n a
h a l T a
i p n a
n v p n a
h a l n a
p a N n a
j v p d a
p a l k a
k x l k n a
s i k v
k v m n a
k x l P v
n e n n a
c v p d a
j v m n a
c v k d a
t u m n a
n a m n a
v l k v
b o p n a
t v l p v
p a N n a
T o p a
d v l d a
d v l d a
k a l k a
p a k d a
i k v
s u N n a
t v l p d a
j v l p v
k y v l p d a
i l d a
J i k v
p a l n a
v p t a
C a k d a
x p d a
c a k d a
c v p d a
i p v
n a l k a
y a n n a
n a l p a
J a l p a
j v t d a
k y v l p n a
c i p d a
v p d a
t o k a
t x l k t a
m a k n a
n v p n a
y a T a
m u k v
p v p d a
y a l d a
s i k d a
m a l d a
c i p t a
n a l p a
C a N n a
c a k d a
c v k t a
a l k d a
p u l T v
t x l k v
s i N n a
n e T v
p u l k v
m v l n a
n x l d a
p a l p a
m a k a
n a l d a
k u l k v
k x l P t a
i k d a
c a k a
p a k d a
v N n a
n a l d a
S v k d a
t u m n a
m a N n a
b o p a
y a p d a
u p d a
t u m n a
c v p v
c a k n a
S v N n a
c i l k v
y a l p t a
x l m n a
k y v l n a
p a l k t a
n u k d a
v l d a
k x N n a
j v T v
n u k n a
n u k v
i k d a
S i p n a
s o k a
m v l k v
c a k d a
s i k n a
S v k v
s i k v
p u t d a
t v l p d a
u m n a
b o m n a
p a k d a
m u N n a
m u l k v
s o k a
v l k n a
v p d a
h u l d a
c i m n a
c i m n a
s i k v
u p n a
s i N n a
n a l m n a
n a l m n a
C a N n a
y a n n a
p a l p a
p u l T v
p v p t a
m a k d a
m u l k n a
s o k d a
j v t t a
m a k t a
p a l m n a
s o k a
c v m n a
s u l k v
n u k d a
y a l p n a
m u N n a
p v p v
v l k v
u p v
t x l k n a
t x k d a
k x l P v
c v p d a
p u N n a
p v p v
j v t d a
k y v l p v
k x l k d a
p a l d a
i p n a
k x m n a
m a k d a
C a k a
s o k t a
p e t t a
c a N n a
m a k t a
t x l k v
j v l p v
n u k d a
n v l p d a
m a k a
i m n a
p e n n a
p u l d a
j v l d a
S i p d a
y a t t a
h u l T v
s i k v
s o k d a
s o N n a
y a l p a
p a N n a
p u l T v
j v n n a
c i p d a
m u l k v
j v T v
n x N n a
h u l T v
p a l d a
S v k v
k y v m n a
c i N n a
S v k d a
k x m n a
h a n n a
p u l k v
c i N n a
d v l p v
t x k d a
m v l k v
d v l p v
n u k t a
p u l n a
c v N n a
p a k d a
k v P n a
s o k a
t o k a
p a k t a
S i p n a
n a l k a
n x l k d a
p v m n a
p e t d a
m a l k a
p a l p d a
m v l k n a
h u l T v
c i l t a
T o m n a
u p v
m u l d a
c i p d a
m a l d a
c i k v
u p d a
t x l k v
s u k d a
i N n a
T o p d a
y a l m n a
S v k d a
n a l d a
j v l p n a
c i N n a
p a k a
p a l p a
u p n a
i N n a
a l k d a
k u l k t a
j v t d a
d v l d a
c v p v
c a k a
p e T v
S i p v
i N n a
k y v p n a
b o p d a
J i k d a
i p v
k x l P d a
k a l k d a
x l P v
k u k n a
x p d a
s u l k v
c i N n a
J i k d a
c v p d a
n e T v
i l k v
c v p v
s u l k v
c i p d a
J a l p a
S i p n a
n v l p v
m u N n a
v l k t a
u p v
n u N n a
J a l m n a
c i p n a
k a l n a
x l P v
k v m n a
n v l p v
S v k d a
m v l k n a
c i l k d a
i k d a
i k n a
j v l p n a
s o k n a
n u k v
k u l k v
c i k v
n u k v
j v n n a
c i p v
C a N n a
b o p a
J a l p d a
m v l k v
t v p d a
m u l k v
S i p d a
t v l p v
v m n a
v m n a
v p d a
m v l k v
h a l n a
k x l m n a
k a l k a
t o N n a
p u l T v
S i p d a
n u k n a
k x l k v
m v l k v
p u t n a
c i k n a
j v n n a
s i k d a
h u l T v
J a p d a
k y v l p v
t x l k v
h u l d a
x l m n a
n e T v
c i k d a
n u N n a
m a N n a
p e T v
s o k n a
m u l k v
n v l p v
t o k d a
J i k d a
T o m n a
t v l p v
t v l p d a
u p v
k a l k a
d v l p v
k y v m n a
u p v
n a l k n a
c i l k v
i p d a
n u k v
n u k v
i N n a
a l k a
m v l k n a
t u p n a
S v k t a
c a k d a
c i k d a
m u N n a
y a l d a
m v N n a
S i p v
p u k n a
s u N n a
T o p a
t u p v
J i k v
S i m n a
p v p n a
v p d a
m a l k a
p a N n a
n a l p a
s u l n a
s o N n a
p a l d a
v P v
k u N n a
p a l p d a
c v k d a
t v p d a
c v N n a
p u n n a
n x l k n a
c v N n a
p a l k a
v l k d a
J a l p a
i p d a
b o p d a
x p d a
a l k a
J a m n a
v l k n a
b o p d a
n e t d a
k u k d a
i l k v
b o p d a
c i k n a
s o N n a
k y v p v
C a k d a
i p n a
t x l k n a
n u k d a
i l k d a
x p d a
J a l p n a
k u l k n a
t o N n a
S i p v
v l d a
c v p d a
t v l p d a
k u N n a
t u p d a
S v N n a
k a k d a
S i p v
c v p n a
p e T v
k x k d a
n a l p d a
t x l k d a
n v l p v
m v k d a
c i k v
t u p v
J a p n a
c i m n a
p u l d a
t x l k d a
v p t a
y a t d a
c i k d a
i l k v
p u N n a
b o p d a
n x k d a
J i k v
n e t d a
j v l p v
p a l n a
n a l p a
n v l d a
p u l d a
h a l d a
p e T v
j v p d a
y a n n a
n x k d a
n a l p a
n a k d a
c a k a
i p v
C a k d a
J i N n a
b o p d a
b o p a
k v p d a
k u l k v
C a k t a
k v p d a
n u k d a
a l k d a
p e n n a
n x N n a
n u N n a
p a l k d a
j v l p d a
m a l k a
m v l n a
m a l k a
T o p a
T o m n a
i k d a
n a l k a
t u m n a
n e n n a
v p v
h u l d a
c v p v
d v l p v
m u k v
h u l T v
m a k a
m u k v
p u l k n a
n x k n a
k u l k v
n e t d a
k y v p d a
a k n a
c a k a
n a l p a
y a l p a
s i N n a
t x l k n a
m u N n a
k v p t a
p v p d a
p a k n a
y a t d a
i l k v
p a k d a
p u l T v
n a l p a
p a k a
i k v
x P n a
p v m n a
S v N n a
n a l k d a
a l k n a
j v t d a
i m n a
n e t d a
c i k d a
j v l p t a
p a l k t a
v l k v
t v l p n a
u p d a
n x l k n a
y a l p n a
i k d a
t u p v
n v l p v
C a k d a
v p d a
J i k v
i k d a
p v p v
b o p a
n x l d a
c i m n a
S v N n a
T o p a
b o m n a
c i k d a
n a l k t a
m a N n a
n x l k d a
p e n n a
s i k d a
b o p d a
C a k n a
k x l k v
m v l d a
m u k t a
x m n a
k u l k v
c i p d a
c v p n a
p a N n a
S v k v
k y v p d a
n a N n a
h a l T a
t v l p d a
p v m n a
d v l m n a
c i l k v
i p v
v l k d a
t x l k v
p v p t a
j v l p v
v P v
h u l T v
v m n a
p a l m n a
p u l n a
s u l k t a
p u l T d a
s i k d a
k x p n a
k v m n a
J a l p n a
k a l d a
k v P v
n v l m n a
p e t d a
T o p a
n x l k v
i p v
y a p n a
m u N n a
k u N n a
m a l t a
x l P v
m a k a
n x l k n a
J i k v
k a l k a
i m n a
k a l k a
k x l P d a
S i m n a
c v p v
v m n a
i k d a
S i p v
k a N n a
a l k a
p u N n a
m a k a
y a m n a
m a k n a
s o N n a
p u l d a
v p n a
m v N n a
u p v
k u N n a
p a N n a
t v m n a
m a l k a
p a l k n a
v p d a
t u p d a
a l k a
T o m n a
y a l t a
i N n a
v l t a
n u N n a
p u l d v
n v l d a
t o k d a
n x l d a
x m n a
t v l p v
a l k d a
p a l k a
s i k v
t v l p v
p e T v
i p d a
S i p v
v p d a
n a l d a
n u N n a
m a l k a
c i l k d a
m u l k v
v p d a
i m n a
c i p d a
p u l k v
T o p a
c i m n a
c v m n a
s i N n a
T o p t a
p a N n a
s o k a
t o k t a
s o N n a
k y v p d a
p a l p a
t u p d a
j v l p v
t u p v
c a k d a
k a l d a
y a l m n a
t o k d a
p a l p t a
k v P v
C a N n a
n a N n a
v m n a
t x l k v
v p d a
c i N n a
s o N n a
t u m n a
t v l p v
t o k t a
p v p v
x l P v
p u l T v
c a N n a
J i k d a
k x l P v
h a l n a
v p v
k u k n a
y a t d a
c i k d a
k v P v
m u k d a
s u l d a
n a l p a
p a k a
s u N n a
k y v l p v
k a l d a
c v m n a
p e n n a
c v k v
n a l k d a
t v m n a
m a l k n a
u p v
i p n a
c v k d a
k u l n a
p e T v
v P v
C a k a
p v p d a
S v k d a
j v T v
s u l d a
C a k t a
v p v
u p v
i p t a
J i k d a
c v m n a
t u p d a
s i k v
k a l k n a
p u l T n a
p u l k t a
S i p t a
i N n a
n e T v
m a N n a
S i m n a
n u k t a
i k d a
n a l m n a
y a l d a
m a N n a
u m n a
S v k v
c a k d a
k u l k d a
t v l p n a
n a l k n a
c a k t a
k x l d a
i p v
t x l k v
k y v l p v
k v m n a
k x p n a
p a l k a
J i N n a
c i l k v
v p v
p a N n a
h a l n a
m a l n a
m u N n a
h a l d a
c i k d a
v p d a
n a l m n a
k v P v
p u l k v
t o k a
h u l n a
t v p n a
p u n n a
n e t d a
v p d a
v l k v
k x l k v
c v p d a
j v T v
T o p d a
k y v p d a
c v k d a
p u k n a
S i m n a
a l k d a
x l P v
i N n a
S v k d a
s u l k v
u m n a
n e n n a
J i k v
p a N n a
u p d a
t o k a
v p n a
p a l k d a
v l k v
m v l k t a
c v k v
t v l l a
n u k d a
n a l p a
j v t d a
c i l k n a
c v k v
J i k d a
k x k d a
c a k n a
c i p v
C a k a
c v p d a
b o m n a
m u l k n a
b o p a
y a l p a
t o k a
J i N n a
p u l k v
n u k v
h u l T v
J a l m n a
k u l d a
n a l d a
c i k d a
i p v
y a l p a
s u k n a
p a k d a
m u l k v
c i m n a
n u k v
k x N n a
d v l t a
J a l p a
k a l d a
d v l p v
m a l k d a
m u l n a
p a l k a
v m n a
c v p v
p a k t a
k x l k v
k x l P v
p u l k d a
m v N n a
y a t d a
h u l T v
j v n n a
k v P v
m u k d a
u p v
S v k v
d v l p d a
n x l d a
n e T v
k x N n a
i l k d a
k u N n a
s o k d a
p a l m n a
c i k t a
m u l k n a
v m n a
n a l p d a
n x l k n a
C a k d a
c i p d a
u p t a
m u N n a
v l k v
j v l m n a
c i p v
J a l p d a
k a l k a
m a N n a
p v m n a
c a k a
c v p d a
v l k d a
i N n a
s o k a
s u l k v
j v T v
c a k d a
n a l k a
k x l k v
S i p v
k x l P v
s o N n a
C a k a
j v t d a
c v p d a
T o p a
y a t d a
t o k a
t u m n a
p v m n a
m a N n a
m a k t a
p a l p a
a l d a
c a k a
i N n a
n x l k d a
c i l k v
k a l l a
h u l T v
c i k v
i l k d a
a k n a
c a N n a
n e n n a
t x l d a
k a l k n a
d v l p d a
s i k d a
c i p d a
j v T v
s i N n a
S v N n a
S i m n a
j v l p v
k u l k v
t x l k v
k v m n a
k x l P v
m u l k v
t u p d a
t x l n a
i l k v
k y v p d a
p u l d a
v P v
i p d a
k v P v
y a T n a
i N n a
y a T a
n v l p n a
d v l p n a
j v p n a
m v l k n a
s o k a
t o k a
n a l p d a
n u k v
j v m n a
c v k d a
s i N n a
p u l T v
m u k v
i m n a
p a l p a
k y v p n a
t o k d a
t v l p v
C a k a
i N n a
s o k d a
k v m n a
m a k d a
k u l k v
k u l d a
c a k a
m a N n a
i l k v
h a l d a
p a m n a
y a l p a
j v l p n a
p e T v
v p n a
j v t d a
p a l p n a
k u l d a
c i l k v
p u l k n a
t o k a
j v l p v
k x l P v
J i N n a
h u l T n a
p a k d a
v P v
s i k v
n u k d a
p u l k v
k v p d a
C a N n a
c v N n a
m v l k v
j v T v
C a k a
m v l k v
n e T v
m u k d a
t o N n a
J i k d a
m u N n a
n v p n a
c a k a
p a m n a
k a l k a
m v l k d a
J i k v
k u l k v
t u m n a
t o k n a
m u l k n a
m u N n a
s o k n a
S v k v
p e T v
p e t d a
p v p v
c a k a
c v p v
j v m n a
p a l p a
n x l k v
t v p d a
k u l n a
s i k v
n a l k a
u m n a
c i m n a
C a N n a
b o p a
h u l T n a
x l P v
n a l p d a
T o m n a
p u t n a
J i k v
k a l k n a
i N n a
v m n a
c a k a
a l a
i p d a
m a l d a
S i m n a
n v l p n a
h u l d a
n x l k t a
k u l k v
k v p d a
v p n a
s i k v
v l k v
n a l p d a
k x l m n a
d v l p t a
t x N n a
n u k n a
j v t d a
p a l d a
n e T n a
p a l p t a
c i k d a
k x l k d a
m a k d a
T o p a
p a p d a
p a k a
j v n n a
S v k v
n v l p d a
k v p d a
c i N n a
k a l k a
j v n n a
k v m n a
s o k a
C a N n a
c v p t a
k u l k v
c v m n a
i l k v
p v p d a
u m n a
c v k d a
C a N n a
p a N n a
m u N n a
h u l n a
y a n n a
s u N n a
n a l k n a
k x N n a
s i k d a
n v l p t a
n u k v
k a l n a
p a l k a
C a k d a
c v N n a
p e t d a
k y v p d a
S v k t a
m a k a
T o p a
s u l k v
b o p a
d v l p n a
S v N n a
b o p a
p u T v
p a l k n a
m a N n a
p u l d a
v P v
p a k d a
v p d a
c v p v
i k v
c v k v
n a l k a
k a l d a
v p n a
p u l n a
k x m n a
j v l p v
v P v
c v p n a
t u p d a
c a k d a
p a k n a
k x l P d a
v m n a
s i k t a
d v l p v
x P n a
c v k v
T o p d a
n e T v
T o p a
n e n n a
S v N n a
n v l d a
p u l n a
t u p v
k x l P d a
h a l T a
i N n a
S i p n a
S i p v
j v l m n a
S i p t a
m a k d a
t o k d a
d v l d a
c i k d a
v m n a
m u k t a
C a k d a
m a k a
y a t d a
h u l n a
a N n a
J a l m n a
s u k d a
S i p d a
n a m n a
c a k d a
p u k d a
n e T v
t u p d a
t x N n a
n u k t a
p a l p a
m a k a
c i k v
J i k v
c i k d a
j v l p d a
k a k d a
T o p d a
p a k d a
S i p d a
m u N n a
T o p n a
s i k d a
s i k d a
n a p d a
j v l p n a
n a l k a
p v p v
c a k n a
h a l d a
m v l d a
s u k n a
a l k a
m v l k v
m a k a
v p n a
n u k v
u p v
v p n a
a l d a
s o k a
j v l p n a
x l P v
k u l d a
p v p d a
k v P v
c i k d a
t o N n a
h a l n a
c i l k d a
i N n a
n a p d a
k y v l p v
n u N n a
h a l d a
m a k d a
v m n a
n a l p a
j v T v
p a l p a
b o m n a
m u l k d a
c i l k n a
k y v p n a
T o p a
k u l k d a
t u p v
t o k d a
m a l d a
k x l P v
p e T n a
b o p t a
k x l P d a
u p v
p v m n a
a l d a
n e n n a
c i k v
v l k d a
p a l d a
c v k v
c i l d a
m v k d a
i N n a
k u l k v
m v l d a
p u l k n a
J i k v
c i l k v
t o k d a
n a N n a
t o k n a
h u t d a
i N n a
k a l k n a
m a l k a
s i k d a
v p d a
n e t t a
j v t d a
n v l p d a
p a k a
a k d a
j v l p d a
n a l k a
k u k d a
c v k n a
k x l m n a
y a t d a
y a n n a
c i N n a
u m n a
k x l P d a
n e n n a
i k v
y a T a
y a t d a
k a l k a
T o m n a
i p d a
h u l n a
k v m n a
c i l k v
J a l n a
p a k t a
t u p v
s u l n a
C a k d a
i m n a
p e n n a
k y v l p v
d v l p n a
s o k t a
J a p t a
n v l p v
m u k d a
k x k d a
m a k a
s u N n a
T o p d a
t u m n a
m u k v
t v p d a
h u l n a
p a l p n a
k x l k v
k u l d a
v l k d a
m v l k v
t v l p v
c i l k n a
c v k d a
p u l d a
k y v l t a
c i k v
h a l T a
h a l n a
s i N n a
t o k a
C a k a
a l k n a
t o k d a
k a l k n a
p v p d a
s i k v
u p v
d v l d a
v l k v
c i k t a
k y v l p n a
n a l d a
n v l l a
j v l b v
J a l p d a
m a l k a
n a l k d a
C a k n a
J a m n a
t v l p d a
t x k n a
m v k d a
p u l t a
m u l k d a
t x k d a
v P v
J i N n a
p v p d a
J a l p a
S i p d a
J a l p a
v N n a
y a l p d a
m v l k v
c v p v
k y v l p d a
k x N n a
k x l k v
m u k v
c a k d a
b o p t a
p u l k v
C a k a
n e T n a
T o p a
J i k v
a l k a
k y v m n a
i k d a
c i m n a
v N n a
a l k a
a l k d a
x P n a
y a t d a
h a l T n a
t x N n a
t u p v
v m n a
T o p d a
k y v l p d a
c v k v
t x l n a
x l P d a
x l P v
i p v
p e n n a
i m n a
n a N n a
m v N n a
u m n a
c v p v
v p v
J i k d a
t x l d a
k u N n a
t x k n a
s u l d a
c v N n a
S i p v
m a l k a
p a m n a
k x l k v
j v n n a
i p v
k x l P v
p e T v
x l n a
T o p a
u p d a
m u l k t a
t o k a
p a N n a
p a k d a
v p v
k x l k v
y a l p a
p e T n a
S v N n a
n e t d a
k u l k v
i k t a
p a l p d a
m u l k v
d v l p v
c v k d a
k x l d a
c i l k v
n a l m n a
h a l d a
k x l m n a
n v l p v
k x l d a
v p n a
k x l P n a
p a l k a
s o k a
d v m n a
J i k v
y a t d a
m a l n a
k x l P d a
m u k d a
p u l k n a
y a T a
n e n n a
n u N n a
k x l P d a
u p d a
S v k d a
S i p d a
v l k v
i k v
t o k d a
s u l k v
n a l p d a
J i N n a
h a l T n a
j v n n a
i k v
c i N n a
n v m n a
i p d a
m u N n a
n a l p d a
s o k d a
h u T v
m a l d a
v p d a
p u n n a
h a l T a
p e t d a
i l k v
k u k d a
v m n a
m u l k v
p e T n a
k v m n a
p a k d a
n u k d a
S i p v
b o p d a
n x l k v
S i m n a
m u k v
d v l p v
n e T v
m a l d a
p v p n a
p a l k n a
s o N n a
s u l k v
p u l d a
n a l p n a
k y v l p v
b o m n a
y a l p a
a l k a
k v p d a
j v n n a
c i p d a
d v l p v
T o p d a
s i N n a
k y v l p v
p a l d a
J a p n a
b o p a
c i p v
p a l p n a
C a k n a
k x p d a
n x l k v
m a k d a
v l k v
p u l k v
h u l d a
d v l p v
t x l k v
k x N n a
d v l p n a
p a N n a
c i k n a
b o m n a
i m n a
c v N n a
n a l d a
c v m n a
n a l d a
h a l d a
k u l d a
p e n n a
b o p a
t u p d a
m a N n a
m u k v
p u l k v
j v l n a
s o k a
c v p n a
s u l k v
t o k n a
s o k d a
c a N n a
v p d a
j v l p v
v m n a
p a l k a
c a k d a
v P v
u p v
v p d a
p e n n a
S v k t a
J i k v
m u k v
h a l T a
t o k d a
t o k a
J i k d a
x l P n a
j v n n a
h u l d a
S v N n a
m v l d a
c a N n a
c v p v
J a m n a
p u l T t a
j v t d a
c i l k d a
c v p n a
s u l n a
n v l p v
u p d a
k v p d a
x l P d a
k a N n a
s i k v
c i p t a
J a l d a
n x l k v
c v p v
m u k d a
T o m n a
m u l k v
d v l m n a
s u k d a
b o p t a
m v l k v
c i N n a
v p t a
p u l k v
y a T a
J a m n a
v p v
c i N n a
s o k n a
p a l p n a
c v p d a
p a N n a
n v l p v
J i k n a
s u l k d a
n x N n a
v l k v
s o k d a
x m n a
s o k a
p a k a
h a l d a
n a l k a
v l k n a
v P v
b o p n a
J a l p d a
J a l p a
p u l d a
c a k a
t v l p d a
p a l m n a
k x l k d a
p u l k n a
c a k n a
i m n a
n x N n a
J a l p d a
m a k d a
h a l T a
k v m n a
c i m n a
i p d a
j v n n a
i k n a
k x l d a
J i N n a
s o k d a
c v k v
j v l d a
c i l k v
k x k t a
m v l k v
h a l n a
a l k a
p v m n a
i l k v
m u k d a
p e T v
s u k n a
t x l k v
m a k d a
C a k a
s u l k t a
m a N n a
S v k v
k y v p n a
n u k d a
k y v p t a
x m n a
n v l d a
n e t t a
x P n a
n x l k d a
n a p n a
J a l p d a
k u k n a
v p d a
k x k d a
m a l n a
v k d a
k a l d a
y a n n a
J a l p a
n v p d a
v m n a
p v m n a
c v k v
u m n a
a l k n a
t x N n a
i k n a
s i k d a
i p v
p u l k d a
p v p d a
i l k v
k u l k v
h a l d a
c i N n a
c a k a
v p d a
n u k v
m a k a
n u k d a
n e n n a
p u T v
m u k d a
m u N n a
a l k a
m v N n a
n u N n a
m u N n a
c i l k d a
m a l d a
n a l p d a
p a l p a
u p t a
i N n a
n v l d a
p u t d a
t v l p d a
s o k d a
p a k n a
C a k n a
m v l d a
S v N n a
u p d a
T o m n a
S v k n a
n e n n a
p v p n a
y a T a
T o p a
t v l n a
u p v
h a l T a
v k n a
n a l k n a
b o m n a
p a N n a
v m n a
c v k v
k v p d a
c i p v
b o m n a
c v k d a
k y v p d a
j v l t a
