k u l g e
k u l g e
k u l g e
k u l g e l a k o
k u l g o
k u l J i k h a k o
k u l m g o n x n
k u m g o
k u m g o
k u m g o
k u m g o
k u m g o
k u m g u
k u m t v n k a
k x k g o
k x l g v n a
k x l g o
k x l k i l
g x l g o
n v l k o
n v l g e
n v l g e
n v l g e
n v l g e
n v l g e
n v l g o
n v l g o
n v l g o
n v l g o
n v l g o
n v l g o
n v l g o
n v l g o
n v l g o
n v l g u
n v l g i
n v l d a
n v l d a
n v l d a k o
n v l d a k o
n v l J i k a
n v l J i k a
n v l p g e
n v l p g e
n v l p g e
n v l p g o
n v l p g o
n v l p g o
n v l p s x m n i t a
n v l p J i n
n v p g o
n v p g o
n v p J a n a y o
n v p J v k h a k o
n x l g i
n x l g i
n x l g i n x n
n x l d o l o k
n x l J a k a
n x l J a n a y o
n x l k J a
t a l g o
t a l m g o
t a l m g o
t a l m g o
t a l m g o
t a l m g o
t a m k o
t a m g o
t a m g o
t a m g o
t a m g o
t a m g o
t a m g o
t a m g o
t a m g o
t a m g o
t a m g o
t a m g o
t a m g o
t a m g o
t a m g o
t a m g o
t a m g o
t a m g o
t a m g o
t a m g o
t a m g o
t a m g i n
t a m g i n
t a m g i n x n
t a m d v l a k o y o
t a m J i
t a m J i
t a m J i
t a m J i
t a m C i
m a k g e
m a l g o
m a l g o
m a l g o
m a l g o
m a l g o
m a l g o
m a l g o
m a l g o
m a l g o
m a l g o
m a l g o
m a l g o
m a l g u
m a l k g o
m u k J i
m u l g e
p a k d a k o
p a l g v n a
p a l g e
p a l g e
p a l g e
p a l g e
p a l g e
p a l g o
p a l g o
p a l g o
p a l g o
p a l g o
p a l g o
p a l g o
p a l g o
p a l g o
p a l g o
p a l g o
p a l g o
p a l g o
p a l g o
p a l g o
p a l g o
p a l g o
p a l g o
p a l g o
p a l g o
p a l g o
p a l g i k a
p a l g i t o
p a l d a k o
p a l J i t o
p a l p g o
p a p g o
p a p J i
s a l m s x m n i t a
y a l g e
y a l g e
y a l g e
y a l g e
y a l g e
y a l g e
y a l g e
y a l g e
y a l g e
y a l g e
y a l g e
y a l g e
y a l g o
y a l g o
y a l d a p o n i g a
y a l d x n
y a l p g v n a
y a l p g e
y a l p g e
y a l p g e
y a l p g e
y a l p g e
i k g e
i k g o
i k d a
i k d x l a k o
i k J a n a y o
i l g v n a
i l g v n a
i l g v n a
i l g v n a
i l g v n a
i l g e
i l g e
i l g e g x m
i l g o
i l g o
i l g o
i l g o
i l g o
i l g o
i l g o
i l g o
i l g o
i l g o
i l g o
i l g o
i l g o
i l g o
i l g o
i l g o
i l g o
i l g o
i l g o
i l g o
i l g o
i l g o
i l g o
i l g o
i l g o
i l g o
i l g o
i l g o
i l g o
i l g o
i l g o
i l g o
i l g o
i l g o
i l g o
i l g o
i l g o
i l g o
i l g o n x n
i l g o m a n
i l g o s v
i l g o s v
i l g i
i l g i
i l g i
i l g i
i l g i t o
i l g i l a t v n k a
i l d a
i l d a
i l d a
i l d a k a
i l d v n
i l J a n a
i l J a n a y o
i l J a m a c a
i l J i
i l k o
i l k o
i l k i
i l k g o
i l k g o
i l k J i n
c v l m d a
c v m k o
c v m g v n a
c v m g v n a
c v m g e
c v m g o
c v m g o
c v m g o
c v m g o
c v m g o
c v m g o
c v m g o
c v m g o
c v m g o
c v m g o
c v m g o
c v m g o
c v m g o
c v m g u
c v m g i t o
c v m t a k o
c v m d a
c v m d a
c v m d a k o
c v m d a k o
c v m d a k o
c v m d a k o
c v m d a k o
c v m d a k o
c v m d a l a k o
c v m d x n
c v m S x m n i t a
c v m c i t o
c v m J a n a
c v m J i
c v m J i m a n y o
c i l v p a l g o
c i s p a l g e
c i s b a l J i
J a k g e
J a l k o
J a l g e
J a l g e
J a l g e
J a l g e
J a l g e
J a l g e
J a l g e
J a l g e
J a l g e
J a l g e
J a l g e
J a l g e
J a l g e
J a l g e
J a l g e
J a l g e
J a l g e
J a l g e
J a l g e
J a l g e
J a l g e
J a l g e
J a l g e
J a l g e
J a l g e
J a l g e
J a l g e
J a l g e
J a l g e
J a l g e
J a l g e
J a l g e
J a l g e
J a l g e
J a l g e
J a l g e
J a l g e
J a l g e
J a l g e
J a l g e
J a l g e
J a l g e
J a l g e
J a l g e
J a l g e
J a l g e
J a l g e
J a l g e
J a l g e
J a l g e
J a l g e
J a l g e
J a l g e
J a l g e
J a l g e
J a l g e
J a l g e
J a l g e
J a l g e
J a l g e
J a l g e
J a l g e
J a l g e
J a l g e
J a l g e n a m a
J a l g e n a m a
J a l g e n a m a
J a l g e n x n
J a l g e n x n
J a l g e t o
J a l g e l a t o
J a l g o
J a l g o
J a l g o
J a l g o
J a l g o
J a l g o
J a l g o
J a l g o
J a l g o
J a l g o
J a l g o
J a l g i
J a l g i t o
J a l g i n
J a l d a
J a l d a
J a l d a k v n a
J a l d a k o
J a l d a k o
J a l d a k o
J a l d a k o
J a l d a n x n
J a l d a m y v n
J a l d x n
J a l J a n a
J a l J a n a y o
J a l J i
J a l J i m a n
J a l J i m a n x n
J a l J i m a n
J a l J i m a n
J a l p k e
J a l p g e
J a l p g e
J a l p g e
J a l p g e
J a l p g e
J a l p g e
J a l p g e
J a l p g e
J a l p g e
J a l p g e
J a l p g e
J a l p g e
J a l p g e
J a l p g e
J a l p g e
J a l p g e
J a l p g e
J a l p g e n x n
J a l p g e n x n
J a l p g e n x n
J a l p g o
J a l p g o
J a l p g o
J a l p d a m y v n
J a l p J a n a
J a l p J i n
J a p g e
J a p g e
J a p g e
J a p g e
J a p g e n a m a
J a p g o
J a p g o
J a p g i t o
J a p J i t o
P o k n v l g e
P o k n v l g e
P o k n v l g e
P o k n v l g e
P o k n v l g e
P o k n v l g e
P o k n v l p g e
h a l g e
h a l g o
h a l g o
h e m a l d v n
h e m a l k d a k o
h u l k o
t a m g o
p a l k g o
J a l p d a
J a l d v l a n x n
k v t a l g i s i k x l o
k v t a l g i s i k x l o
J a l p g e
k v t t a l g i l o
t a m g o
J a l d v l a k o y o
k v t t a l k i s i k x l o
k u l m g o
k v t a l k i s i k x l o
k v t a l g i s i k x l o
i l g o
p a l k g o
y a l g e
k x l c a n a
k x l k J a n a
m a k d v l a k o y o
n v l k g o
p a k g o
n v l p d a n
k u l m g o
p a l p g o
n v l k g i t o
p a l k g o
p a l d v l a
n v l p g o
k u l k g o
k u l k g o
k u l k J i k k u l k J i k k a k e
k u m g o
k u m g u
k u m g u
k u m g o
k u m g u n x n
k u m d x n c i
k u m J i
J a l p g e
J a l k g e
i l k d a
i k d a
i l g o
J a l g o
i l g o
c v l m d a n x n
y a l g e
p a l J i
i l J i
i l g o
i l g o
n v l g o
i l g o
p a l g o
J a l k g e
k v t t a l g i s i k x l o
t a m g o
p a l k g e
p u l k g e
i l k J i
n v l p J i
p a l k g e
y a l k g e
J a l d a
J a l k g e
J a l g e t o
J a l g e
i l g e
i l J i
p a l k g e
t a m g o
i l k g o
i l g o
J a l g e
n v l p g i n
J a l k g e
i l g o
J a l d a k a
J a l p g e
J a l p g e
J a l g e
i l g o
n v l d a
J a l p g e
m a l S x m n i g a
n x k g u
t a m g o
c v l m g o
J a l p g e
p a l g o
h u l g i t o
i l g v n a
J a l g e
i l g o
J a l k g e
t a m J i
t a l m g o
J a l g e
P o N n v k g e
P o N n v l p g e
J a l p g e
P o N n v l g e
i l k g i n
y a l g e
t a m g o
p a l g o
J a l g e
c v l m g o
J a l p g e
p a l g i t o
i l k g o
J a l g e
c v m J a n a y o
t a m g i n
p a l g o
t a N g o
J a l g e
c v m g i
t a m g u
J a l g e
J a l g e
J a l p g e
i l g o
J a l p g e l a t o
n v p J i n
c v l p g e
n v m g o
J a l p g e
J a l k g e g a c i n x n
J a l p g o
n v l p g e
k u m g o
y a l g e
J a l g o
J a l k g o
n v l g u
t a l m d a
J a l g e
J a l g e
J a l g i
n v l d a n x n
i l g u s v n x n
t a m g o
n v l p g o
t a m g o
J a l d a
t a N g o
J a l p d a
i l g o
i l g i
i l k g o
i k g o
k x l k g o
k x l k d a k a
n v l p g o
p a l g o
J a l p J i m a n
J a l g e
J a l p g e
J a l g o
J a l p d a
p a l k g o
i l g o
i l k k o
J a l g e n x n
J a l p J i t o
p a l p g e
J a l p g o
i k g i
J a l g e
p a l g o
t a m d v l a k o
m a l k g o
n v l g v t x n
t a l m g o
c v l m g v n
n v l k g u
t a l m g o
c v m d a m y v n
c v m g i t o
m a l g e
n v l g e
n x l k g i
m a l g o
n x l k g u
J a l g e l a t o
p a l g o
k u m g o
J a l g e
t a l m g o
i l g o
n v p g e
n v l d a
m a l g o
y a l p g e
J a l g e
J a l k g e
J a l g e
J a l g e
J a l g e
n v l g e
n v l g e
n v l g e
n v l g e
n v l g o
n v l p g u
n v l g o
n v l g u
n v l g o
n v l g i
n v p J i
n v l p J i
m u l g e
J a l g e t o
k u k J a n a
J a l g e
p a l g o
p a l g e
i l g i
n x l g o
J a l p g e k v t x n n y v
n x l g o
n x l g o
n x l k g i
n x l J a n a y o
n v l p g i t o
J a l g e l a n x n
c v m g o
J a l p g e
J a l p g e
t a l m g o
n v l g e
p a l g o
s a m g o
t a m g o
t a m g o
t a l m g o
t a m g o
t a m g o
t a m g o
t a m g o
t a m g o
t a m g o
t a m g o
t a l m g o
t a m g u
t a m g o
t a m g o
t a l m g i
t a m J i
t a l m g o
i l g o
i l g u
n v l g e
n v l p g e n x n
n x l g i
n x l g i
n x l g i
c v m d a
p a l g e
y a l g e
J a l g u
P o N n v l g e
J a l g e
i l g o
n v l p g u
n v l g i t o
m a l g o
p a l g o
J a l d a
n v l p d v l a k o
i l g o
J a l J a n a y o
n v l g i
p a t J i
i l g o
n v l p J i t o
p a l g e
J a l p g o
n v l p g o
p a l p g e t d e
d v l g o
n x l g o
y a p J a n a
n v l p g e
t a N g o
t a m g o
n v l g e
n v l p g e
k u m g e
p a l g o
c v m g o
J a l g e l a t o
P o N n v l p J i n x n
n v l g o
p a l g o
J a l p g e
J a l g e
t a l m g o
t a m J i n x n
t a l m J i n
i l g u
i l k g o
J a l g e
i l g u
t a m g o
m a l g o
m a l g o
m a l g o
m a l g o
m a l g o
m a l g u
m a l g o
m a l g o
m a l g o
m a l g o
m a l g o
m a l g o
i l g o
t a l m g o
i l k g o
J a l p g e
J a l k g o
s a l m g o
s a m g o
S a l m J i
s a l m g o
i l k g i
J a l g e
n v l p g e
n x l k g o
p a l g o
c v m g i t o
c v m g i t u
p a l g o
n x l g i t o
m u l k J i
m u l k J i
J a l g o
k u m g v n a
k u l g e
J a l g o
p a l g o
J a l g e
m a l k d a l a k o
p a l g v n a
p a l k g o
J a l k g o
J a l k g e
J a l g e
J a l k g e n x n
J a l g e n x n
J a l g e l a t o
i l g v n a
n v l g o
m a l g o
J a l p g e
p a l k g o
p a l g i
y a l p g e
y a l p d a
J a l g e
n v l g e
p a l g e
p a l k g e
p a l g e
p a l g e
p a l g e
p a l g e
p a l g e
p a l g e
p a l g o
p a l g o
p a l k g o
p a l k g o
p a l g o
p a l k g o
p a l k g o
p a l g o
p a l k g o
J a l p g e
p a l g o
p a l g o
p a l g o
p a l g o
p a l k g o
p a l k g o
p a l g i
p a l g i
p a l d a
n v l p g o
p a l k d a
p a l k g o
p a t J i t o
p a l g e
i l g o
p a l g o
p a l g o s v
p a l g i
p a l p g i t o
k u m g o
k u m J i
k u m g o
p a l p g o
k x l k o
n v l J i m a n x n
p a l p g o
J a l J i m a n
i l k g o m a n
J a l p g i
i l d a
J a l g e
J a l g e
J a l g o
t a m g o
p a l k g e
y a l p g e
n x l g o
k u l g o
p a l g o
J a l p J a n a y o
c v m g o
n v l g o
S a m g u s v
n v l p S x m n i t a
t a m g o
J a l g e n x n
n v l k g o
n v l p g o
p a l p g o
t a l g i n
p a l g o
i l k g o
n v l g e
J a l d a k o
k u m n x n
k u m n x n
k u m n x n
k u m n x n
k u m n x n
k u m n x n t a k o
k u m n x n t a n x n
k x k n x n
k x k n x n
n x k n x n
n x l n x n
t a m n x n
t a m n x n t a
t a m n x n t a k o
t a m n x n t a n x n
p a l n x n
p a p n x n
p a p n x n
p a p n x n
p a p n x n
S a m n x n
S a m n x n t a t x n k a
i k n a p w a y o
i k n x n
i k n x n
i k n x n
i k n x n
i k n x n
i k n x n
i k n x n
i k n x n
i k n x n k u n a
i k n x n t a n x n
i k n x n t a t x n k a
i k n x n t e
i k n x n t e t o
i l n x n
i l n x n
i l n x n
i l n x n
i l n x n
i l n x n
i l n x n
i l n x n
i l n x n t a k v n a
i l n x n t a t v n k a
i l n x n t a t x n k a
i l k n x n
i l k n x n t e
i N n x n
i N n x n
i N n x n
i N n x n t a t v n k a
c i s p a l p n x n t a k o
c i s b a l p n x n
h a l l x n
h a l l x n
k u l n x n
i l l x n
S a m n x n t a t x N k a
k u m n x n
n x N n x n
i N n x n
n x N n x n
i l k n x n t a t x n c i
i N n x n
i N n x n t a t v N k a
k x N n x n
p a l p n x n
n x N n x n
i l n x n
k x N n x n
p a m n x n t a n x n
i N n x n t e
i N n x n
i l n x n t a k o
t a l m x n t a k o
p a l p n x n
i l k n x n
t a m n x n
p a l p n x n
p a l m n x n
n x N n x n t a c a n a
i N n x n t e
t a m n x n t a m y v n s v
J a p n y a k o
p a l p n x n
S a m n x n
t a m n x n
n x N n x n t a n x n
n x N n x n t a
n x N n x n t a n i
i N n x n
k x N n x n t a k v n a
p a l l x n
b o k g e t d a
v p g e S v y v
v p k i
v p t a
v p d a
v t d a
v p t a
v p J y v
v p C i
v p g o
v p g u n a
v p d a
v p d a
v p d e
v p d e
v p J a n a
v p J i
v p J i
J i C i
g o C a
J i t J i
g o t J a
g o t J i
m a t J i m a n
k a k k u
a g o
g a k g o
C a t g e S v
C a t g o
k a t g o
k a k g o
J i k g i
n x k g e
m a k g e t J i
k a k g u
k a g u
k a g o
a t d a
m a t t a
C a t d a k a
k a t d a
n a t d a
m a t d a
m a t d e
d a k J a
d a k J i
d a k g o
t a k g o
J i k J a
m v k J a
m v k J i
m v k J i
m v k J i
m v k J i
d o k g a t d a
c u k k e S v
m v k g o
c u k g e n n x n t e
c u k g e S v
d o k g a t d e
d o k g a t J a n a
m v k g e t d a
m v k g e t S x m n i t a
m v k g o
m v k g o
m v k g u
m v k g i
m v k g i
J i k g u
m v k g u
c a k g u
m v g u
m v g u
m v g o
m v k t x l a k o
J a k d a
m v k d a k a
m v k d o l o k
c a k d a
c a k d v l a k o
J o p J a n a
C u p c i
C a k a p J i
C u p J a n a
n u p J i
k a p y v p J i
t v p J i
m u s v p J i
m i g x l v p J i
s w i p J i
s i p J i
s i p J i
v l y v p J i
i p J a
c a p J a
c i k g u
b o k g e S v
b o k g i
i k g o
l i p g o
t i p g o
i k g u
l i k g o
n i p g o
c a k g o
k a p y v p g o
c o l l i p g i
C u p g e t d a
k w i y v p g u n a
t v p g u n a
m i g x l v p g i n
p u t x l v p g o
b o p g i
s i p g o
s i p g u
s i p g u
v l y v p g e
i p g o
c a p g o
c a p g o
c a p g u
c a p g i k a
c i p g u
i p g u
c a p g u
p a n k a S x m n i t a
p a n k a p S x m m i t a
k a p s i t a
k a p S i t a
p a n k a p S x m n i t a
s i p S o
k o m a S x m n i t a
k o m a S x m m i t a
v p g v t x n n y v
k i y v p d a
k i y v p d a
t v p t a
p a N k a p d a k o
s w i p t a
s i p t a
c o l l i p d a
C a k a p d a
C u p d v l a
k w i y v p d a
k w i y v p d a
n o p d a k o
t v l v p d a
t v l v p d a n
m u k v p d a
m u k v p d a
m i g x l v p d a
p u t x l v p d a
p u t x l v p J i
s i p d a
s i p d a
s i p d e
s i p d v l a k o
a s w i p d v l a k o y o
v l y v p d a
v c i l v p d v l a k o
p v t c a
i t J a n v
t i t J y v
s i t J i
t i t J i
c e m i t J i
n a t J i
p v t J a
p v t J a n a
S i t J a
i t J a
i t J a n a
i t J a n a
i t J y o
i t J i
i t J i
i t J i
p v k g i l l y v k o
u k g i n x N
u k g i N
s i k g e
m a s i g e
m a s i k g e
t i k g e
s i g e
i k g e g u n a
s i k g e t d a
m a s i k g e t d a
s i k g e t S v
i t g u
i k g u n a
i k g o
s i k g u
n i k g i
p v t g y v
u t g i n x n
i t g e
i t g o
c e m i t g e t d a
c e m i t g u n a
i k g o
i k g o
i k g u
i k g u
i k g i
i k g i n
i k g i l l e
p v k g u
u k g u
i k g u
p v g y v
p v g y v
u g u
u g i n
i g u
i g u
i g u
i g o
k i S x m n i t a
i S x m n i t a
s i t d a
J i t d a
s i t d a
i d a
m i t d a
k i t d a
i S d a
i t t a
i t d v
n i t d a
i t d e
i k g u
p i t d a
m i t d a
i t d x l a
i t d x l a
i t d x n t e
c e m i t d a
c e m i t d e
c e m i t d e n t a
i t d a
i t d a
i t d a
i t d e y o
i t d v n i
i t d v n t e
g a t J i
d x t C i n x n
k a t J i
k v t J i
k v t J i
k v t J i
d x t J i n x n
d x t J i t o
p a t J i y o
s i l g o
s i l g u
k a k g v t x n
k a k g o
k a k g u
k a k g u
k a k g i n
k v k g e n n e
t a k g o
t a k g i n e
t a k g i n t a
t x k g o
d x k g o
m u k g o
s i k g u
k a g o
d o k g a t d a
g a t d a
k a t d a
k a t d a
p a k g o
p v k g y v
p v k g y v
p v k g y v
p v k g o
p v k g i m y v n
u k g y v
u k g i k e
u k g i k i t o
u k g i m a n
u k g i n
u k g i n
i k g v n a
i k g v t x n
i k g e
i k g e n n e
i k g e n n x n t e
i k g e t d a
i k g e S v
i k g e t J i
g a k g i t u
m v k g u
k a k g i t u
i l g u
i l g o
i l k g u
i l k g i
i N n x n
J a l k g e
J a l p g e
J a l p d a
J a l d a
n v l p g i n
p a l p g o
o N k y v
g x l k v
i k v
i l k v t S v y o
J a l p a y o
n v l p x n
i l k v
i l k v
i l k v
i l k x l
i l k x l
i l k x l
c v l m x n
c v l m x l
J a l p a
J a l p a
n x l k v n n e y o
t a l m a n n e
t a l m a t d a k o
t a l m x n
k x l k v t d a
p a l p x m y v n
k x l k x s e y o
n v l p v
n v l p v
n v l p x n
i l k v k g o
k a l k a
k a l k n a
k a l d a
k v p d a
k v m n a
k v p v
k y v l m n a
k y v l p d a
k y v l p v
k u l k v
k u N n a
k u l d a
k x l k d a
k x N n a
k x l k v
k x l p d a
k x l m n a
k x l p v
n a N n a
n a l k a
n a l k d a
n a l p d a
n a l m n a
n a l p a
n e t v
n e t d a
n e n n a
n v l d a
n v l p n a
n v l p v
n u k v
n u k d a
n u N n a
n x N n a
n x k d a
n x l k v
t v l p d a
t v l m n a
t v l p v
t o k d a
t o k a
t o N n a
t u p v
t u p d a
t u m n a
t x k d a
t x N n a
t x l k v
d v l p n a
d v l p d a
d v l p v
m a k a
m a k d a
m a N n a
m a l n a
m a l k a
m a l d a
m v N n a
m v l d a
m v l k v
m u k d a
m u k v
m u N n a
m u l d a
m u N n a
m u l k v
p a N n a
p a k d a
p a k a
p a l k a
p a N n a
p a l d a
p a l p d a
p a l m n a
p a l p a
p e n n a
p e t v
p e t d a
p v p v
p v m n a
p v p d a
p u k n a
p u l k v
p u l d a
p u l d a
p u l n a
p u l t v
b o p a
b o m n a
b o p d a
s o k d a
s o k a
s o N n a
s u l k v
s u N n a
s u l k d a
s i k d a
s i k v
s i N n a
S v k d a
S v N n a
S v k v
S i p v
S i m n a
S i p d a
a l k a
a l k d a
a l k n a
y a l m n a
y a l p a
y a l p d a
y a t a
y a n n a
y a t d a
v N n a
v l k d a
v l k v
v m n a
v p v
v p d a
v m n a
v p d a
v p v
j v l p d a
j v l p n a
j v l p v
j v n n a
j v t d a
j v t v
u p d a
u m n a
u p v
x l p d a
x p n a
x l p v
i N n a
i k d a
i k v
i k d a
i N n a
i l k v
i p d a
i p v
i m n a
c a N n a
c a k d a
c a k a
c v k v
c v k d a
c v N n a
c v m n a
c v p d a
c v p v
c i N n a
c i k d a
c i k v
c i l k v
c i N n a
c i l d a
c i p v
c i m n a
c i p d a
J a l d a
J a l p a
J a l m n a
J i k d a
J i k v
J i N n a
C a k d a
C a N n a
C a k a
T o m n a
T o p a
T o p d a
h a l d a
h a l n a
h a l t a
h u l n a
h u l t v
h u l d a
k a l k a
k a N n a
k a k d a
k v p v
k v p d a
k v m n a
k y v l p v
k y v p d a
k y v m n a
k u N n a
k u l k v
k u k d a
k x k d a
k x N n a
k x l k v
k x m n a
k x p d a
k x l p v
n a N n a
n a k d a
n a l k a
n a m n a
n a l p a
n a l d a
n e t d a
n e t v
n e n n a
n v l p v
n v l l a
n v l d a
n u k d a
n u k v
n u N n a
n x k d a
n x N n a
n x l k v
t v p d a
t v l p v
t v m n a
t o k d a
t o N n a
t o k a
t u p v
t u m n a
t u p d a
t x l k v
t x k d a
t x N n a
d v l d a
d v l l a
d v l p v
m a N n a
m a k d a
m a k a
m a l k a
m a N n a
m a k d a
m v N n a
m v k d a
m v l k v
m u N n a
m u k d a
m u k v
m u k d a
m u N n a
m u l k v
p a k a
p a k d a
p a N n a
p a l k a
p a N n a
p a k d a
p a p d a
p a l p a
p a m n a
p e t d a
p e n n a
p e t v
p v p d a
p v m n a
p v p v
p u k d a
p u l k v
p u N n a
p u l l a
p u l t d a
p u l t v
b o m n a
b o p a
b o p d a
s o k d a
s o N n a
s o k a
s u l k v
s u N n a
s u k d a
s i N n a
s i k d a
s i k v
S v k d a
S v k v
S v N n a
S i p d a
S i p v
S i m n a
a N n a
a k d a
a l k a
y a m n a
y a l p a
y a l d a
y a t d a
y a t a
y a n n a
v k d a
v N n a
v l k v
v p v
v m n a
v p d a
v p d a
v p v
v m n a
j v l p v
j v p d a
j v m n a
j v t d a
j v t v
j v n n a
u p n a
u p v
u p d a
x m n a
x l p v
x p d a
i N n a
i k d a
i k v
i k d a
i l k v
i N n a
i p v
i p d a
i m n a
c a k a
c a k d a
c a k n a
c v k v
c v N n a
c v k d a
c v p v
c v m n a
c v p d a
c i k v
c i N n a
c i k d a
c i N n a
c i k d a
c i l k v
c i p v
c i m n a
c i p d a
J a l d a
J a l p a
J a m n a
J i k v
J i N n a
J i k d a
C a N n a
C a k a
C a k d a
T o p a
T o p d a
T o m n a
h a l l a
h a l d a
h a l t a
h u l d a
h u l n a
h u l t v
k a l k a
k a l k n a
k a l k d a
k v p v
k v m n a
k v p d a
k y v l p d a
k y v l n a
k y v l p v
k u N n a
k u l k v
k u l k d a
k x l k d a
k x l k v
k x N n a
k x l n a
k x l p d a
k x l p v
n a l k a
n a l k t a
n a l k n a
n a l p a
n a l m n a
n a l p d a
n e t v
n e n n a
n e t d a
n v l p n a
n v l p v
n v l p d a
n u N n a
n u k d a
n u k v
n x l k d a
n x l k n a
n x l k v
t v l p n a
t v l d a
t v l p v
t o N n a
t o k d a
t o k a
t u p d a
t u p n a
t u p v
t x l k n a
t x l k v
t x l k d a
d v l p n a
d v l p v
d v l p d a
m a k a
m a N n a
m a k d a
m a l n a
m a l k a
m a l d a
m v l k v
m v l d a
m v l k n a
m u N n a
m u k v
m u k d a
m u l k d a
m u l n a
m u l k v
p a k a
p a k d a
p a N n a
p a l k a
p a l d a
p a l n a
p a l p n a
p a l p d a
p a l p a
p e t v
p e t d a
p e n n a
p v p v
p v p n a
p v p d a
p u l k d a
p u l n a
p u l k v
p u l t v
p u l t n a
p u l d a
b o p d a
b o p a
b o p n a
s o N n a
s o k a
s o k d a
s u l k v
s u l d a
s u N n a
s i N n a
s i k d a
s i k v
S v N n a
S v k d a
S v k v
S i m n a
S i p v
S i p d a
a l k d a
a l k n a
a l k a
y a l m n a
y a l p a
y a l d a
y a t d a
y a n n a
y a t a
v l k d a
v l k n a
v l k v
v p d a
v p n a
v p v
v p n a
v p d a
v p v
j v l d a
j v l p v
j v l m n a
j v t d a
j v t n a
j v t v
u p v
u p n a
u p d a
x l p n a
x l p v
x l d a
i N n a
i k v
i k d a
i l k d a
i k n a
i l k v
i m n a
i p v
i p t a
c a k a
c a N n a
c a k d a
c v k v
c v k n a
c v k d a
c v p v
c v p n a
c v p d a
c i N n a
c i k d a
c i k v
c i l k d a
c i l k n a
c i k v
c i m n a
c i p d a
J a l p a
J a l n a
J a l p d a
J i k d a
J i k v
J i N n a
C a k a
C a k d a
C a k n a
T o p d a
T o p a
T o m n a
h a l t n a
h a l d a
h a l t a
h u l t v
h u l t n a
h u l d a
k a N n a
k a l k a
k a l d a
k v p v
k v m n a
k v p d a
k y v l p d a
k y v l p n a
k y v l p v
k u l d a
k u k n a
k u l k v
k x l k v
k x k n a
k x l d a
k x l p v
k x l p d a
k x l p n a
n a l d a
n a l k a
n a l k n a
n a l d a
n a l p a
n a l p n a
n e n n a
n e t d a
n e t v
n v l n a
n v l d a
n v l p v
n u N n a
n u k v
n u k d a
n x l k d a
n x k n a
n x l k v
t v l p n a
t v l p d a
t v l p v
t o k a
t o N n a
t o k d a
t u m n a
t u p v
t u p d a
t x l k n a
t x l d a
t x l k v
d v l p v
d v l p n a
d v l d a
m a N n a
m a k a
m a k d a
m a l d a
m a l k a
m a k n a
m v l k v
m v k n a
m v l d a
m u k d a
m u k v
m u N n a
m u N n a
m u k d a
m u l k v
p a k d a
p a k a
p a N n a
p a l k a
p a l k n a
p a l d a
p a l m n a
p a l d a
p a l p a
p e t v
p e n n a
p e t d a
p v p d a
p v m n a
p v p v
p u l k d a
p u l k v
p u l k n a
p u l t v
p u l d a
p u l n a
b o p d a
b o m n a
b o p a
s o N n a
s o k d a
s o k a
s u l d a
s u l k v
s u l n a
s i N n a
s i k d a
s i k v
S v N n a
S v k d a
S v k v
S i m n a
S i p v
S i p d a
a k n a
a l k d a
a l k a
y a l n a
y a l d a
y a l p a
y a t a
y a t n a
y a t d a
v l k n a
v l k t a
v l k v
v p v
v p d a
v m n a
v m n a
v p v
v p d a
j v l n a
j v l p v
j v l d a
j v t v
j v n n a
j v t d a
u p d a
u m n a
u p v
x l p v
x m n a
x p d a
i k v
i k d a
i N n a
i l k v
i k d a
i N n a
i m n a
i p d a
i p v
c a k a
c a k d a
c a N n a
c v N n a
c v k d a
c v k v
c v p v
c v m n a
c v p d a
c i k d a
c i N n a
c i k v
c i N n a
c i l k v
c i l k d a
c i p v
c i p d a
c i m n a
J a l m n a
J a l p a
J a l d a
J i N n a
J i k d a
J i k v
C a N n a
C a k d a
C a k a
T o p d a
T o m n a
T o p a
h a l t a
h a l d a
h a l n a
h u l d a
h u l t n a
h u l t v
