n x l k v k a n t a n x n
p a l p a S t v n
n x l d o l o k
J a l g o
c i s b a l J i
c v l m x n i t x l e k e t o
J a l g e
n x k n x n
i l k g o
J a l J i m a n
t a m d v l a k o
i l d a
n v p g o
t a l m a S t a k o
i l k v s v
t a m g o
S a m n x n
k u m n x n
p a l k g e
J a l g o
t a l m a k a k o
p a l p n x n
i l k g o
i l k x l a
p a l g e
t a m g o
t a m g o
n v l p v S c i
t a l m x n
J a l g i
s a l m x
c v l m x s i n t e
J a p g o
k x l k J a n a
n v l p v S x m y v n
P o k n v l g e
m a l k a S v S k v t x n y o
J a l g e
i l k v p w a S n x n t e
J a l g e
J a l g o
i l k x l
m a l g e
p a l g i k a
k u m n x n
p a l k g o
p a l k x m i l a k o
J a l p a k a c i k o
o l k a m e s i n x n
J a l g e
i l k x m y v n s v t o
i l k x s y v S k e S v y o
y a l d x n
p a l k x n t e
i l k v c u m y v n
n v l p v c i l s u l o k
c v l m x n i t x l
p a k g o
y a l g e
J a l g e
t a m g i n
p u l k x n
p a l p a p o k o
y a l d a p o n i g a
c v m t a k o
t a m g o
i l g o n x n
J a l g e
p a l g o
k x l k v S t v n
c v m g o
n v l g e
t a m J i
k x l g o
n v l p v c i n x n k u n a
s a l m v
m a l g o
p a l g o
i l k v p o s i n t a k o
J a l p a
i l k v S v y o
J a l d v l a n x n
J a l g o
h e m a l k x m
n x l k x m y v n x n
i l g o
J a l p g e
i l k g o
s a l m a m v k k o
t a l g o
J a l J i m a n
n x l k v S x n i g a
c v m g o
J a l p g e
p a l J i
t a m g o
p a l g o
y a l g e
o l k a m e y a
c v l m v c i k o
p a l g e
t a l m a S t a k o t o
i l k g o m a n
s a l m x s y v S t a m y v n x n
n x l J a n a y o
m a l g o
t a l g i n
s a l m a k a c k o
i l k v l a
c v l m v y o
J a l p g e
i l g o
n x l k v k a c a n h a y o
P o N n v l g e
i l d a
n x l k v k a n x n
k u l k J i k k u l k J i k K a k e
m a l k a c y v y o
n x l k v S t a k o
t a l m x s y v S n a y o
i l J i
i l g o
J a l g e l a t o
t a l m g o
n v l p v s v
h a l g e
m a l g o
k u l k v S v y o
n v l p x m i
t a N g o
h u l T v p o t v n i
s a l m x n
n x l k g o
c v l m x n i t x l h a n T e
k x k n x n
k u m g o
n x N n x n t a c a n a
J a l p k e
k u m t v n k a
h u l T v p w a y a
J a l p g e
t a l m g o
p a l k a
s a l m a
p a p n x n
n v l p v S k o
n x l k v s v t o
i N n x n
t a m g o
c v m c i t o
k u l k x n
n v p J v k h a k o
m a l g o
n v l g o
t a l m d a
i N n x n t e
c v m g e
J a l d a m y v n
k x l k v c w v S c y o
i l g o
c v l m v k a c i k o
p a l p a
J a l p a c y v S x m y v n
y a l p a S k o
n v l d a k o
J a l p J a n a y o
i l k v p o c i n
m a l g o
n v l p S x m n i t a
i k d a
J a l g e
c v l m v s v
k u l m g o
m a l g o
y a l p x n k a
n x l k g u
n v l g i
n v l g e
p a l g i
J a l g e
p a l J i t o
s a m g o
n v l g o
J a l p a S t v n
J a l g e
J a l g e
i l g o
n x l g i t o
i k n x n
J a l p g e
J a l p g o
J a l g o
i l k v p w a S v
m a l g o
n v l p v c i n t a
J a l p g e
J a l p a c y v S k u n a l a n x n
k u l m x m y v n x n
c v l m x n i t x l x l
i l k v S v S k v t x n
s a l m a n o h x n
m a l k a s v
i l g o
h a l T a c u k v n a
p a l k a c i n
t a m d v l a k o y o
J a l g e
k v T a l k i s i k x l o
i l k v p o m y v n x n
t a l m a S c i m a n x n
y a l p g v n a
k u m n x n t a k o
p a l l x n
p a l g o
c v l m g o
p a l k g o
m a l g o
i l g o
m a l k a S t v n
J a l p a y o
k u l m v S v y o
J a l g e
m a l g o
p a l p x m y v n x n
J a l p a c i n
i l g o
p a l k g e
t a l m a S t a l a k o
p a l g o
t a m g o
s a l m a t o
t a m g i n
y a l p a y o
k u l k v S k o
i l k v p w a S n x n t e y o
c v m d a k o
J a l d x n
p a l k g e
p a l g o
J a l p g e
p a l p a n a k a y a
p a l p a S x l
J a l d a k o
m a k g e
J a l g e t o
J a l p x l
n v l g e
J a l g e
P o k n v l g e
J a l p g e
i l k n x n t a t x n c i
p a l g o
n v l g e
n v l k o
m u l k J i
i l k v p w a S x l
i l k v p w a S t a n
J a l g e
y a l g e
i l g o
i l g o
n a l k a
i l n x n
p a l g e
J a l d a
t a m g u
o l m a k a l
J a l g e
i l g o
m a l k a S t a k a
J a l p g e
J a l g e
J a l g e
s a l m x l o S v
i l g o
c v l m x s i n
t a l m a S k v t x n y o
n v l p v c i m y v n s v
p a l g o
i l k v S v S n x n t e y o
p a l k g o
n v l g e
n v l d a
k u m g o
t a l m g o
n v l p v c i l
i l k n x n
y a l g e
m a l g o
h a l T a c u k o
p a l d v l a
n v l p v S v s v
t a m g o
p a l g i
i l g o
k u m g u
n x l g o
J a l g e
t a m g o
p a l k a c i s i n
J a l g e
J a l g e
n v l g e
i l k v p o l v
p a l p a S t a k o
k a l k a
k u m g o
J a l g e
n x l g i
c i l m v c i l y v k o
i l g o s v
n v l p x n
i l J a n a
k u m n x n
m u l g e
h u l T v p o t a k a
J a l g o
m a l k x m y v n
n v l p g o
p a l k a c y v S t v l a
t a l m a k a c i m a n x n
t a m g o
i l g o
S a m n x n t a t x n k a
p a l k d a
y a l p g e
h u l K o
k u l k v c i k o
n v l p v S v
n v l p v c i n t a n x n
J a l g e l a n x n
c v l m v S x n i g a
t a m g o
i l g o
i l k v p o k i e
J a l k g o
J a l p a c y v
p a l k g e
k u l m v S x m y v n
c v l m x n t e
P o N n v l g e
P o k n v l p x n
t a l m a S n x n t e y o
p a l k a c i m y v n s v
P o N n v l p J i n x n
k u l n x n
c v m g o
i l g o
c v l m x n i t a
m a l k a
i l g o
t a N g o
i l g o
J a l p a t o
c v m g u
i l g i
J a l p a s v
n x l k v S c i m a n
n v l p g o
i l k g i
J a l g e
i l g o
i l k v S k v t x n y o
k x l k g o
J a l d a k o
p a l g o
S a l m J i
i l n x n
i l g o m a n
h a l l x n
n x l k v k a m y v n s v
t a m g o
J a l d a k o
S a m n x n
n v l g o
J a l p g e
y a l g e
n v l g i t o
c v l m x n i k a
y a l p a
t a m C i
J a l g e
J a l g e
J a l d a k o
i l n x n
i l g o
n v l g o
c v l m x s y v S x l
y a l p g e
c i l m v c i l g a
c v m J a n a y o
p a l g o
J a l p x
i l k v S k v t x n
p a l p g o
n v l p s x m n i t a
i l g o
p a l g i
c v l m x n C x N x l o
i l k v p o s y v S x l g a y o
n x l k v S t a l a n x n
y a l p g e
p a l k a y o
t a l m g o
i l g i
i l k v S t v n
y a l k g e
t a l m a k a c i k o
t a l m v
k u l m v
J a l g o
J a l p J i n
m a l g o
y a l g e
n x l g i
J a l d a n x n
i l k x s i n x n
t a l m a S
c v m g i t o
n x l k v k a n x n k u n a
n x l k x l
p a t J i
p a l p x l y v k o
p a m n x n t a n x n
i l g o
i l g o
h u l T v p o m y v n s v
n a l k x n
i l l x n
J a l p a S n x n t e
t a l m a S s x p n i t a
J a l g e
i l g o
c v l m x n i n i g a
J a l g o
m u l k J i
p a l g o
J a l g e
t a l m x s i n
i l k g o
n x l k x m y v n
n v l k g u
n a l k a s v
n x l k J a
t a m g o
p a l g o
t a l m a i S t a k o
n v l p g o
i l K o
J a l g e
i l k v c u n x n t e
J a l k g e
k u m d x n c i
k u l k g o
t a l m a S n x n c i
t a l m a S t v l a
k u m g o
t a l m g o
J a l p d a
i l g o
p a l p g i t o
o l m a w a s v
i l g o
n x l k v S c y o
J a l d a k a
i l g o
J a l g e
J a l J a n a
i l K o
p a l k g e
J a l p a c y v k a c i k o
k u l g o
J a l J a n a y o
p a l p x m y v n
k u m g u
t a m g o
J a l p a c i n x n
t a m J i
p a l g e
n v l p g o
i l g o s v
p a l g o
J a l p a c y v S t a
p a l g o
n v l g u
P o N n v k g e
p a l g o
J a l g e
m a l g o
J a l g e
J a l p g e
c v l m x n i t x l h a n T e t o
i l g i
J a l g e
i l k n x n
J a l g o
t a l m a S k e S c y o
c v m g o
J a l p x n
n v l p v c i k e S t a
J a l g o
p a l p a S n x n t e
t a m g o
n v p g e
i l k v n e k o
t a l m a k a c i
J a l g e
J a l p J i t o
J a l g e
p a l g e
m a l g o
c v m g i
c v l m v c i n i g a
i k n x n t e t o
p a k d a k o
i l k v y o
k x l k v m v k t v n i m a n
p a l g o
t a m g o
m a l g o
c v m g o
J a l g e
p a l k a c y v S t a t x n k a
t a m g o
s a l m a s v
s a l m a k a t x n k a
i l n x n
p a l g e
J a p g e
n v l p g e
c v m g o
y a l p x n
J a l d v l a k o y o
t a l m a S n y a
i l g o
i k g o
p a l p g o
i l g o
n v l p v c y v S t a
n v l p v S n x n t e
c v m g o
t a l m a k a l y v k o
m a l g u
J a l k g e
k a l k a m v k x n
J a l p g i
i N n x n
c v l m x s i n i g a
t a l m a S n x n t e
y a l p a c i n i g a n
t a l m J i n
n v l p v c y v S t a k o
i k d a
i l k v p o k o
i k J a n a y o
n v l d a
t a l m g o
t a l m g o
i l k v p o m y v n s v
n x l k g i
p a l d a k o
k v t T a l g i l o
n v l d a n x n
n v l p g i t o
J a l J a n a y o
n v l p g e
k u m g u n x n
i l k v c y v s v
i l k x n i g a
i l k v c u m y v n s v
k v T a l g i s i k x l o
c v l m x n C x N x y
t a l m a k a l
p a l g e
i l g o
i l g o
i l g v n a
s a l m a k a c i k o
J a l p a c y v S n x n t e
J a l p g e
c v l m x n i g a
c v m g o
n v l g e
p a l g o
n v l d a k o
J a l g e
c v m g v n a
k x l K i l
c v l m x n i g a n
P o k n v l g e
c v m g o
p a l g e
p a l g e
y a l g e
n v l J i m a n x n
p a l g o
i l J i
n v l p g o
p a l g o
t a m n x n t a n x n
c v l m v s v t o
o l m a
p a l g o
J a l g e l a t o
t a l m a S k o
c v l m v c i n
c i l m v c i k e S t a
J a l p g e
J a l k g e
J a l p a c y v S t a n x n
p a l g o
i l g o
p a l g o
J a l g e
p a l g o
J a l g o
n v l p g i n
n v l g e
k u m J i
t a m J i
n x l k v S x l
p a l k a c i l y v k o
m a l k a c i n t a k o
J a l g e
c v l m x n i l a n x n
J a l g o
i l k J i
t a l m x k i n
p a l g o
c v m g i t o
n v l g e
i l k v p o n i g a
i N n x n t a t v N k a
n v l g u
h a l T a s v
n v l d a
c v l m g v n
p a l g e
J a l g e
p a l g o
h a l T a k a m y v n s v
i l g o
J a l k g e
p a l k g o
i k n x n
k u l m v s v
k x l k v
t a m n x n t a m y v n s v
p a l p x l
i l k v S k o
i l k v c w v S k v t x n
y a l g e
n v l p g o
k u l m g o n x n
m a l k x l
k u l m x m y v n
i l g o
n v l p J i
t a l m a S t a
J a l g e
i k n x n t e
t a l m g o
m a l S x m n i g a
i l g e
p a l g o
s a l m x m y v n x n
y a l p d a
n x l k v S t a
J a l J i m a n x n
i l k v c u k i n
c v l m x n i t x l x n
n v l d a
m a l g o
n v l k g o
t a m g o
J a l g e
i l k v p o k o n x n
k x l k o
n v l g o
t a l m a k a k i n
k x l k v S t a n x n
i l k x m y v n s v
i k n x n t a n x n
c v m g o
t a m n x n
c i s p a l p n x n t a k o
m a l g o
J a p n y a k o
J a l p g e
n v l g o
n x l k v k a c i k o
y a l p a c i c i m a n
t a m g o
i l k g o
J a l p d a
n v l p g o
i N n x n t a t v n k a
n x l g i
p a l p x m y v n s v
J a l g e n x n
J a l p a c i k o
J a l p g e
p a l d a
t a m g o
i l k v n e n x n
J a l g e
n v p J i
p a l g o
t a l m a k a n t a l a n x n
c i s p a l g e
J a l g e
k u m g o
n x l k x s y v S n x n t e
t a l m a S x n i g a
p a p n x n
p a l g o
c v m g o
J a l g e
c v l m v
J a l g e l a t o
J a l p g e
p a l k g o
t a l m a k a n t a n x n
c v m J a n a
c i s b a l p n x n
n v l g e
n v l p J i
n v p J i n
s a l m a c u k v n a
p a l k g o
h a l g o
c i l m v c i k o
t a m J i
J a l k o
i l k v S x l
p a l p a t o
i k n x n
i l g o
p a l k a c y v S t x n t e
h u l T v p o k o
J a l p g e
t a N g o
n v l p x n i g a
n v l g e
J a l d a
t a l m x l a
J a l g u
c v m d a
i l n x n t a k v n a
t a l m a S x l g a
J a l g e
p a l g o
c v m d a k o
i l g v n a
i l k x m y v n x n
J a l g e
t a m g i n x n
k x l k d a k a
p a l g i
i l g o
n v l g e
n v l p v y a c i
k o l m a
m u k J i
p a l k g o
n v l g o
J a l p g e
i l g v n a
p a l g o
p a l k a k a c i k o
i l g o
i l n x n
k o l m x l
c v l m d a
y a l g e
n x l k v k a s i k o
J a l g e n x n
m a l k x n
i l g v n a
p a l g o
J a l g e
c v m d a k o
c v l m v S x m y v n
p a l p g o
i l k x s e y o
y a l g e
t a m J i
i l k v S k i
i l g i
J a l g e
c v m g o
c v l m v S x l
n v l p g u
J a l g e
n x l g i
J a l g e
k u l g e
k u m n x n t a n x n
c i l m v c y v y a
J a l g e t o
i l k g o
k u l m v S c i
i l k v S v S n x n t e
k u m g o
c v m g i t u
k x N n x n
p a l g o
S a m g u s v
n v p J a n a y o
i l g o
J a p g o
i l g u
J a l g e
i l n x n
J a l p g o
J a p g e
i l k x s y v s v
n x l k v S n a
J a l p a S t a n x n
k u m g o
k u l g e
p a l g o
i l g o
p u l k g e
J a l d a k v n a
t a l m x l g a
p a l g o
J a l g e n a m a
J a l d a
i l n x n t a t x n k a
i l g o
y a l g e
J a l p a S v y o
t a m g o
n v l p J i t o
y a l p g e
i l k v p o s y v S c y o
i l g u
t a m g o
J a l d a
J a l g e
J a l g e
k u m g o
c v m g v n a
n x N n x n
i l k x n
s a l m g o
n v l J i k a
J a l p a c y v S t a k o
k x N n x n t a k v n a
m a l g o
n v l g o
n x l g o
S a m n x n t a t x N k a
c i s p a l p a S t v n
c v l m v S v S t v n
n v l p v y a
J a l p g e
n x N n x n
t a l m g o
J a l g e
i l g i l a t v n k a
n v l g e
J a l g e
t a m g o
t a m g o
t a m g u
c v l m v S
m a l k a c i n
p a l g e
t a l m a k a t v l a k o y o
m a l g o
p a l g o
y a l g e
k x l k x n
i l g v n a
i l k k o
t a m J i
p a l k a c y v S t a k o
t a l m a S x m
n v l p g o
n v l J i k a
n v l p g e
t a m g o
J a l k g e
n x l k v k a n x n k u n a l a n x n
J a l p g o
s a l m s x m n i t a
n v l p x n t e
J a l g e
k x l k v y o
n v l p v c i k i
J a l p a c i n i g a
s a l m a c i m y v n
t a m g o
n x l k x n
k u l m x m y v n s v
x l P v p o l a k o
J a l g i t o
J a l g e
k u m n x n
t a m g o
h a l T a c u n t a t x n k a
i l g e
n v l k g i t o
J a l p g o
i l g o
t a l m a S t a n
i l g o
p a l g e
J a l p g e
J a l p a S k i
c v l m v s v p u T v
c v l m x s i t a
s a l m a n w a S v
i N n x n
y a p J a n a
i l k v c u s i k i t o
c v m k o
n x l k v k a c k o
p a l p a k a c i k o
p a l k a s v
p a l g o
t a m n x n
t a m g o
J a l p g e
m a l g o
i l g o
p a l k g o
h e m a l k d a k o
c v m d a
t a m g o
n v l g o
i k g i
J a l g e
p a l k a c y v S k o
t a l m x s y v S v y o
i l k v c u s i k v t x n
h e m a l d v n
J a l g o
n x k g u
n x l k v s v
c v m d x n
t a l m a s v
J a l p g o
J a l k g o
t a l m a S t a n x n
t a m n x n
J a l k g e g a c i n x n
i l k v t o
n v l p v k a c i k o
t a l m g o
p a l g v n a
t a m g o
i l k d a
c v l m x n i t x l i
p a l k g o
k u l g e l a k o
c v l m x n i
J a l g e
J a l g e
J a l g e
k x l k x l
p a l m n x n
t a l m a S v y o
k u m g o
J a l p g e
J a l g e
n v l g o
J a p g e n a m a
n x l k v c i
i l k v p o m y v n
k x l k x m y v n
k x l c a n a
p a p J i
J a l p x n i g a
s a l m a s v t o
J a l g e
i l k v p o s i n x n
s a l m x l a k o
n x l k v p v l i m y v n x n
n v l p g e
k u l m x l
c v m g o
k v t T a l k i s i k x l o
i l g i
i l k v p w a t o
J a l g e
n x l g i
p a l n x n
s a l m a y a
i l k v S c a n h a
k x k g o
c v l m x n a
k x l k v t o
J a l k g e
i l g v n a
c v l m x n C x N i n a
J a l g i n
y a l g e
i l k v S v
n x l g o
i l g o
i l k v c u k v n a
n v l g o
y a l p g e
i l n x n t a t v n k a
J a l k g e
t a m g o
k x l k x l y v k o
c v l m x s y v k a c k o
p a l g o
J a l g e
J a l p g e
n v l p v c i n
k u m g o
y a l g e
t a l m g i
i l n x n t a k o
c i l m v c i n x n
i l g o
i l k v S n x n t e
k x N n x n
c v m g o
k u l k g o
t a m g o
i l k v y a c i l a k o
m a l g o
J a l J i m a n
c i l v p a l g o
n x N n x n t a n i
c v m J i
p a l g i t o
n v l g i
n x l k v k a t a
m a l g o
J a l k g e n x n
J a l g e n x n
t a m g o
